CRITICAL - 2024-06-23 00:04:34 --> Error: Call to undefined method App\Controllers\MQTTController::respond()
in APPPATH\Controllers\MQTTController.php on line 89.
 1 SYSTEMPATH\CodeIgniter.php(943): App\Controllers\MQTTController->POSTevtAluno()
 2 SYSTEMPATH\CodeIgniter.php(503): CodeIgniter\CodeIgniter->runController(Object(App\Controllers\MQTTController))
 3 SYSTEMPATH\CodeIgniter.php(361): CodeIgniter\CodeIgniter->handleRequest(null, Object(Config\Cache), false)
 4 FCPATH\index.php(79): CodeIgniter\CodeIgniter->run()
CRITICAL - 2024-06-23 00:04:37 --> Error: Call to undefined method App\Controllers\MQTTController::respond()
in APPPATH\Controllers\MQTTController.php on line 89.
 1 SYSTEMPATH\CodeIgniter.php(943): App\Controllers\MQTTController->POSTevtAluno()
 2 SYSTEMPATH\CodeIgniter.php(503): CodeIgniter\CodeIgniter->runController(Object(App\Controllers\MQTTController))
 3 SYSTEMPATH\CodeIgniter.php(361): CodeIgniter\CodeIgniter->handleRequest(null, Object(Config\Cache), false)
 4 FCPATH\index.php(79): CodeIgniter\CodeIgniter->run()
CRITICAL - 2024-06-23 00:04:38 --> Error: Call to undefined method App\Controllers\MQTTController::respond()
in APPPATH\Controllers\MQTTController.php on line 89.
 1 SYSTEMPATH\CodeIgniter.php(943): App\Controllers\MQTTController->POSTevtAluno()
 2 SYSTEMPATH\CodeIgniter.php(503): CodeIgniter\CodeIgniter->runController(Object(App\Controllers\MQTTController))
 3 SYSTEMPATH\CodeIgniter.php(361): CodeIgniter\CodeIgniter->handleRequest(null, Object(Config\Cache), false)
 4 FCPATH\index.php(79): CodeIgniter\CodeIgniter->run()
CRITICAL - 2024-06-23 00:04:39 --> Error: Call to undefined method App\Controllers\MQTTController::respond()
in APPPATH\Controllers\MQTTController.php on line 89.
 1 SYSTEMPATH\CodeIgniter.php(943): App\Controllers\MQTTController->POSTevtAluno()
 2 SYSTEMPATH\CodeIgniter.php(503): CodeIgniter\CodeIgniter->runController(Object(App\Controllers\MQTTController))
 3 SYSTEMPATH\CodeIgniter.php(361): CodeIgniter\CodeIgniter->handleRequest(null, Object(Config\Cache), false)
 4 FCPATH\index.php(79): CodeIgniter\CodeIgniter->run()
CRITICAL - 2024-06-23 00:04:42 --> Error: Call to undefined method App\Controllers\MQTTController::respond()
in APPPATH\Controllers\MQTTController.php on line 89.
 1 SYSTEMPATH\CodeIgniter.php(943): App\Controllers\MQTTController->POSTevtAluno()
 2 SYSTEMPATH\CodeIgniter.php(503): CodeIgniter\CodeIgniter->runController(Object(App\Controllers\MQTTController))
 3 SYSTEMPATH\CodeIgniter.php(361): CodeIgniter\CodeIgniter->handleRequest(null, Object(Config\Cache), false)
 4 FCPATH\index.php(79): CodeIgniter\CodeIgniter->run()
CRITICAL - 2024-06-23 00:04:43 --> Error: Call to undefined method App\Controllers\MQTTController::respond()
in APPPATH\Controllers\MQTTController.php on line 89.
 1 SYSTEMPATH\CodeIgniter.php(943): App\Controllers\MQTTController->POSTevtAluno()
 2 SYSTEMPATH\CodeIgniter.php(503): CodeIgniter\CodeIgniter->runController(Object(App\Controllers\MQTTController))
 3 SYSTEMPATH\CodeIgniter.php(361): CodeIgniter\CodeIgniter->handleRequest(null, Object(Config\Cache), false)
 4 FCPATH\index.php(79): CodeIgniter\CodeIgniter->run()
CRITICAL - 2024-06-23 00:04:44 --> Error: Call to undefined method App\Controllers\MQTTController::respond()
in APPPATH\Controllers\MQTTController.php on line 89.
 1 SYSTEMPATH\CodeIgniter.php(943): App\Controllers\MQTTController->POSTevtAluno()
 2 SYSTEMPATH\CodeIgniter.php(503): CodeIgniter\CodeIgniter->runController(Object(App\Controllers\MQTTController))
 3 SYSTEMPATH\CodeIgniter.php(361): CodeIgniter\CodeIgniter->handleRequest(null, Object(Config\Cache), false)
 4 FCPATH\index.php(79): CodeIgniter\CodeIgniter->run()
CRITICAL - 2024-06-23 00:04:46 --> Error: Call to undefined method App\Controllers\MQTTController::respond()
in APPPATH\Controllers\MQTTController.php on line 89.
 1 SYSTEMPATH\CodeIgniter.php(943): App\Controllers\MQTTController->POSTevtAluno()
 2 SYSTEMPATH\CodeIgniter.php(503): CodeIgniter\CodeIgniter->runController(Object(App\Controllers\MQTTController))
 3 SYSTEMPATH\CodeIgniter.php(361): CodeIgniter\CodeIgniter->handleRequest(null, Object(Config\Cache), false)
 4 FCPATH\index.php(79): CodeIgniter\CodeIgniter->run()
CRITICAL - 2024-06-23 00:04:48 --> Error: Call to undefined method App\Controllers\MQTTController::respond()
in APPPATH\Controllers\MQTTController.php on line 89.
 1 SYSTEMPATH\CodeIgniter.php(943): App\Controllers\MQTTController->POSTevtAluno()
 2 SYSTEMPATH\CodeIgniter.php(503): CodeIgniter\CodeIgniter->runController(Object(App\Controllers\MQTTController))
 3 SYSTEMPATH\CodeIgniter.php(361): CodeIgniter\CodeIgniter->handleRequest(null, Object(Config\Cache), false)
 4 FCPATH\index.php(79): CodeIgniter\CodeIgniter->run()
CRITICAL - 2024-06-23 01:10:33 --> Error: Call to undefined method App\Controllers\MQTTController::respond()
in APPPATH\Controllers\MQTTController.php on line 89.
 1 SYSTEMPATH\CodeIgniter.php(943): App\Controllers\MQTTController->POSTevtAluno()
 2 SYSTEMPATH\CodeIgniter.php(503): CodeIgniter\CodeIgniter->runController(Object(App\Controllers\MQTTController))
 3 SYSTEMPATH\CodeIgniter.php(361): CodeIgniter\CodeIgniter->handleRequest(null, Object(Config\Cache), false)
 4 FCPATH\index.php(79): CodeIgniter\CodeIgniter->run()
CRITICAL - 2024-06-23 01:10:34 --> Error: Call to undefined method App\Controllers\MQTTController::respond()
in APPPATH\Controllers\MQTTController.php on line 89.
 1 SYSTEMPATH\CodeIgniter.php(943): App\Controllers\MQTTController->POSTevtAluno()
 2 SYSTEMPATH\CodeIgniter.php(503): CodeIgniter\CodeIgniter->runController(Object(App\Controllers\MQTTController))
 3 SYSTEMPATH\CodeIgniter.php(361): CodeIgniter\CodeIgniter->handleRequest(null, Object(Config\Cache), false)
 4 FCPATH\index.php(79): CodeIgniter\CodeIgniter->run()
CRITICAL - 2024-06-23 01:10:34 --> Error: Call to undefined method App\Controllers\MQTTController::respond()
in APPPATH\Controllers\MQTTController.php on line 89.
 1 SYSTEMPATH\CodeIgniter.php(943): App\Controllers\MQTTController->POSTevtAluno()
 2 SYSTEMPATH\CodeIgniter.php(503): CodeIgniter\CodeIgniter->runController(Object(App\Controllers\MQTTController))
 3 SYSTEMPATH\CodeIgniter.php(361): CodeIgniter\CodeIgniter->handleRequest(null, Object(Config\Cache), false)
 4 FCPATH\index.php(79): CodeIgniter\CodeIgniter->run()
CRITICAL - 2024-06-23 01:10:35 --> Error: Call to undefined method App\Controllers\MQTTController::respond()
in APPPATH\Controllers\MQTTController.php on line 89.
 1 SYSTEMPATH\CodeIgniter.php(943): App\Controllers\MQTTController->POSTevtAluno()
 2 SYSTEMPATH\CodeIgniter.php(503): CodeIgniter\CodeIgniter->runController(Object(App\Controllers\MQTTController))
 3 SYSTEMPATH\CodeIgniter.php(361): CodeIgniter\CodeIgniter->handleRequest(null, Object(Config\Cache), false)
 4 FCPATH\index.php(79): CodeIgniter\CodeIgniter->run()
CRITICAL - 2024-06-23 01:10:35 --> Error: Call to undefined method App\Controllers\MQTTController::respond()
in APPPATH\Controllers\MQTTController.php on line 89.
 1 SYSTEMPATH\CodeIgniter.php(943): App\Controllers\MQTTController->POSTevtAluno()
 2 SYSTEMPATH\CodeIgniter.php(503): CodeIgniter\CodeIgniter->runController(Object(App\Controllers\MQTTController))
 3 SYSTEMPATH\CodeIgniter.php(361): CodeIgniter\CodeIgniter->handleRequest(null, Object(Config\Cache), false)
 4 FCPATH\index.php(79): CodeIgniter\CodeIgniter->run()
CRITICAL - 2024-06-23 01:10:36 --> Error: Call to undefined method App\Controllers\MQTTController::respond()
in APPPATH\Controllers\MQTTController.php on line 89.
 1 SYSTEMPATH\CodeIgniter.php(943): App\Controllers\MQTTController->POSTevtAluno()
 2 SYSTEMPATH\CodeIgniter.php(503): CodeIgniter\CodeIgniter->runController(Object(App\Controllers\MQTTController))
 3 SYSTEMPATH\CodeIgniter.php(361): CodeIgniter\CodeIgniter->handleRequest(null, Object(Config\Cache), false)
 4 FCPATH\index.php(79): CodeIgniter\CodeIgniter->run()
CRITICAL - 2024-06-23 01:10:36 --> Error: Call to undefined method App\Controllers\MQTTController::respond()
in APPPATH\Controllers\MQTTController.php on line 89.
 1 SYSTEMPATH\CodeIgniter.php(943): App\Controllers\MQTTController->POSTevtAluno()
 2 SYSTEMPATH\CodeIgniter.php(503): CodeIgniter\CodeIgniter->runController(Object(App\Controllers\MQTTController))
 3 SYSTEMPATH\CodeIgniter.php(361): CodeIgniter\CodeIgniter->handleRequest(null, Object(Config\Cache), false)
 4 FCPATH\index.php(79): CodeIgniter\CodeIgniter->run()
CRITICAL - 2024-06-23 01:10:37 --> Error: Call to undefined method App\Controllers\MQTTController::respond()
in APPPATH\Controllers\MQTTController.php on line 89.
 1 SYSTEMPATH\CodeIgniter.php(943): App\Controllers\MQTTController->POSTevtAluno()
 2 SYSTEMPATH\CodeIgniter.php(503): CodeIgniter\CodeIgniter->runController(Object(App\Controllers\MQTTController))
 3 SYSTEMPATH\CodeIgniter.php(361): CodeIgniter\CodeIgniter->handleRequest(null, Object(Config\Cache), false)
 4 FCPATH\index.php(79): CodeIgniter\CodeIgniter->run()
CRITICAL - 2024-06-23 01:10:37 --> Error: Call to undefined method App\Controllers\MQTTController::respond()
in APPPATH\Controllers\MQTTController.php on line 89.
 1 SYSTEMPATH\CodeIgniter.php(943): App\Controllers\MQTTController->POSTevtAluno()
 2 SYSTEMPATH\CodeIgniter.php(503): CodeIgniter\CodeIgniter->runController(Object(App\Controllers\MQTTController))
 3 SYSTEMPATH\CodeIgniter.php(361): CodeIgniter\CodeIgniter->handleRequest(null, Object(Config\Cache), false)
 4 FCPATH\index.php(79): CodeIgniter\CodeIgniter->run()
CRITICAL - 2024-06-23 01:10:38 --> Error: Call to undefined method App\Controllers\MQTTController::respond()
in APPPATH\Controllers\MQTTController.php on line 89.
 1 SYSTEMPATH\CodeIgniter.php(943): App\Controllers\MQTTController->POSTevtAluno()
 2 SYSTEMPATH\CodeIgniter.php(503): CodeIgniter\CodeIgniter->runController(Object(App\Controllers\MQTTController))
 3 SYSTEMPATH\CodeIgniter.php(361): CodeIgniter\CodeIgniter->handleRequest(null, Object(Config\Cache), false)
 4 FCPATH\index.php(79): CodeIgniter\CodeIgniter->run()
CRITICAL - 2024-06-23 01:10:39 --> Error: Call to undefined method App\Controllers\MQTTController::respond()
in APPPATH\Controllers\MQTTController.php on line 89.
 1 SYSTEMPATH\CodeIgniter.php(943): App\Controllers\MQTTController->POSTevtAluno()
 2 SYSTEMPATH\CodeIgniter.php(503): CodeIgniter\CodeIgniter->runController(Object(App\Controllers\MQTTController))
 3 SYSTEMPATH\CodeIgniter.php(361): CodeIgniter\CodeIgniter->handleRequest(null, Object(Config\Cache), false)
 4 FCPATH\index.php(79): CodeIgniter\CodeIgniter->run()
CRITICAL - 2024-06-23 01:10:39 --> Error: Call to undefined method App\Controllers\MQTTController::respond()
in APPPATH\Controllers\MQTTController.php on line 89.
 1 SYSTEMPATH\CodeIgniter.php(943): App\Controllers\MQTTController->POSTevtAluno()
 2 SYSTEMPATH\CodeIgniter.php(503): CodeIgniter\CodeIgniter->runController(Object(App\Controllers\MQTTController))
 3 SYSTEMPATH\CodeIgniter.php(361): CodeIgniter\CodeIgniter->handleRequest(null, Object(Config\Cache), false)
 4 FCPATH\index.php(79): CodeIgniter\CodeIgniter->run()
CRITICAL - 2024-06-23 01:10:39 --> Error: Call to undefined method App\Controllers\MQTTController::respond()
in APPPATH\Controllers\MQTTController.php on line 89.
 1 SYSTEMPATH\CodeIgniter.php(943): App\Controllers\MQTTController->POSTevtAluno()
 2 SYSTEMPATH\CodeIgniter.php(503): CodeIgniter\CodeIgniter->runController(Object(App\Controllers\MQTTController))
 3 SYSTEMPATH\CodeIgniter.php(361): CodeIgniter\CodeIgniter->handleRequest(null, Object(Config\Cache), false)
 4 FCPATH\index.php(79): CodeIgniter\CodeIgniter->run()
CRITICAL - 2024-06-23 01:10:40 --> Error: Call to undefined method App\Controllers\MQTTController::respond()
in APPPATH\Controllers\MQTTController.php on line 89.
 1 SYSTEMPATH\CodeIgniter.php(943): App\Controllers\MQTTController->POSTevtAluno()
 2 SYSTEMPATH\CodeIgniter.php(503): CodeIgniter\CodeIgniter->runController(Object(App\Controllers\MQTTController))
 3 SYSTEMPATH\CodeIgniter.php(361): CodeIgniter\CodeIgniter->handleRequest(null, Object(Config\Cache), false)
 4 FCPATH\index.php(79): CodeIgniter\CodeIgniter->run()
CRITICAL - 2024-06-23 01:10:40 --> Error: Call to undefined method App\Controllers\MQTTController::respond()
in APPPATH\Controllers\MQTTController.php on line 89.
 1 SYSTEMPATH\CodeIgniter.php(943): App\Controllers\MQTTController->POSTevtAluno()
 2 SYSTEMPATH\CodeIgniter.php(503): CodeIgniter\CodeIgniter->runController(Object(App\Controllers\MQTTController))
 3 SYSTEMPATH\CodeIgniter.php(361): CodeIgniter\CodeIgniter->handleRequest(null, Object(Config\Cache), false)
 4 FCPATH\index.php(79): CodeIgniter\CodeIgniter->run()
CRITICAL - 2024-06-23 01:10:41 --> Error: Call to undefined method App\Controllers\MQTTController::respond()
in APPPATH\Controllers\MQTTController.php on line 89.
 1 SYSTEMPATH\CodeIgniter.php(943): App\Controllers\MQTTController->POSTevtAluno()
 2 SYSTEMPATH\CodeIgniter.php(503): CodeIgniter\CodeIgniter->runController(Object(App\Controllers\MQTTController))
 3 SYSTEMPATH\CodeIgniter.php(361): CodeIgniter\CodeIgniter->handleRequest(null, Object(Config\Cache), false)
 4 FCPATH\index.php(79): CodeIgniter\CodeIgniter->run()
CRITICAL - 2024-06-23 01:10:41 --> Error: Call to undefined method App\Controllers\MQTTController::respond()
in APPPATH\Controllers\MQTTController.php on line 89.
 1 SYSTEMPATH\CodeIgniter.php(943): App\Controllers\MQTTController->POSTevtAluno()
 2 SYSTEMPATH\CodeIgniter.php(503): CodeIgniter\CodeIgniter->runController(Object(App\Controllers\MQTTController))
 3 SYSTEMPATH\CodeIgniter.php(361): CodeIgniter\CodeIgniter->handleRequest(null, Object(Config\Cache), false)
 4 FCPATH\index.php(79): CodeIgniter\CodeIgniter->run()
CRITICAL - 2024-06-23 01:10:41 --> Error: Call to undefined method App\Controllers\MQTTController::respond()
in APPPATH\Controllers\MQTTController.php on line 89.
 1 SYSTEMPATH\CodeIgniter.php(943): App\Controllers\MQTTController->POSTevtAluno()
 2 SYSTEMPATH\CodeIgniter.php(503): CodeIgniter\CodeIgniter->runController(Object(App\Controllers\MQTTController))
 3 SYSTEMPATH\CodeIgniter.php(361): CodeIgniter\CodeIgniter->handleRequest(null, Object(Config\Cache), false)
 4 FCPATH\index.php(79): CodeIgniter\CodeIgniter->run()
CRITICAL - 2024-06-23 01:10:42 --> Error: Call to undefined method App\Controllers\MQTTController::respond()
in APPPATH\Controllers\MQTTController.php on line 89.
 1 SYSTEMPATH\CodeIgniter.php(943): App\Controllers\MQTTController->POSTevtAluno()
 2 SYSTEMPATH\CodeIgniter.php(503): CodeIgniter\CodeIgniter->runController(Object(App\Controllers\MQTTController))
 3 SYSTEMPATH\CodeIgniter.php(361): CodeIgniter\CodeIgniter->handleRequest(null, Object(Config\Cache), false)
 4 FCPATH\index.php(79): CodeIgniter\CodeIgniter->run()
CRITICAL - 2024-06-23 01:10:42 --> Error: Call to undefined method App\Controllers\MQTTController::respond()
in APPPATH\Controllers\MQTTController.php on line 89.
 1 SYSTEMPATH\CodeIgniter.php(943): App\Controllers\MQTTController->POSTevtAluno()
 2 SYSTEMPATH\CodeIgniter.php(503): CodeIgniter\CodeIgniter->runController(Object(App\Controllers\MQTTController))
 3 SYSTEMPATH\CodeIgniter.php(361): CodeIgniter\CodeIgniter->handleRequest(null, Object(Config\Cache), false)
 4 FCPATH\index.php(79): CodeIgniter\CodeIgniter->run()
CRITICAL - 2024-06-23 01:10:42 --> Error: Call to undefined method App\Controllers\MQTTController::respond()
in APPPATH\Controllers\MQTTController.php on line 89.
 1 SYSTEMPATH\CodeIgniter.php(943): App\Controllers\MQTTController->POSTevtAluno()
 2 SYSTEMPATH\CodeIgniter.php(503): CodeIgniter\CodeIgniter->runController(Object(App\Controllers\MQTTController))
 3 SYSTEMPATH\CodeIgniter.php(361): CodeIgniter\CodeIgniter->handleRequest(null, Object(Config\Cache), false)
 4 FCPATH\index.php(79): CodeIgniter\CodeIgniter->run()
CRITICAL - 2024-06-23 01:10:42 --> Error: Call to undefined method App\Controllers\MQTTController::respond()
in APPPATH\Controllers\MQTTController.php on line 89.
 1 SYSTEMPATH\CodeIgniter.php(943): App\Controllers\MQTTController->POSTevtAluno()
 2 SYSTEMPATH\CodeIgniter.php(503): CodeIgniter\CodeIgniter->runController(Object(App\Controllers\MQTTController))
 3 SYSTEMPATH\CodeIgniter.php(361): CodeIgniter\CodeIgniter->handleRequest(null, Object(Config\Cache), false)
 4 FCPATH\index.php(79): CodeIgniter\CodeIgniter->run()
CRITICAL - 2024-06-23 01:10:43 --> Error: Call to undefined method App\Controllers\MQTTController::respond()
in APPPATH\Controllers\MQTTController.php on line 89.
 1 SYSTEMPATH\CodeIgniter.php(943): App\Controllers\MQTTController->POSTevtAluno()
 2 SYSTEMPATH\CodeIgniter.php(503): CodeIgniter\CodeIgniter->runController(Object(App\Controllers\MQTTController))
 3 SYSTEMPATH\CodeIgniter.php(361): CodeIgniter\CodeIgniter->handleRequest(null, Object(Config\Cache), false)
 4 FCPATH\index.php(79): CodeIgniter\CodeIgniter->run()
CRITICAL - 2024-06-23 01:10:43 --> Error: Call to undefined method App\Controllers\MQTTController::respond()
in APPPATH\Controllers\MQTTController.php on line 89.
 1 SYSTEMPATH\CodeIgniter.php(943): App\Controllers\MQTTController->POSTevtAluno()
 2 SYSTEMPATH\CodeIgniter.php(503): CodeIgniter\CodeIgniter->runController(Object(App\Controllers\MQTTController))
 3 SYSTEMPATH\CodeIgniter.php(361): CodeIgniter\CodeIgniter->handleRequest(null, Object(Config\Cache), false)
 4 FCPATH\index.php(79): CodeIgniter\CodeIgniter->run()
CRITICAL - 2024-06-23 01:10:43 --> Error: Call to undefined method App\Controllers\MQTTController::respond()
in APPPATH\Controllers\MQTTController.php on line 89.
 1 SYSTEMPATH\CodeIgniter.php(943): App\Controllers\MQTTController->POSTevtAluno()
 2 SYSTEMPATH\CodeIgniter.php(503): CodeIgniter\CodeIgniter->runController(Object(App\Controllers\MQTTController))
 3 SYSTEMPATH\CodeIgniter.php(361): CodeIgniter\CodeIgniter->handleRequest(null, Object(Config\Cache), false)
 4 FCPATH\index.php(79): CodeIgniter\CodeIgniter->run()
CRITICAL - 2024-06-23 01:10:44 --> Error: Call to undefined method App\Controllers\MQTTController::respond()
in APPPATH\Controllers\MQTTController.php on line 89.
 1 SYSTEMPATH\CodeIgniter.php(943): App\Controllers\MQTTController->POSTevtAluno()
 2 SYSTEMPATH\CodeIgniter.php(503): CodeIgniter\CodeIgniter->runController(Object(App\Controllers\MQTTController))
 3 SYSTEMPATH\CodeIgniter.php(361): CodeIgniter\CodeIgniter->handleRequest(null, Object(Config\Cache), false)
 4 FCPATH\index.php(79): CodeIgniter\CodeIgniter->run()
CRITICAL - 2024-06-23 01:10:44 --> Error: Call to undefined method App\Controllers\MQTTController::respond()
in APPPATH\Controllers\MQTTController.php on line 89.
 1 SYSTEMPATH\CodeIgniter.php(943): App\Controllers\MQTTController->POSTevtAluno()
 2 SYSTEMPATH\CodeIgniter.php(503): CodeIgniter\CodeIgniter->runController(Object(App\Controllers\MQTTController))
 3 SYSTEMPATH\CodeIgniter.php(361): CodeIgniter\CodeIgniter->handleRequest(null, Object(Config\Cache), false)
 4 FCPATH\index.php(79): CodeIgniter\CodeIgniter->run()
CRITICAL - 2024-06-23 01:10:44 --> Error: Call to undefined method App\Controllers\MQTTController::respond()
in APPPATH\Controllers\MQTTController.php on line 89.
 1 SYSTEMPATH\CodeIgniter.php(943): App\Controllers\MQTTController->POSTevtAluno()
 2 SYSTEMPATH\CodeIgniter.php(503): CodeIgniter\CodeIgniter->runController(Object(App\Controllers\MQTTController))
 3 SYSTEMPATH\CodeIgniter.php(361): CodeIgniter\CodeIgniter->handleRequest(null, Object(Config\Cache), false)
 4 FCPATH\index.php(79): CodeIgniter\CodeIgniter->run()
CRITICAL - 2024-06-23 01:10:44 --> Error: Call to undefined method App\Controllers\MQTTController::respond()
in APPPATH\Controllers\MQTTController.php on line 89.
 1 SYSTEMPATH\CodeIgniter.php(943): App\Controllers\MQTTController->POSTevtAluno()
 2 SYSTEMPATH\CodeIgniter.php(503): CodeIgniter\CodeIgniter->runController(Object(App\Controllers\MQTTController))
 3 SYSTEMPATH\CodeIgniter.php(361): CodeIgniter\CodeIgniter->handleRequest(null, Object(Config\Cache), false)
 4 FCPATH\index.php(79): CodeIgniter\CodeIgniter->run()
CRITICAL - 2024-06-23 01:10:45 --> Error: Call to undefined method App\Controllers\MQTTController::respond()
in APPPATH\Controllers\MQTTController.php on line 89.
 1 SYSTEMPATH\CodeIgniter.php(943): App\Controllers\MQTTController->POSTevtAluno()
 2 SYSTEMPATH\CodeIgniter.php(503): CodeIgniter\CodeIgniter->runController(Object(App\Controllers\MQTTController))
 3 SYSTEMPATH\CodeIgniter.php(361): CodeIgniter\CodeIgniter->handleRequest(null, Object(Config\Cache), false)
 4 FCPATH\index.php(79): CodeIgniter\CodeIgniter->run()
CRITICAL - 2024-06-23 01:10:45 --> Error: Call to undefined method App\Controllers\MQTTController::respond()
in APPPATH\Controllers\MQTTController.php on line 89.
 1 SYSTEMPATH\CodeIgniter.php(943): App\Controllers\MQTTController->POSTevtAluno()
 2 SYSTEMPATH\CodeIgniter.php(503): CodeIgniter\CodeIgniter->runController(Object(App\Controllers\MQTTController))
 3 SYSTEMPATH\CodeIgniter.php(361): CodeIgniter\CodeIgniter->handleRequest(null, Object(Config\Cache), false)
 4 FCPATH\index.php(79): CodeIgniter\CodeIgniter->run()
CRITICAL - 2024-06-23 01:10:45 --> Error: Call to undefined method App\Controllers\MQTTController::respond()
in APPPATH\Controllers\MQTTController.php on line 89.
 1 SYSTEMPATH\CodeIgniter.php(943): App\Controllers\MQTTController->POSTevtAluno()
 2 SYSTEMPATH\CodeIgniter.php(503): CodeIgniter\CodeIgniter->runController(Object(App\Controllers\MQTTController))
 3 SYSTEMPATH\CodeIgniter.php(361): CodeIgniter\CodeIgniter->handleRequest(null, Object(Config\Cache), false)
 4 FCPATH\index.php(79): CodeIgniter\CodeIgniter->run()
CRITICAL - 2024-06-23 01:10:46 --> Error: Call to undefined method App\Controllers\MQTTController::respond()
in APPPATH\Controllers\MQTTController.php on line 89.
 1 SYSTEMPATH\CodeIgniter.php(943): App\Controllers\MQTTController->POSTevtAluno()
 2 SYSTEMPATH\CodeIgniter.php(503): CodeIgniter\CodeIgniter->runController(Object(App\Controllers\MQTTController))
 3 SYSTEMPATH\CodeIgniter.php(361): CodeIgniter\CodeIgniter->handleRequest(null, Object(Config\Cache), false)
 4 FCPATH\index.php(79): CodeIgniter\CodeIgniter->run()
CRITICAL - 2024-06-23 01:10:46 --> Error: Call to undefined method App\Controllers\MQTTController::respond()
in APPPATH\Controllers\MQTTController.php on line 89.
 1 SYSTEMPATH\CodeIgniter.php(943): App\Controllers\MQTTController->POSTevtAluno()
 2 SYSTEMPATH\CodeIgniter.php(503): CodeIgniter\CodeIgniter->runController(Object(App\Controllers\MQTTController))
 3 SYSTEMPATH\CodeIgniter.php(361): CodeIgniter\CodeIgniter->handleRequest(null, Object(Config\Cache), false)
 4 FCPATH\index.php(79): CodeIgniter\CodeIgniter->run()
CRITICAL - 2024-06-23 01:10:46 --> Error: Call to undefined method App\Controllers\MQTTController::respond()
in APPPATH\Controllers\MQTTController.php on line 89.
 1 SYSTEMPATH\CodeIgniter.php(943): App\Controllers\MQTTController->POSTevtAluno()
 2 SYSTEMPATH\CodeIgniter.php(503): CodeIgniter\CodeIgniter->runController(Object(App\Controllers\MQTTController))
 3 SYSTEMPATH\CodeIgniter.php(361): CodeIgniter\CodeIgniter->handleRequest(null, Object(Config\Cache), false)
 4 FCPATH\index.php(79): CodeIgniter\CodeIgniter->run()
CRITICAL - 2024-06-23 01:10:47 --> Error: Call to undefined method App\Controllers\MQTTController::respond()
in APPPATH\Controllers\MQTTController.php on line 89.
 1 SYSTEMPATH\CodeIgniter.php(943): App\Controllers\MQTTController->POSTevtAluno()
 2 SYSTEMPATH\CodeIgniter.php(503): CodeIgniter\CodeIgniter->runController(Object(App\Controllers\MQTTController))
 3 SYSTEMPATH\CodeIgniter.php(361): CodeIgniter\CodeIgniter->handleRequest(null, Object(Config\Cache), false)
 4 FCPATH\index.php(79): CodeIgniter\CodeIgniter->run()
CRITICAL - 2024-06-23 01:10:47 --> Error: Call to undefined method App\Controllers\MQTTController::respond()
in APPPATH\Controllers\MQTTController.php on line 89.
 1 SYSTEMPATH\CodeIgniter.php(943): App\Controllers\MQTTController->POSTevtAluno()
 2 SYSTEMPATH\CodeIgniter.php(503): CodeIgniter\CodeIgniter->runController(Object(App\Controllers\MQTTController))
 3 SYSTEMPATH\CodeIgniter.php(361): CodeIgniter\CodeIgniter->handleRequest(null, Object(Config\Cache), false)
 4 FCPATH\index.php(79): CodeIgniter\CodeIgniter->run()
CRITICAL - 2024-06-23 01:10:48 --> Error: Call to undefined method App\Controllers\MQTTController::respond()
in APPPATH\Controllers\MQTTController.php on line 89.
 1 SYSTEMPATH\CodeIgniter.php(943): App\Controllers\MQTTController->POSTevtAluno()
 2 SYSTEMPATH\CodeIgniter.php(503): CodeIgniter\CodeIgniter->runController(Object(App\Controllers\MQTTController))
 3 SYSTEMPATH\CodeIgniter.php(361): CodeIgniter\CodeIgniter->handleRequest(null, Object(Config\Cache), false)
 4 FCPATH\index.php(79): CodeIgniter\CodeIgniter->run()
CRITICAL - 2024-06-23 01:10:48 --> Error: Call to undefined method App\Controllers\MQTTController::respond()
in APPPATH\Controllers\MQTTController.php on line 89.
 1 SYSTEMPATH\CodeIgniter.php(943): App\Controllers\MQTTController->POSTevtAluno()
 2 SYSTEMPATH\CodeIgniter.php(503): CodeIgniter\CodeIgniter->runController(Object(App\Controllers\MQTTController))
 3 SYSTEMPATH\CodeIgniter.php(361): CodeIgniter\CodeIgniter->handleRequest(null, Object(Config\Cache), false)
 4 FCPATH\index.php(79): CodeIgniter\CodeIgniter->run()
CRITICAL - 2024-06-23 01:10:48 --> Error: Call to undefined method App\Controllers\MQTTController::respond()
in APPPATH\Controllers\MQTTController.php on line 89.
 1 SYSTEMPATH\CodeIgniter.php(943): App\Controllers\MQTTController->POSTevtAluno()
 2 SYSTEMPATH\CodeIgniter.php(503): CodeIgniter\CodeIgniter->runController(Object(App\Controllers\MQTTController))
 3 SYSTEMPATH\CodeIgniter.php(361): CodeIgniter\CodeIgniter->handleRequest(null, Object(Config\Cache), false)
 4 FCPATH\index.php(79): CodeIgniter\CodeIgniter->run()
CRITICAL - 2024-06-23 01:10:48 --> Error: Call to undefined method App\Controllers\MQTTController::respond()
in APPPATH\Controllers\MQTTController.php on line 89.
 1 SYSTEMPATH\CodeIgniter.php(943): App\Controllers\MQTTController->POSTevtAluno()
 2 SYSTEMPATH\CodeIgniter.php(503): CodeIgniter\CodeIgniter->runController(Object(App\Controllers\MQTTController))
 3 SYSTEMPATH\CodeIgniter.php(361): CodeIgniter\CodeIgniter->handleRequest(null, Object(Config\Cache), false)
 4 FCPATH\index.php(79): CodeIgniter\CodeIgniter->run()
CRITICAL - 2024-06-23 01:10:50 --> Error: Call to undefined method App\Controllers\MQTTController::respond()
in APPPATH\Controllers\MQTTController.php on line 89.
 1 SYSTEMPATH\CodeIgniter.php(943): App\Controllers\MQTTController->POSTevtAluno()
 2 SYSTEMPATH\CodeIgniter.php(503): CodeIgniter\CodeIgniter->runController(Object(App\Controllers\MQTTController))
 3 SYSTEMPATH\CodeIgniter.php(361): CodeIgniter\CodeIgniter->handleRequest(null, Object(Config\Cache), false)
 4 FCPATH\index.php(79): CodeIgniter\CodeIgniter->run()
CRITICAL - 2024-06-23 01:10:50 --> Error: Call to undefined method App\Controllers\MQTTController::respond()
in APPPATH\Controllers\MQTTController.php on line 89.
 1 SYSTEMPATH\CodeIgniter.php(943): App\Controllers\MQTTController->POSTevtAluno()
 2 SYSTEMPATH\CodeIgniter.php(503): CodeIgniter\CodeIgniter->runController(Object(App\Controllers\MQTTController))
 3 SYSTEMPATH\CodeIgniter.php(361): CodeIgniter\CodeIgniter->handleRequest(null, Object(Config\Cache), false)
 4 FCPATH\index.php(79): CodeIgniter\CodeIgniter->run()
CRITICAL - 2024-06-23 01:10:50 --> Error: Call to undefined method App\Controllers\MQTTController::respond()
in APPPATH\Controllers\MQTTController.php on line 89.
 1 SYSTEMPATH\CodeIgniter.php(943): App\Controllers\MQTTController->POSTevtAluno()
 2 SYSTEMPATH\CodeIgniter.php(503): CodeIgniter\CodeIgniter->runController(Object(App\Controllers\MQTTController))
 3 SYSTEMPATH\CodeIgniter.php(361): CodeIgniter\CodeIgniter->handleRequest(null, Object(Config\Cache), false)
 4 FCPATH\index.php(79): CodeIgniter\CodeIgniter->run()
CRITICAL - 2024-06-23 01:10:51 --> Error: Call to undefined method App\Controllers\MQTTController::respond()
in APPPATH\Controllers\MQTTController.php on line 89.
 1 SYSTEMPATH\CodeIgniter.php(943): App\Controllers\MQTTController->POSTevtAluno()
 2 SYSTEMPATH\CodeIgniter.php(503): CodeIgniter\CodeIgniter->runController(Object(App\Controllers\MQTTController))
 3 SYSTEMPATH\CodeIgniter.php(361): CodeIgniter\CodeIgniter->handleRequest(null, Object(Config\Cache), false)
 4 FCPATH\index.php(79): CodeIgniter\CodeIgniter->run()
CRITICAL - 2024-06-23 01:10:51 --> Error: Call to undefined method App\Controllers\MQTTController::respond()
in APPPATH\Controllers\MQTTController.php on line 89.
 1 SYSTEMPATH\CodeIgniter.php(943): App\Controllers\MQTTController->POSTevtAluno()
 2 SYSTEMPATH\CodeIgniter.php(503): CodeIgniter\CodeIgniter->runController(Object(App\Controllers\MQTTController))
 3 SYSTEMPATH\CodeIgniter.php(361): CodeIgniter\CodeIgniter->handleRequest(null, Object(Config\Cache), false)
 4 FCPATH\index.php(79): CodeIgniter\CodeIgniter->run()
CRITICAL - 2024-06-23 01:10:51 --> Error: Call to undefined method App\Controllers\MQTTController::respond()
in APPPATH\Controllers\MQTTController.php on line 89.
 1 SYSTEMPATH\CodeIgniter.php(943): App\Controllers\MQTTController->POSTevtAluno()
 2 SYSTEMPATH\CodeIgniter.php(503): CodeIgniter\CodeIgniter->runController(Object(App\Controllers\MQTTController))
 3 SYSTEMPATH\CodeIgniter.php(361): CodeIgniter\CodeIgniter->handleRequest(null, Object(Config\Cache), false)
 4 FCPATH\index.php(79): CodeIgniter\CodeIgniter->run()
CRITICAL - 2024-06-23 01:10:52 --> Error: Call to undefined method App\Controllers\MQTTController::respond()
in APPPATH\Controllers\MQTTController.php on line 89.
 1 SYSTEMPATH\CodeIgniter.php(943): App\Controllers\MQTTController->POSTevtAluno()
 2 SYSTEMPATH\CodeIgniter.php(503): CodeIgniter\CodeIgniter->runController(Object(App\Controllers\MQTTController))
 3 SYSTEMPATH\CodeIgniter.php(361): CodeIgniter\CodeIgniter->handleRequest(null, Object(Config\Cache), false)
 4 FCPATH\index.php(79): CodeIgniter\CodeIgniter->run()
CRITICAL - 2024-06-23 01:10:52 --> Error: Call to undefined method App\Controllers\MQTTController::respond()
in APPPATH\Controllers\MQTTController.php on line 89.
 1 SYSTEMPATH\CodeIgniter.php(943): App\Controllers\MQTTController->POSTevtAluno()
 2 SYSTEMPATH\CodeIgniter.php(503): CodeIgniter\CodeIgniter->runController(Object(App\Controllers\MQTTController))
 3 SYSTEMPATH\CodeIgniter.php(361): CodeIgniter\CodeIgniter->handleRequest(null, Object(Config\Cache), false)
 4 FCPATH\index.php(79): CodeIgniter\CodeIgniter->run()
CRITICAL - 2024-06-23 01:10:52 --> Error: Call to undefined method App\Controllers\MQTTController::respond()
in APPPATH\Controllers\MQTTController.php on line 89.
 1 SYSTEMPATH\CodeIgniter.php(943): App\Controllers\MQTTController->POSTevtAluno()
 2 SYSTEMPATH\CodeIgniter.php(503): CodeIgniter\CodeIgniter->runController(Object(App\Controllers\MQTTController))
 3 SYSTEMPATH\CodeIgniter.php(361): CodeIgniter\CodeIgniter->handleRequest(null, Object(Config\Cache), false)
 4 FCPATH\index.php(79): CodeIgniter\CodeIgniter->run()
CRITICAL - 2024-06-23 01:10:52 --> Error: Call to undefined method App\Controllers\MQTTController::respond()
in APPPATH\Controllers\MQTTController.php on line 89.
 1 SYSTEMPATH\CodeIgniter.php(943): App\Controllers\MQTTController->POSTevtAluno()
 2 SYSTEMPATH\CodeIgniter.php(503): CodeIgniter\CodeIgniter->runController(Object(App\Controllers\MQTTController))
 3 SYSTEMPATH\CodeIgniter.php(361): CodeIgniter\CodeIgniter->handleRequest(null, Object(Config\Cache), false)
 4 FCPATH\index.php(79): CodeIgniter\CodeIgniter->run()
CRITICAL - 2024-06-23 01:10:53 --> Error: Call to undefined method App\Controllers\MQTTController::respond()
in APPPATH\Controllers\MQTTController.php on line 89.
 1 SYSTEMPATH\CodeIgniter.php(943): App\Controllers\MQTTController->POSTevtAluno()
 2 SYSTEMPATH\CodeIgniter.php(503): CodeIgniter\CodeIgniter->runController(Object(App\Controllers\MQTTController))
 3 SYSTEMPATH\CodeIgniter.php(361): CodeIgniter\CodeIgniter->handleRequest(null, Object(Config\Cache), false)
 4 FCPATH\index.php(79): CodeIgniter\CodeIgniter->run()
