INFO - 2024-04-09 00:30:00 --> Session: Class initialized using 'CodeIgniter\Session\Handlers\FileHandler' driver.
INFO - 2024-04-09 00:30:09 --> CSRF token verified.
INFO - 2024-04-09 00:30:09 --> Session: Class initialized using 'CodeIgniter\Session\Handlers\FileHandler' driver.
CRITICAL - 2024-04-09 00:37:59 --> ErrorException: Undefined variable $CPF
in APPPATH/Controllers/AdminController.php on line 137.
 1 APPPATH/Controllers/AdminController.php(137): CodeIgniter\Debug\Exceptions->errorHandler()
 2 SYSTEMPATH/CodeIgniter.php(943): App\Controllers\AdminController->removeResp()
 3 SYSTEMPATH/CodeIgniter.php(503): CodeIgniter\CodeIgniter->runController()
 4 SYSTEMPATH/CodeIgniter.php(361): CodeIgniter\CodeIgniter->handleRequest()
 5 FCPATH/index.php(79): CodeIgniter\CodeIgniter->run()
ERROR - 2024-04-09 00:39:59 --> mysqli_sql_exception: Unknown column 'CPF' in 'where clause' in /home/vagrant/app/system/Database/MySQLi/Connection.php:306
Stack trace:
#0 /home/vagrant/app/system/Database/MySQLi/Connection.php(306): mysqli->query()
#1 /home/vagrant/app/system/Database/BaseConnection.php(693): CodeIgniter\Database\MySQLi\Connection->execute()
#2 /home/vagrant/app/system/Database/BaseConnection.php(607): CodeIgniter\Database\BaseConnection->simpleQuery()
#3 /home/vagrant/app/system/Database/BaseBuilder.php(2787): CodeIgniter\Database\BaseConnection->query()
#4 /home/vagrant/app/app/Models/RespModel.php(14): CodeIgniter\Database\BaseBuilder->delete()
#5 /home/vagrant/app/app/Controllers/AdminController.php(137): App\Models\RespModel->deleteResp()
#6 /home/vagrant/app/system/CodeIgniter.php(943): App\Controllers\AdminController->removeResp()
#7 /home/vagrant/app/system/CodeIgniter.php(503): CodeIgniter\CodeIgniter->runController()
#8 /home/vagrant/app/system/CodeIgniter.php(361): CodeIgniter\CodeIgniter->handleRequest()
#9 /home/vagrant/app/public/index.php(79): CodeIgniter\CodeIgniter->run()
#10 {main}
CRITICAL - 2024-04-09 22:33:00 --> ParseError: syntax error, unexpected token "}", expecting ";"
in APPPATH/Controllers/AdminController.php on line 143.
 1 SYSTEMPATH/Autoloader/Autoloader.php(290): CodeIgniter\Autoloader\Autoloader->includeFile()
 2 SYSTEMPATH/Autoloader/Autoloader.php(266): CodeIgniter\Autoloader\Autoloader->loadInNamespace()
 3 [internal function]: CodeIgniter\Autoloader\Autoloader->loadClass()
 4 SYSTEMPATH/CodeIgniter.php(901): class_exists()
 5 SYSTEMPATH/CodeIgniter.php(490): CodeIgniter\CodeIgniter->startController()
 6 SYSTEMPATH/CodeIgniter.php(361): CodeIgniter\CodeIgniter->handleRequest()
 7 FCPATH/index.php(79): CodeIgniter\CodeIgniter->run()
CRITICAL - 2024-04-09 22:33:14 --> ParseError: syntax error, unexpected identifier "CPF", expecting ";"
in APPPATH/Controllers/AdminController.php on line 163.
 1 SYSTEMPATH/Autoloader/Autoloader.php(290): CodeIgniter\Autoloader\Autoloader->includeFile()
 2 SYSTEMPATH/Autoloader/Autoloader.php(266): CodeIgniter\Autoloader\Autoloader->loadInNamespace()
 3 [internal function]: CodeIgniter\Autoloader\Autoloader->loadClass()
 4 SYSTEMPATH/CodeIgniter.php(901): class_exists()
 5 SYSTEMPATH/CodeIgniter.php(490): CodeIgniter\CodeIgniter->startController()
 6 SYSTEMPATH/CodeIgniter.php(361): CodeIgniter\CodeIgniter->handleRequest()
 7 FCPATH/index.php(79): CodeIgniter\CodeIgniter->run()
INFO - 2024-04-09 22:36:47 --> Session: Class initialized using 'CodeIgniter\Session\Handlers\FileHandler' driver.
CRITICAL - 2024-04-09 22:36:47 --> ErrorException: Undefined variable $info
in APPPATH/Views/admin/altera_email.php on line 6.
 1 APPPATH/Views/admin/altera_email.php(6): CodeIgniter\Debug\Exceptions->errorHandler()
 2 SYSTEMPATH/View/View.php(228): include('/home/vagrant/app/app/Views/admin/altera_email.php')
 3 SYSTEMPATH/View/View.php(231): CodeIgniter\View\View->CodeIgniter\View\{closure}()
 4 SYSTEMPATH/Common.php(1178): CodeIgniter\View\View->render()
 5 APPPATH/Controllers/AdminController.php(142): view()
 6 SYSTEMPATH/CodeIgniter.php(943): App\Controllers\AdminController->alteraRespEmail()
 7 SYSTEMPATH/CodeIgniter.php(503): CodeIgniter\CodeIgniter->runController()
 8 SYSTEMPATH/CodeIgniter.php(361): CodeIgniter\CodeIgniter->handleRequest()
 9 FCPATH/index.php(79): CodeIgniter\CodeIgniter->run()
INFO - 2024-04-09 22:38:06 --> Session: Class initialized using 'CodeIgniter\Session\Handlers\FileHandler' driver.
INFO - 2024-04-09 22:38:15 --> Session: Class initialized using 'CodeIgniter\Session\Handlers\FileHandler' driver.
CRITICAL - 2024-04-09 23:04:47 --> BadMethodCallException: Call to undefined method App\Models\RespModel::getRespByCPF
in SYSTEMPATH/Model.php on line 879.
 1 APPPATH/Controllers/AdminController.php(150): CodeIgniter\Model->__call()
 2 SYSTEMPATH/CodeIgniter.php(943): App\Controllers\AdminController->alteraRespEmail()
 3 SYSTEMPATH/CodeIgniter.php(503): CodeIgniter\CodeIgniter->runController()
 4 SYSTEMPATH/CodeIgniter.php(361): CodeIgniter\CodeIgniter->handleRequest()
 5 FCPATH/index.php(79): CodeIgniter\CodeIgniter->run()
CRITICAL - 2024-04-09 23:04:54 --> BadMethodCallException: Call to undefined method App\Models\RespModel::getRespByCPF
in SYSTEMPATH/Model.php on line 879.
 1 APPPATH/Controllers/AdminController.php(150): CodeIgniter\Model->__call()
 2 SYSTEMPATH/CodeIgniter.php(943): App\Controllers\AdminController->alteraRespEmail()
 3 SYSTEMPATH/CodeIgniter.php(503): CodeIgniter\CodeIgniter->runController()
 4 SYSTEMPATH/CodeIgniter.php(361): CodeIgniter\CodeIgniter->handleRequest()
 5 FCPATH/index.php(79): CodeIgniter\CodeIgniter->run()
CRITICAL - 2024-04-09 23:05:03 --> BadMethodCallException: Call to undefined method App\Models\RespModel::getRespByCPF
in SYSTEMPATH/Model.php on line 879.
 1 APPPATH/Controllers/AdminController.php(150): CodeIgniter\Model->__call()
 2 SYSTEMPATH/CodeIgniter.php(943): App\Controllers\AdminController->alteraRespEmail()
 3 SYSTEMPATH/CodeIgniter.php(503): CodeIgniter\CodeIgniter->runController()
 4 SYSTEMPATH/CodeIgniter.php(361): CodeIgniter\CodeIgniter->handleRequest()
 5 FCPATH/index.php(79): CodeIgniter\CodeIgniter->run()
CRITICAL - 2024-04-09 23:05:23 --> ErrorException: Undefined variable $NomeCompleto
in APPPATH/Controllers/AdminController.php on line 153.
 1 APPPATH/Controllers/AdminController.php(153): CodeIgniter\Debug\Exceptions->errorHandler()
 2 SYSTEMPATH/CodeIgniter.php(943): App\Controllers\AdminController->alteraRespEmail()
 3 SYSTEMPATH/CodeIgniter.php(503): CodeIgniter\CodeIgniter->runController()
 4 SYSTEMPATH/CodeIgniter.php(361): CodeIgniter\CodeIgniter->handleRequest()
 5 FCPATH/index.php(79): CodeIgniter\CodeIgniter->run()
CRITICAL - 2024-04-09 23:06:58 --> Error: Cannot use object of type stdClass as array
in APPPATH/Controllers/AdminController.php on line 153.
 1 SYSTEMPATH/CodeIgniter.php(943): App\Controllers\AdminController->alteraRespEmail()
 2 SYSTEMPATH/CodeIgniter.php(503): CodeIgniter\CodeIgniter->runController()
 3 SYSTEMPATH/CodeIgniter.php(361): CodeIgniter\CodeIgniter->handleRequest()
 4 FCPATH/index.php(79): CodeIgniter\CodeIgniter->run()
CRITICAL - 2024-04-09 23:09:44 --> ParseError: syntax error, unexpected single-quoted string "NomeCompleto", expecting identifier or variable or "{" or "$"
in APPPATH/Controllers/AdminController.php on line 153.
 1 SYSTEMPATH/Autoloader/Autoloader.php(290): CodeIgniter\Autoloader\Autoloader->includeFile()
 2 SYSTEMPATH/Autoloader/Autoloader.php(266): CodeIgniter\Autoloader\Autoloader->loadInNamespace()
 3 [internal function]: CodeIgniter\Autoloader\Autoloader->loadClass()
 4 SYSTEMPATH/CodeIgniter.php(901): class_exists()
 5 SYSTEMPATH/CodeIgniter.php(490): CodeIgniter\CodeIgniter->startController()
 6 SYSTEMPATH/CodeIgniter.php(361): CodeIgniter\CodeIgniter->handleRequest()
 7 FCPATH/index.php(79): CodeIgniter\CodeIgniter->run()
CRITICAL - 2024-04-09 23:09:58 --> ParseError: syntax error, unexpected token "[", expecting identifier or variable or "{" or "$"
in APPPATH/Controllers/AdminController.php on line 153.
 1 SYSTEMPATH/Autoloader/Autoloader.php(290): CodeIgniter\Autoloader\Autoloader->includeFile()
 2 SYSTEMPATH/Autoloader/Autoloader.php(266): CodeIgniter\Autoloader\Autoloader->loadInNamespace()
 3 [internal function]: CodeIgniter\Autoloader\Autoloader->loadClass()
 4 SYSTEMPATH/CodeIgniter.php(901): class_exists()
 5 SYSTEMPATH/CodeIgniter.php(490): CodeIgniter\CodeIgniter->startController()
 6 SYSTEMPATH/CodeIgniter.php(361): CodeIgniter\CodeIgniter->handleRequest()
 7 FCPATH/index.php(79): CodeIgniter\CodeIgniter->run()
CRITICAL - 2024-04-09 23:11:27 --> ErrorException: Undefined variable $aluno
in APPPATH/Views/templates/status_aluno.php on line 4.
 1 APPPATH/Views/templates/status_aluno.php(4): CodeIgniter\Debug\Exceptions->errorHandler()
 2 SYSTEMPATH/View/View.php(228): include('/home/vagrant/app/app/Views/templates/status_aluno.php')
 3 SYSTEMPATH/View/View.php(231): CodeIgniter\View\View->CodeIgniter\View\{closure}()
 4 SYSTEMPATH/Common.php(1178): CodeIgniter\View\View->render()
 5 APPPATH/Controllers/AdminController.php(158): view()
 6 SYSTEMPATH/CodeIgniter.php(943): App\Controllers\AdminController->alteraRespEmail()
 7 SYSTEMPATH/CodeIgniter.php(503): CodeIgniter\CodeIgniter->runController()
 8 SYSTEMPATH/CodeIgniter.php(361): CodeIgniter\CodeIgniter->handleRequest()
 9 FCPATH/index.php(79): CodeIgniter\CodeIgniter->run()
CRITICAL - 2024-04-09 23:12:32 --> ErrorException: Undefined variable $aluno
in APPPATH/Views/templates/status_aluno.php on line 4.
 1 APPPATH/Views/templates/status_aluno.php(4): CodeIgniter\Debug\Exceptions->errorHandler()
 2 SYSTEMPATH/View/View.php(228): include('/home/vagrant/app/app/Views/templates/status_aluno.php')
 3 SYSTEMPATH/View/View.php(231): CodeIgniter\View\View->CodeIgniter\View\{closure}()
 4 SYSTEMPATH/Common.php(1178): CodeIgniter\View\View->render()
 5 APPPATH/Controllers/AdminController.php(158): view()
 6 SYSTEMPATH/CodeIgniter.php(943): App\Controllers\AdminController->alteraRespEmail()
 7 SYSTEMPATH/CodeIgniter.php(503): CodeIgniter\CodeIgniter->runController()
 8 SYSTEMPATH/CodeIgniter.php(361): CodeIgniter\CodeIgniter->handleRequest()
 9 FCPATH/index.php(79): CodeIgniter\CodeIgniter->run()
INFO - 2024-04-09 23:13:03 --> Session: Class initialized using 'CodeIgniter\Session\Handlers\FileHandler' driver.
CRITICAL - 2024-04-09 23:13:03 --> ErrorException: Undefined variable $info
in APPPATH/Views/admin/altera_email.php on line 6.
 1 APPPATH/Views/admin/altera_email.php(6): CodeIgniter\Debug\Exceptions->errorHandler()
 2 SYSTEMPATH/View/View.php(228): include('/home/vagrant/app/app/Views/admin/altera_email.php')
 3 SYSTEMPATH/View/View.php(231): CodeIgniter\View\View->CodeIgniter\View\{closure}()
 4 SYSTEMPATH/Common.php(1178): CodeIgniter\View\View->render()
 5 APPPATH/Controllers/AdminController.php(158): view()
 6 SYSTEMPATH/CodeIgniter.php(943): App\Controllers\AdminController->alteraRespEmail()
 7 SYSTEMPATH/CodeIgniter.php(503): CodeIgniter\CodeIgniter->runController()
 8 SYSTEMPATH/CodeIgniter.php(361): CodeIgniter\CodeIgniter->handleRequest()
 9 FCPATH/index.php(79): CodeIgniter\CodeIgniter->run()
CRITICAL - 2024-04-09 23:13:31 --> ParseError: syntax error, unexpected single-quoted string "CPF", expecting "]"
in APPPATH/Controllers/AdminController.php on line 153.
 1 SYSTEMPATH/Autoloader/Autoloader.php(290): CodeIgniter\Autoloader\Autoloader->includeFile()
 2 SYSTEMPATH/Autoloader/Autoloader.php(266): CodeIgniter\Autoloader\Autoloader->loadInNamespace()
 3 [internal function]: CodeIgniter\Autoloader\Autoloader->loadClass()
 4 SYSTEMPATH/CodeIgniter.php(901): class_exists()
 5 SYSTEMPATH/CodeIgniter.php(490): CodeIgniter\CodeIgniter->startController()
 6 SYSTEMPATH/CodeIgniter.php(361): CodeIgniter\CodeIgniter->handleRequest()
 7 FCPATH/index.php(79): CodeIgniter\CodeIgniter->run()
CRITICAL - 2024-04-09 23:13:39 --> ParseError: syntax error, unexpected token ";", expecting "]"
in APPPATH/Controllers/AdminController.php on line 152.
 1 SYSTEMPATH/Autoloader/Autoloader.php(290): CodeIgniter\Autoloader\Autoloader->includeFile()
 2 SYSTEMPATH/Autoloader/Autoloader.php(266): CodeIgniter\Autoloader\Autoloader->loadInNamespace()
 3 [internal function]: CodeIgniter\Autoloader\Autoloader->loadClass()
 4 SYSTEMPATH/CodeIgniter.php(901): class_exists()
 5 SYSTEMPATH/CodeIgniter.php(490): CodeIgniter\CodeIgniter->startController()
 6 SYSTEMPATH/CodeIgniter.php(361): CodeIgniter\CodeIgniter->handleRequest()
 7 FCPATH/index.php(79): CodeIgniter\CodeIgniter->run()
INFO - 2024-04-09 23:13:48 --> Session: Class initialized using 'CodeIgniter\Session\Handlers\FileHandler' driver.
CRITICAL - 2024-04-09 23:13:48 --> ErrorException: Undefined variable $info
in APPPATH/Views/admin/altera_email.php on line 6.
 1 APPPATH/Views/admin/altera_email.php(6): CodeIgniter\Debug\Exceptions->errorHandler()
 2 SYSTEMPATH/View/View.php(228): include('/home/vagrant/app/app/Views/admin/altera_email.php')
 3 SYSTEMPATH/View/View.php(231): CodeIgniter\View\View->CodeIgniter\View\{closure}()
 4 SYSTEMPATH/Common.php(1178): CodeIgniter\View\View->render()
 5 APPPATH/Controllers/AdminController.php(159): view()
 6 SYSTEMPATH/CodeIgniter.php(943): App\Controllers\AdminController->alteraRespEmail()
 7 SYSTEMPATH/CodeIgniter.php(503): CodeIgniter\CodeIgniter->runController()
 8 SYSTEMPATH/CodeIgniter.php(361): CodeIgniter\CodeIgniter->handleRequest()
 9 FCPATH/index.php(79): CodeIgniter\CodeIgniter->run()
INFO - 2024-04-09 23:14:23 --> Session: Class initialized using 'CodeIgniter\Session\Handlers\FileHandler' driver.
INFO - 2024-04-09 23:15:52 --> Session: Class initialized using 'CodeIgniter\Session\Handlers\FileHandler' driver.
CRITICAL - 2024-04-09 23:15:52 --> ErrorException: Undefined variable $resp
in APPPATH/Views/admin/altera_email.php on line 10.
 1 APPPATH/Views/admin/altera_email.php(10): CodeIgniter\Debug\Exceptions->errorHandler()
 2 SYSTEMPATH/View/View.php(228): include('/home/vagrant/app/app/Views/admin/altera_email.php')
 3 SYSTEMPATH/View/View.php(231): CodeIgniter\View\View->CodeIgniter\View\{closure}()
 4 SYSTEMPATH/Common.php(1178): CodeIgniter\View\View->render()
 5 APPPATH/Controllers/AdminController.php(158): view()
 6 SYSTEMPATH/CodeIgniter.php(943): App\Controllers\AdminController->alteraRespEmail()
 7 SYSTEMPATH/CodeIgniter.php(503): CodeIgniter\CodeIgniter->runController()
 8 SYSTEMPATH/CodeIgniter.php(361): CodeIgniter\CodeIgniter->handleRequest()
 9 FCPATH/index.php(79): CodeIgniter\CodeIgniter->run()
INFO - 2024-04-09 23:16:08 --> Session: Class initialized using 'CodeIgniter\Session\Handlers\FileHandler' driver.
CRITICAL - 2024-04-09 23:16:08 --> ErrorException: Undefined variable $resp
in APPPATH/Views/admin/altera_email.php on line 10.
 1 APPPATH/Views/admin/altera_email.php(10): CodeIgniter\Debug\Exceptions->errorHandler()
 2 SYSTEMPATH/View/View.php(228): include('/home/vagrant/app/app/Views/admin/altera_email.php')
 3 SYSTEMPATH/View/View.php(231): CodeIgniter\View\View->CodeIgniter\View\{closure}()
 4 SYSTEMPATH/Common.php(1178): CodeIgniter\View\View->render()
 5 APPPATH/Controllers/AdminController.php(158): view()
 6 SYSTEMPATH/CodeIgniter.php(943): App\Controllers\AdminController->alteraRespEmail()
 7 SYSTEMPATH/CodeIgniter.php(503): CodeIgniter\CodeIgniter->runController()
 8 SYSTEMPATH/CodeIgniter.php(361): CodeIgniter\CodeIgniter->handleRequest()
 9 FCPATH/index.php(79): CodeIgniter\CodeIgniter->run()
INFO - 2024-04-09 23:16:53 --> Session: Class initialized using 'CodeIgniter\Session\Handlers\FileHandler' driver.
CRITICAL - 2024-04-09 23:16:53 --> ErrorException: Undefined variable $data
in APPPATH/Views/admin/altera_email.php on line 10.
 1 APPPATH/Views/admin/altera_email.php(10): CodeIgniter\Debug\Exceptions->errorHandler()
 2 SYSTEMPATH/View/View.php(228): include('/home/vagrant/app/app/Views/admin/altera_email.php')
 3 SYSTEMPATH/View/View.php(231): CodeIgniter\View\View->CodeIgniter\View\{closure}()
 4 SYSTEMPATH/Common.php(1178): CodeIgniter\View\View->render()
 5 APPPATH/Controllers/AdminController.php(158): view()
 6 SYSTEMPATH/CodeIgniter.php(943): App\Controllers\AdminController->alteraRespEmail()
 7 SYSTEMPATH/CodeIgniter.php(503): CodeIgniter\CodeIgniter->runController()
 8 SYSTEMPATH/CodeIgniter.php(361): CodeIgniter\CodeIgniter->handleRequest()
 9 FCPATH/index.php(79): CodeIgniter\CodeIgniter->run()
CRITICAL - 2024-04-09 23:19:48 --> ParseError: syntax error, unexpected double-quoted string ") ?>", expecting ")"
in APPPATH/Views/admin/altera_email.php on line 10.
 1 SYSTEMPATH/View/View.php(231): CodeIgniter\View\View->CodeIgniter\View\{closure}()
 2 SYSTEMPATH/Common.php(1178): CodeIgniter\View\View->render()
 3 APPPATH/Controllers/AdminController.php(158): view()
 4 SYSTEMPATH/CodeIgniter.php(943): App\Controllers\AdminController->alteraRespEmail()
 5 SYSTEMPATH/CodeIgniter.php(503): CodeIgniter\CodeIgniter->runController()
 6 SYSTEMPATH/CodeIgniter.php(361): CodeIgniter\CodeIgniter->handleRequest()
 7 FCPATH/index.php(79): CodeIgniter\CodeIgniter->run()
INFO - 2024-04-09 23:20:04 --> Session: Class initialized using 'CodeIgniter\Session\Handlers\FileHandler' driver.
CRITICAL - 2024-04-09 23:20:04 --> ErrorException: Undefined variable $data
in APPPATH/Views/admin/altera_email.php on line 10.
 1 APPPATH/Views/admin/altera_email.php(10): CodeIgniter\Debug\Exceptions->errorHandler()
 2 SYSTEMPATH/View/View.php(228): include('/home/vagrant/app/app/Views/admin/altera_email.php')
 3 SYSTEMPATH/View/View.php(231): CodeIgniter\View\View->CodeIgniter\View\{closure}()
 4 SYSTEMPATH/Common.php(1178): CodeIgniter\View\View->render()
 5 APPPATH/Controllers/AdminController.php(158): view()
 6 SYSTEMPATH/CodeIgniter.php(943): App\Controllers\AdminController->alteraRespEmail()
 7 SYSTEMPATH/CodeIgniter.php(503): CodeIgniter\CodeIgniter->runController()
 8 SYSTEMPATH/CodeIgniter.php(361): CodeIgniter\CodeIgniter->handleRequest()
 9 FCPATH/index.php(79): CodeIgniter\CodeIgniter->run()
INFO - 2024-04-09 23:21:05 --> Session: Class initialized using 'CodeIgniter\Session\Handlers\FileHandler' driver.
CRITICAL - 2024-04-09 23:21:05 --> ErrorException: Undefined variable $data
in APPPATH/Views/admin/altera_email.php on line 13.
 1 APPPATH/Views/admin/altera_email.php(13): CodeIgniter\Debug\Exceptions->errorHandler()
 2 SYSTEMPATH/View/View.php(228): include('/home/vagrant/app/app/Views/admin/altera_email.php')
 3 SYSTEMPATH/View/View.php(231): CodeIgniter\View\View->CodeIgniter\View\{closure}()
 4 SYSTEMPATH/Common.php(1178): CodeIgniter\View\View->render()
 5 APPPATH/Controllers/AdminController.php(158): view()
 6 SYSTEMPATH/CodeIgniter.php(943): App\Controllers\AdminController->alteraRespEmail()
 7 SYSTEMPATH/CodeIgniter.php(503): CodeIgniter\CodeIgniter->runController()
 8 SYSTEMPATH/CodeIgniter.php(361): CodeIgniter\CodeIgniter->handleRequest()
 9 FCPATH/index.php(79): CodeIgniter\CodeIgniter->run()
INFO - 2024-04-09 23:21:21 --> Session: Class initialized using 'CodeIgniter\Session\Handlers\FileHandler' driver.
INFO - 2024-04-09 23:21:45 --> Session: Class initialized using 'CodeIgniter\Session\Handlers\FileHandler' driver.
INFO - 2024-04-09 23:21:51 --> Session: Class initialized using 'CodeIgniter\Session\Handlers\FileHandler' driver.
INFO - 2024-04-09 23:23:57 --> Session: Class initialized using 'CodeIgniter\Session\Handlers\FileHandler' driver.
INFO - 2024-04-09 23:24:13 --> Session: Class initialized using 'CodeIgniter\Session\Handlers\FileHandler' driver.
INFO - 2024-04-09 23:24:22 --> Session: Class initialized using 'CodeIgniter\Session\Handlers\FileHandler' driver.
INFO - 2024-04-09 23:24:34 --> Session: Class initialized using 'CodeIgniter\Session\Handlers\FileHandler' driver.
INFO - 2024-04-09 23:24:36 --> CSRF token verified.
CRITICAL - 2024-04-09 23:24:36 --> ArgumentCountError: Too few arguments to function App\Controllers\AdminController::salvaNovoEmailResp(), 0 passed in /home/vagrant/app/system/CodeIgniter.php on line 943 and exactly 1 expected
in APPPATH/Controllers/AdminController.php on line 163.
 1 SYSTEMPATH/CodeIgniter.php(943): App\Controllers\AdminController->salvaNovoEmailResp()
 2 SYSTEMPATH/CodeIgniter.php(503): CodeIgniter\CodeIgniter->runController()
 3 SYSTEMPATH/CodeIgniter.php(361): CodeIgniter\CodeIgniter->handleRequest()
 4 FCPATH/index.php(79): CodeIgniter\CodeIgniter->run()
INFO - 2024-04-09 23:24:50 --> Session: Class initialized using 'CodeIgniter\Session\Handlers\FileHandler' driver.
INFO - 2024-04-09 23:24:51 --> CSRF token verified.
CRITICAL - 2024-04-09 23:24:51 --> ArgumentCountError: Too few arguments to function App\Controllers\AdminController::alteraRespEmail(), 0 passed in /home/vagrant/app/app/Controllers/AdminController.php on line 172 and exactly 1 expected
in APPPATH/Controllers/AdminController.php on line 146.
 1 APPPATH/Controllers/AdminController.php(172): App\Controllers\AdminController->alteraRespEmail()
 2 SYSTEMPATH/CodeIgniter.php(943): App\Controllers\AdminController->salvaNovoEmailResp()
 3 SYSTEMPATH/CodeIgniter.php(503): CodeIgniter\CodeIgniter->runController()
 4 SYSTEMPATH/CodeIgniter.php(361): CodeIgniter\CodeIgniter->handleRequest()
 5 FCPATH/index.php(79): CodeIgniter\CodeIgniter->run()
INFO - 2024-04-09 23:24:59 --> Session: Class initialized using 'CodeIgniter\Session\Handlers\FileHandler' driver.
INFO - 2024-04-09 23:25:01 --> Session: Class initialized using 'CodeIgniter\Session\Handlers\FileHandler' driver.
INFO - 2024-04-09 23:25:05 --> CSRF token verified.
CRITICAL - 2024-04-09 23:25:05 --> ArgumentCountError: Too few arguments to function App\Controllers\AdminController::alteraRespEmail(), 0 passed in /home/vagrant/app/app/Controllers/AdminController.php on line 172 and exactly 1 expected
in APPPATH/Controllers/AdminController.php on line 146.
 1 APPPATH/Controllers/AdminController.php(172): App\Controllers\AdminController->alteraRespEmail()
 2 SYSTEMPATH/CodeIgniter.php(943): App\Controllers\AdminController->salvaNovoEmailResp()
 3 SYSTEMPATH/CodeIgniter.php(503): CodeIgniter\CodeIgniter->runController()
 4 SYSTEMPATH/CodeIgniter.php(361): CodeIgniter\CodeIgniter->handleRequest()
 5 FCPATH/index.php(79): CodeIgniter\CodeIgniter->run()
INFO - 2024-04-09 23:25:18 --> Session: Class initialized using 'CodeIgniter\Session\Handlers\FileHandler' driver.
INFO - 2024-04-09 23:25:43 --> Session: Class initialized using 'CodeIgniter\Session\Handlers\FileHandler' driver.
INFO - 2024-04-09 23:25:44 --> CSRF token verified.
CRITICAL - 2024-04-09 23:25:44 --> ArgumentCountError: Too few arguments to function App\Controllers\AdminController::alteraRespEmail(), 0 passed in /home/vagrant/app/app/Controllers/AdminController.php on line 172 and exactly 1 expected
in APPPATH/Controllers/AdminController.php on line 146.
 1 APPPATH/Controllers/AdminController.php(172): App\Controllers\AdminController->alteraRespEmail()
 2 SYSTEMPATH/CodeIgniter.php(943): App\Controllers\AdminController->salvaNovoEmailResp()
 3 SYSTEMPATH/CodeIgniter.php(503): CodeIgniter\CodeIgniter->runController()
 4 SYSTEMPATH/CodeIgniter.php(361): CodeIgniter\CodeIgniter->handleRequest()
 5 FCPATH/index.php(79): CodeIgniter\CodeIgniter->run()
INFO - 2024-04-09 23:26:10 --> Session: Class initialized using 'CodeIgniter\Session\Handlers\FileHandler' driver.
INFO - 2024-04-09 23:27:14 --> Session: Class initialized using 'CodeIgniter\Session\Handlers\FileHandler' driver.
INFO - 2024-04-09 23:27:23 --> Session: Class initialized using 'CodeIgniter\Session\Handlers\FileHandler' driver.
INFO - 2024-04-09 23:27:26 --> CSRF token verified.
CRITICAL - 2024-04-09 23:27:26 --> ArgumentCountError: Too few arguments to function App\Controllers\AdminController::alteraRespEmail(), 0 passed in /home/vagrant/app/app/Controllers/AdminController.php on line 172 and exactly 1 expected
in APPPATH/Controllers/AdminController.php on line 146.
 1 APPPATH/Controllers/AdminController.php(172): App\Controllers\AdminController->alteraRespEmail()
 2 SYSTEMPATH/CodeIgniter.php(943): App\Controllers\AdminController->salvaNovoEmailResp()
 3 SYSTEMPATH/CodeIgniter.php(503): CodeIgniter\CodeIgniter->runController()
 4 SYSTEMPATH/CodeIgniter.php(361): CodeIgniter\CodeIgniter->handleRequest()
 5 FCPATH/index.php(79): CodeIgniter\CodeIgniter->run()
INFO - 2024-04-09 23:27:34 --> Session: Class initialized using 'CodeIgniter\Session\Handlers\FileHandler' driver.
INFO - 2024-04-09 23:27:56 --> CSRF token verified.
CRITICAL - 2024-04-09 23:27:56 --> ArgumentCountError: Too few arguments to function App\Controllers\AdminController::alteraRespEmail(), 0 passed in /home/vagrant/app/app/Controllers/AdminController.php on line 172 and exactly 1 expected
in APPPATH/Controllers/AdminController.php on line 146.
 1 APPPATH/Controllers/AdminController.php(172): App\Controllers\AdminController->alteraRespEmail()
 2 SYSTEMPATH/CodeIgniter.php(943): App\Controllers\AdminController->salvaNovoEmailResp()
 3 SYSTEMPATH/CodeIgniter.php(503): CodeIgniter\CodeIgniter->runController()
 4 SYSTEMPATH/CodeIgniter.php(361): CodeIgniter\CodeIgniter->handleRequest()
 5 FCPATH/index.php(79): CodeIgniter\CodeIgniter->run()
INFO - 2024-04-09 23:28:58 --> Session: Class initialized using 'CodeIgniter\Session\Handlers\FileHandler' driver.
INFO - 2024-04-09 23:28:59 --> Session: Class initialized using 'CodeIgniter\Session\Handlers\FileHandler' driver.
INFO - 2024-04-09 23:29:02 --> CSRF token verified.
CRITICAL - 2024-04-09 23:29:02 --> ArgumentCountError: Too few arguments to function App\Controllers\AdminController::alteraRespEmail(), 0 passed in /home/vagrant/app/app/Controllers/AdminController.php on line 172 and exactly 1 expected
in APPPATH/Controllers/AdminController.php on line 146.
 1 APPPATH/Controllers/AdminController.php(172): App\Controllers\AdminController->alteraRespEmail()
 2 SYSTEMPATH/CodeIgniter.php(943): App\Controllers\AdminController->salvaNovoEmailResp()
 3 SYSTEMPATH/CodeIgniter.php(503): CodeIgniter\CodeIgniter->runController()
 4 SYSTEMPATH/CodeIgniter.php(361): CodeIgniter\CodeIgniter->handleRequest()
 5 FCPATH/index.php(79): CodeIgniter\CodeIgniter->run()
INFO - 2024-04-09 23:29:14 --> Session: Class initialized using 'CodeIgniter\Session\Handlers\FileHandler' driver.
INFO - 2024-04-09 23:29:50 --> Session: Class initialized using 'CodeIgniter\Session\Handlers\FileHandler' driver.
INFO - 2024-04-09 23:29:55 --> Session: Class initialized using 'CodeIgniter\Session\Handlers\FileHandler' driver.
INFO - 2024-04-09 23:30:01 --> Session: Class initialized using 'CodeIgniter\Session\Handlers\FileHandler' driver.
INFO - 2024-04-09 23:30:04 --> CSRF token verified.
CRITICAL - 2024-04-09 23:30:04 --> ArgumentCountError: Too few arguments to function App\Controllers\AdminController::alteraRespEmail(), 0 passed in /home/vagrant/app/app/Controllers/AdminController.php on line 172 and exactly 1 expected
in APPPATH/Controllers/AdminController.php on line 146.
 1 APPPATH/Controllers/AdminController.php(172): App\Controllers\AdminController->alteraRespEmail()
 2 SYSTEMPATH/CodeIgniter.php(943): App\Controllers\AdminController->salvaNovoEmailResp()
 3 SYSTEMPATH/CodeIgniter.php(503): CodeIgniter\CodeIgniter->runController()
 4 SYSTEMPATH/CodeIgniter.php(361): CodeIgniter\CodeIgniter->handleRequest()
 5 FCPATH/index.php(79): CodeIgniter\CodeIgniter->run()
INFO - 2024-04-09 23:31:37 --> Session: Class initialized using 'CodeIgniter\Session\Handlers\FileHandler' driver.
INFO - 2024-04-09 23:31:45 --> Session: Class initialized using 'CodeIgniter\Session\Handlers\FileHandler' driver.
INFO - 2024-04-09 23:31:52 --> Session: Class initialized using 'CodeIgniter\Session\Handlers\FileHandler' driver.
INFO - 2024-04-09 23:31:54 --> CSRF token verified.
INFO - 2024-04-09 23:31:54 --> Session: Class initialized using 'CodeIgniter\Session\Handlers\FileHandler' driver.
CRITICAL - 2024-04-09 23:32:10 --> CodeIgniter\Security\Exceptions\SecurityException: The action you requested is not allowed.
in SYSTEMPATH/Security/Security.php on line 300.
 1 SYSTEMPATH/Security/Security.php(300): CodeIgniter\Security\Exceptions\SecurityException::forDisallowedAction()
 2 SYSTEMPATH/Filters/CSRF.php(56): CodeIgniter\Security\Security->verify()
 3 SYSTEMPATH/Filters/Filters.php(182): CodeIgniter\Filters\CSRF->before()
 4 SYSTEMPATH/CodeIgniter.php(475): CodeIgniter\Filters\Filters->run()
 5 SYSTEMPATH/CodeIgniter.php(361): CodeIgniter\CodeIgniter->handleRequest()
 6 FCPATH/index.php(79): CodeIgniter\CodeIgniter->run()
INFO - 2024-04-09 23:32:13 --> Session: Class initialized using 'CodeIgniter\Session\Handlers\FileHandler' driver.
INFO - 2024-04-09 23:32:15 --> Session: Class initialized using 'CodeIgniter\Session\Handlers\FileHandler' driver.
INFO - 2024-04-09 23:32:17 --> CSRF token verified.
CRITICAL - 2024-04-09 23:32:17 --> ErrorException: Undefined array key "CPF"
in APPPATH/Controllers/AdminController.php on line 176.
 1 APPPATH/Controllers/AdminController.php(176): CodeIgniter\Debug\Exceptions->errorHandler()
 2 SYSTEMPATH/CodeIgniter.php(943): App\Controllers\AdminController->salvaNovoEmailResp()
 3 SYSTEMPATH/CodeIgniter.php(503): CodeIgniter\CodeIgniter->runController()
 4 SYSTEMPATH/CodeIgniter.php(361): CodeIgniter\CodeIgniter->handleRequest()
 5 FCPATH/index.php(79): CodeIgniter\CodeIgniter->run()
INFO - 2024-04-09 23:32:19 --> Session: Class initialized using 'CodeIgniter\Session\Handlers\FileHandler' driver.
INFO - 2024-04-09 23:32:59 --> Session: Class initialized using 'CodeIgniter\Session\Handlers\FileHandler' driver.
INFO - 2024-04-09 23:33:02 --> CSRF token verified.
CRITICAL - 2024-04-09 23:33:02 --> ErrorException: Undefined variable $respModel
in APPPATH/Controllers/AdminController.php on line 180.
 1 APPPATH/Controllers/AdminController.php(180): CodeIgniter\Debug\Exceptions->errorHandler()
 2 SYSTEMPATH/CodeIgniter.php(943): App\Controllers\AdminController->salvaNovoEmailResp()
 3 SYSTEMPATH/CodeIgniter.php(503): CodeIgniter\CodeIgniter->runController()
 4 SYSTEMPATH/CodeIgniter.php(361): CodeIgniter\CodeIgniter->handleRequest()
 5 FCPATH/index.php(79): CodeIgniter\CodeIgniter->run()
INFO - 2024-04-09 23:33:47 --> Session: Class initialized using 'CodeIgniter\Session\Handlers\FileHandler' driver.
INFO - 2024-04-09 23:33:50 --> CSRF token verified.
CRITICAL - 2024-04-09 23:33:50 --> ErrorException: Undefined variable $Email
in APPPATH/Models/RespModel.php on line 39.
 1 APPPATH/Models/RespModel.php(39): CodeIgniter\Debug\Exceptions->errorHandler()
 2 APPPATH/Controllers/AdminController.php(180): App\Models\RespModel->updateEmail()
 3 SYSTEMPATH/CodeIgniter.php(943): App\Controllers\AdminController->salvaNovoEmailResp()
 4 SYSTEMPATH/CodeIgniter.php(503): CodeIgniter\CodeIgniter->runController()
 5 SYSTEMPATH/CodeIgniter.php(361): CodeIgniter\CodeIgniter->handleRequest()
 6 FCPATH/index.php(79): CodeIgniter\CodeIgniter->run()
