ERROR - 2024-06-09 21:10:15 --> mysqli_sql_exception: Duplicate entry 'email_password-admin2@admin.com' for key 'auth_identities.type_secret' in D:\!staging\TESC-IoT\App\system\Database\MySQLi\Connection.php:306
Stack trace:
#0 D:\!staging\TESC-IoT\App\system\Database\MySQLi\Connection.php(306): mysqli->query('INSERT INTO `au...', 0)
#1 D:\!staging\TESC-IoT\App\system\Database\BaseConnection.php(693): CodeIgniter\Database\MySQLi\Connection->execute('INSERT INTO `au...')
#2 D:\!staging\TESC-IoT\App\system\Database\BaseConnection.php(607): CodeIgniter\Database\BaseConnection->simpleQuery('INSERT INTO `au...')
#3 D:\!staging\TESC-IoT\App\system\Database\BaseBuilder.php(2307): CodeIgniter\Database\BaseConnection->query('INSERT INTO `au...', Array, false)
#4 D:\!staging\TESC-IoT\App\system\Model.php(327): CodeIgniter\Database\BaseBuilder->insert()
#5 D:\!staging\TESC-IoT\App\system\BaseModel.php(802): CodeIgniter\Model->doInsert(Array)
#6 D:\!staging\TESC-IoT\App\system\Model.php(749): CodeIgniter\BaseModel->insert(Array, true)
#7 D:\!staging\TESC-IoT\App\vendor\codeigniter4\shield\src\Models\UserIdentityModel.php(89): CodeIgniter\Model->insert(Array)
#8 D:\!staging\TESC-IoT\App\vendor\codeigniter4\shield\src\Entities\User.php(145): CodeIgniter\Shield\Models\UserIdentityModel->createEmailIdentity(Object(CodeIgniter\Shield\Entities\User), Array)
#9 D:\!staging\TESC-IoT\App\vendor\codeigniter4\shield\src\Entities\User.php(177): CodeIgniter\Shield\Entities\User->createEmailIdentity(Array)
#10 D:\!staging\TESC-IoT\App\vendor\codeigniter4\shield\src\Models\UserModel.php(358): CodeIgniter\Shield\Entities\User->saveEmailIdentity()
#11 D:\!staging\TESC-IoT\App\system\BaseModel.php(1646): CodeIgniter\Shield\Models\UserModel->saveEmailIdentity(Array)
#12 D:\!staging\TESC-IoT\App\system\BaseModel.php(812): CodeIgniter\BaseModel->trigger('afterInsert', Array)
#13 D:\!staging\TESC-IoT\App\system\Model.php(749): CodeIgniter\BaseModel->insert(Array, false)
#14 D:\!staging\TESC-IoT\App\vendor\codeigniter4\shield\src\Models\UserModel.php(265): CodeIgniter\Model->insert(Object(CodeIgniter\Shield\Entities\User), false)
#15 D:\!staging\TESC-IoT\App\system\BaseModel.php(713): CodeIgniter\Shield\Models\UserModel->insert(Object(CodeIgniter\Shield\Entities\User), false)
#16 D:\!staging\TESC-IoT\App\vendor\codeigniter4\shield\src\Models\UserModel.php(327): CodeIgniter\BaseModel->save(Object(CodeIgniter\Shield\Entities\User))
#17 D:\!staging\TESC-IoT\App\App\Models\RespModel.php(24): CodeIgniter\Shield\Models\UserModel->save(Object(CodeIgniter\Shield\Entities\User))
#18 D:\!staging\TESC-IoT\App\App\Controllers\RespController.php(35): App\Models\RespModel->criaResp(Array)
#19 D:\!staging\TESC-IoT\App\system\CodeIgniter.php(943): App\Controllers\RespController->POSTnovoResp()
#20 D:\!staging\TESC-IoT\App\system\CodeIgniter.php(503): CodeIgniter\CodeIgniter->runController(Object(App\Controllers\RespController))
#21 D:\!staging\TESC-IoT\App\system\CodeIgniter.php(361): CodeIgniter\CodeIgniter->handleRequest(NULL, Object(Config\Cache), false)
#22 D:\!staging\TESC-IoT\App\public\index.php(79): CodeIgniter\CodeIgniter->run()
#23 {main}
CRITICAL - 2024-06-09 21:10:15 --> CodeIgniter\Shield\Models\DatabaseException: Query error: 1062, Duplicate entry 'email_password-admin2@admin.com' for key 'auth_identities.type_secret', query: INSERT INTO `auth_identities` (`user_id`, `type`, `secret`, `secret2`, `created_at`, `updated_at`) VALUES (5, 'email_password', 'admin2@admin.com', '$2y$12$2MQwwAdbjqRAa1YbPIxDtui2hFqLxdg11bHSRJJQ3tPWuRnlwx29q', '2024-06-09 21:10:15', '2024-06-09 21:10:15')
in VENDORPATH\codeigniter4\shield\src\Models\CheckQueryReturnTrait.php on line 38.
 1 VENDORPATH\codeigniter4\shield\src\Models\UserIdentityModel.php(92): CodeIgniter\Shield\Models\BaseModel->checkQueryReturn(false)
 2 VENDORPATH\codeigniter4\shield\src\Entities\User.php(145): CodeIgniter\Shield\Models\UserIdentityModel->createEmailIdentity(Object(CodeIgniter\Shield\Entities\User), [...])
 3 VENDORPATH\codeigniter4\shield\src\Entities\User.php(177): CodeIgniter\Shield\Entities\User->createEmailIdentity([...])
 4 VENDORPATH\codeigniter4\shield\src\Models\UserModel.php(358): CodeIgniter\Shield\Entities\User->saveEmailIdentity()
 5 SYSTEMPATH\BaseModel.php(1646): CodeIgniter\Shield\Models\UserModel->saveEmailIdentity([...])
 6 SYSTEMPATH\BaseModel.php(812): CodeIgniter\BaseModel->trigger('afterInsert', [...])
 7 SYSTEMPATH\Model.php(749): CodeIgniter\BaseModel->insert([...], false)
 8 VENDORPATH\codeigniter4\shield\src\Models\UserModel.php(265): CodeIgniter\Model->insert(Object(CodeIgniter\Shield\Entities\User), false)
 9 SYSTEMPATH\BaseModel.php(713): CodeIgniter\Shield\Models\UserModel->insert(Object(CodeIgniter\Shield\Entities\User), false)
10 VENDORPATH\codeigniter4\shield\src\Models\UserModel.php(327): CodeIgniter\BaseModel->save(Object(CodeIgniter\Shield\Entities\User))
11 APPPATH\Models\RespModel.php(24): CodeIgniter\Shield\Models\UserModel->save(Object(CodeIgniter\Shield\Entities\User))
12 APPPATH\Controllers\RespController.php(35): App\Models\RespModel->criaResp([...])
13 SYSTEMPATH\CodeIgniter.php(943): App\Controllers\RespController->POSTnovoResp()
14 SYSTEMPATH\CodeIgniter.php(503): CodeIgniter\CodeIgniter->runController(Object(App\Controllers\RespController))
15 SYSTEMPATH\CodeIgniter.php(361): CodeIgniter\CodeIgniter->handleRequest(null, Object(Config\Cache), false)
16 FCPATH\index.php(79): CodeIgniter\CodeIgniter->run()
CRITICAL - 2024-06-09 21:52:58 --> ParseError: syntax error, unexpected identifier "CEDUP"
in APPPATH\Views\admin\admin.php on line 19.
 1 SYSTEMPATH\View\View.php(231): CodeIgniter\View\View->CodeIgniter\View\{closure}()
 2 SYSTEMPATH\Common.php(1178): CodeIgniter\View\View->render('Views/admin/admin', [], true)
 3 APPPATH\Controllers\AdminController.php(50): view('Views/admin/admin', [...])
 4 SYSTEMPATH\CodeIgniter.php(943): App\Controllers\AdminController->adminIndex()
 5 SYSTEMPATH\CodeIgniter.php(503): CodeIgniter\CodeIgniter->runController(Object(App\Controllers\AdminController))
 6 SYSTEMPATH\CodeIgniter.php(361): CodeIgniter\CodeIgniter->handleRequest(null, Object(Config\Cache), false)
 7 FCPATH\index.php(79): CodeIgniter\CodeIgniter->run()
CRITICAL - 2024-06-09 21:53:06 --> ParseError: syntax error, unexpected identifier "CEDUP"
in APPPATH\Views\admin\admin.php on line 19.
 1 SYSTEMPATH\View\View.php(231): CodeIgniter\View\View->CodeIgniter\View\{closure}()
 2 SYSTEMPATH\Common.php(1178): CodeIgniter\View\View->render('Views/admin/admin', [], true)
 3 APPPATH\Controllers\AdminController.php(50): view('Views/admin/admin', [...])
 4 SYSTEMPATH\CodeIgniter.php(943): App\Controllers\AdminController->adminIndex()
 5 SYSTEMPATH\CodeIgniter.php(503): CodeIgniter\CodeIgniter->runController(Object(App\Controllers\AdminController))
 6 SYSTEMPATH\CodeIgniter.php(361): CodeIgniter\CodeIgniter->handleRequest(null, Object(Config\Cache), false)
 7 FCPATH\index.php(79): CodeIgniter\CodeIgniter->run()
