CRITICAL - 2024-06-05 21:01:02 --> ErrorException: Attempt to read property "Matr" on null
in APPPATH\Models\StatusModel.php on line 33.
 1 APPPATH\Models\StatusModel.php(33): CodeIgniter\Debug\Exceptions->errorHandler(2, 'Attempt to read property "Matr" on null', 'D:\\!staging\\TESC-IoT\\App\\App\\Models\\StatusModel.php', 33)
 2 APPPATH\Controllers\AlunoController.php(90): App\Models\StatusModel->insertEvent(null)
 3 SYSTEMPATH\CodeIgniter.php(943): App\Controllers\AlunoController->POSTevtAluno()
 4 SYSTEMPATH\CodeIgniter.php(503): CodeIgniter\CodeIgniter->runController(Object(App\Controllers\AlunoController))
 5 SYSTEMPATH\CodeIgniter.php(361): CodeIgniter\CodeIgniter->handleRequest(null, Object(Config\Cache), false)
 6 FCPATH\index.php(79): CodeIgniter\CodeIgniter->run()
CRITICAL - 2024-06-05 21:01:08 --> ErrorException: Attempt to read property "Matr" on null
in APPPATH\Models\StatusModel.php on line 33.
 1 APPPATH\Models\StatusModel.php(33): CodeIgniter\Debug\Exceptions->errorHandler(2, 'Attempt to read property "Matr" on null', 'D:\\!staging\\TESC-IoT\\App\\App\\Models\\StatusModel.php', 33)
 2 APPPATH\Controllers\AlunoController.php(90): App\Models\StatusModel->insertEvent(null)
 3 SYSTEMPATH\CodeIgniter.php(943): App\Controllers\AlunoController->POSTevtAluno()
 4 SYSTEMPATH\CodeIgniter.php(503): CodeIgniter\CodeIgniter->runController(Object(App\Controllers\AlunoController))
 5 SYSTEMPATH\CodeIgniter.php(361): CodeIgniter\CodeIgniter->handleRequest(null, Object(Config\Cache), false)
 6 FCPATH\index.php(79): CodeIgniter\CodeIgniter->run()
CRITICAL - 2024-06-05 21:01:09 --> ErrorException: Attempt to read property "Matr" on null
in APPPATH\Models\StatusModel.php on line 33.
 1 APPPATH\Models\StatusModel.php(33): CodeIgniter\Debug\Exceptions->errorHandler(2, 'Attempt to read property "Matr" on null', 'D:\\!staging\\TESC-IoT\\App\\App\\Models\\StatusModel.php', 33)
 2 APPPATH\Controllers\AlunoController.php(90): App\Models\StatusModel->insertEvent(null)
 3 SYSTEMPATH\CodeIgniter.php(943): App\Controllers\AlunoController->POSTevtAluno()
 4 SYSTEMPATH\CodeIgniter.php(503): CodeIgniter\CodeIgniter->runController(Object(App\Controllers\AlunoController))
 5 SYSTEMPATH\CodeIgniter.php(361): CodeIgniter\CodeIgniter->handleRequest(null, Object(Config\Cache), false)
 6 FCPATH\index.php(79): CodeIgniter\CodeIgniter->run()
CRITICAL - 2024-06-05 22:38:11 --> ErrorException: Attempt to read property "Matr" on null
in APPPATH\Models\StatusModel.php on line 33.
 1 APPPATH\Models\StatusModel.php(33): CodeIgniter\Debug\Exceptions->errorHandler(2, 'Attempt to read property "Matr" on null', 'D:\\!staging\\TESC-IoT\\App\\App\\Models\\StatusModel.php', 33)
 2 APPPATH\Controllers\AlunoController.php(90): App\Models\StatusModel->insertEvent(null)
 3 SYSTEMPATH\CodeIgniter.php(943): App\Controllers\AlunoController->POSTevtAluno()
 4 SYSTEMPATH\CodeIgniter.php(503): CodeIgniter\CodeIgniter->runController(Object(App\Controllers\AlunoController))
 5 SYSTEMPATH\CodeIgniter.php(361): CodeIgniter\CodeIgniter->handleRequest(null, Object(Config\Cache), false)
 6 FCPATH\index.php(79): CodeIgniter\CodeIgniter->run()
CRITICAL - 2024-06-05 22:38:51 --> ErrorException: Attempt to read property "Matr" on null
in APPPATH\Models\StatusModel.php on line 33.
 1 APPPATH\Models\StatusModel.php(33): CodeIgniter\Debug\Exceptions->errorHandler(2, 'Attempt to read property "Matr" on null', 'D:\\!staging\\TESC-IoT\\App\\App\\Models\\StatusModel.php', 33)
 2 APPPATH\Controllers\AlunoController.php(90): App\Models\StatusModel->insertEvent(null)
 3 SYSTEMPATH\CodeIgniter.php(943): App\Controllers\AlunoController->POSTevtAluno()
 4 SYSTEMPATH\CodeIgniter.php(503): CodeIgniter\CodeIgniter->runController(Object(App\Controllers\AlunoController))
 5 SYSTEMPATH\CodeIgniter.php(361): CodeIgniter\CodeIgniter->handleRequest(null, Object(Config\Cache), false)
 6 FCPATH\index.php(79): CodeIgniter\CodeIgniter->run()
CRITICAL - 2024-06-05 22:45:57 --> ErrorException: Attempt to read property "Matr" on null
in APPPATH\Models\StatusModel.php on line 33.
 1 APPPATH\Models\StatusModel.php(33): CodeIgniter\Debug\Exceptions->errorHandler(2, 'Attempt to read property "Matr" on null', 'D:\\!staging\\TESC-IoT\\App\\App\\Models\\StatusModel.php', 33)
 2 APPPATH\Controllers\AlunoController.php(90): App\Models\StatusModel->insertEvent(null)
 3 SYSTEMPATH\CodeIgniter.php(943): App\Controllers\AlunoController->POSTevtAluno()
 4 SYSTEMPATH\CodeIgniter.php(503): CodeIgniter\CodeIgniter->runController(Object(App\Controllers\AlunoController))
 5 SYSTEMPATH\CodeIgniter.php(361): CodeIgniter\CodeIgniter->handleRequest(null, Object(Config\Cache), false)
 6 FCPATH\index.php(79): CodeIgniter\CodeIgniter->run()
CRITICAL - 2024-06-05 22:45:57 --> ErrorException: Attempt to read property "Matr" on null
in APPPATH\Models\StatusModel.php on line 33.
 1 APPPATH\Models\StatusModel.php(33): CodeIgniter\Debug\Exceptions->errorHandler(2, 'Attempt to read property "Matr" on null', 'D:\\!staging\\TESC-IoT\\App\\App\\Models\\StatusModel.php', 33)
 2 APPPATH\Controllers\AlunoController.php(90): App\Models\StatusModel->insertEvent(null)
 3 SYSTEMPATH\CodeIgniter.php(943): App\Controllers\AlunoController->POSTevtAluno()
 4 SYSTEMPATH\CodeIgniter.php(503): CodeIgniter\CodeIgniter->runController(Object(App\Controllers\AlunoController))
 5 SYSTEMPATH\CodeIgniter.php(361): CodeIgniter\CodeIgniter->handleRequest(null, Object(Config\Cache), false)
 6 FCPATH\index.php(79): CodeIgniter\CodeIgniter->run()
CRITICAL - 2024-06-05 22:45:57 --> ErrorException: Attempt to read property "Matr" on null
in APPPATH\Models\StatusModel.php on line 33.
 1 APPPATH\Models\StatusModel.php(33): CodeIgniter\Debug\Exceptions->errorHandler(2, 'Attempt to read property "Matr" on null', 'D:\\!staging\\TESC-IoT\\App\\App\\Models\\StatusModel.php', 33)
 2 APPPATH\Controllers\AlunoController.php(90): App\Models\StatusModel->insertEvent(null)
 3 SYSTEMPATH\CodeIgniter.php(943): App\Controllers\AlunoController->POSTevtAluno()
 4 SYSTEMPATH\CodeIgniter.php(503): CodeIgniter\CodeIgniter->runController(Object(App\Controllers\AlunoController))
 5 SYSTEMPATH\CodeIgniter.php(361): CodeIgniter\CodeIgniter->handleRequest(null, Object(Config\Cache), false)
 6 FCPATH\index.php(79): CodeIgniter\CodeIgniter->run()
CRITICAL - 2024-06-05 22:45:58 --> ErrorException: Attempt to read property "Matr" on null
in APPPATH\Models\StatusModel.php on line 33.
 1 APPPATH\Models\StatusModel.php(33): CodeIgniter\Debug\Exceptions->errorHandler(2, 'Attempt to read property "Matr" on null', 'D:\\!staging\\TESC-IoT\\App\\App\\Models\\StatusModel.php', 33)
 2 APPPATH\Controllers\AlunoController.php(90): App\Models\StatusModel->insertEvent(null)
 3 SYSTEMPATH\CodeIgniter.php(943): App\Controllers\AlunoController->POSTevtAluno()
 4 SYSTEMPATH\CodeIgniter.php(503): CodeIgniter\CodeIgniter->runController(Object(App\Controllers\AlunoController))
 5 SYSTEMPATH\CodeIgniter.php(361): CodeIgniter\CodeIgniter->handleRequest(null, Object(Config\Cache), false)
 6 FCPATH\index.php(79): CodeIgniter\CodeIgniter->run()
CRITICAL - 2024-06-05 22:45:59 --> ErrorException: Attempt to read property "Matr" on null
in APPPATH\Models\StatusModel.php on line 33.
 1 APPPATH\Models\StatusModel.php(33): CodeIgniter\Debug\Exceptions->errorHandler(2, 'Attempt to read property "Matr" on null', 'D:\\!staging\\TESC-IoT\\App\\App\\Models\\StatusModel.php', 33)
 2 APPPATH\Controllers\AlunoController.php(90): App\Models\StatusModel->insertEvent(null)
 3 SYSTEMPATH\CodeIgniter.php(943): App\Controllers\AlunoController->POSTevtAluno()
 4 SYSTEMPATH\CodeIgniter.php(503): CodeIgniter\CodeIgniter->runController(Object(App\Controllers\AlunoController))
 5 SYSTEMPATH\CodeIgniter.php(361): CodeIgniter\CodeIgniter->handleRequest(null, Object(Config\Cache), false)
 6 FCPATH\index.php(79): CodeIgniter\CodeIgniter->run()
CRITICAL - 2024-06-05 22:45:59 --> ErrorException: Attempt to read property "Matr" on null
in APPPATH\Models\StatusModel.php on line 33.
 1 APPPATH\Models\StatusModel.php(33): CodeIgniter\Debug\Exceptions->errorHandler(2, 'Attempt to read property "Matr" on null', 'D:\\!staging\\TESC-IoT\\App\\App\\Models\\StatusModel.php', 33)
 2 APPPATH\Controllers\AlunoController.php(90): App\Models\StatusModel->insertEvent(null)
 3 SYSTEMPATH\CodeIgniter.php(943): App\Controllers\AlunoController->POSTevtAluno()
 4 SYSTEMPATH\CodeIgniter.php(503): CodeIgniter\CodeIgniter->runController(Object(App\Controllers\AlunoController))
 5 SYSTEMPATH\CodeIgniter.php(361): CodeIgniter\CodeIgniter->handleRequest(null, Object(Config\Cache), false)
 6 FCPATH\index.php(79): CodeIgniter\CodeIgniter->run()
CRITICAL - 2024-06-05 22:45:59 --> ErrorException: Attempt to read property "Matr" on null
in APPPATH\Models\StatusModel.php on line 33.
 1 APPPATH\Models\StatusModel.php(33): CodeIgniter\Debug\Exceptions->errorHandler(2, 'Attempt to read property "Matr" on null', 'D:\\!staging\\TESC-IoT\\App\\App\\Models\\StatusModel.php', 33)
 2 APPPATH\Controllers\AlunoController.php(90): App\Models\StatusModel->insertEvent(null)
 3 SYSTEMPATH\CodeIgniter.php(943): App\Controllers\AlunoController->POSTevtAluno()
 4 SYSTEMPATH\CodeIgniter.php(503): CodeIgniter\CodeIgniter->runController(Object(App\Controllers\AlunoController))
 5 SYSTEMPATH\CodeIgniter.php(361): CodeIgniter\CodeIgniter->handleRequest(null, Object(Config\Cache), false)
 6 FCPATH\index.php(79): CodeIgniter\CodeIgniter->run()
CRITICAL - 2024-06-05 22:46:00 --> ErrorException: Attempt to read property "Matr" on null
in APPPATH\Models\StatusModel.php on line 33.
 1 APPPATH\Models\StatusModel.php(33): CodeIgniter\Debug\Exceptions->errorHandler(2, 'Attempt to read property "Matr" on null', 'D:\\!staging\\TESC-IoT\\App\\App\\Models\\StatusModel.php', 33)
 2 APPPATH\Controllers\AlunoController.php(90): App\Models\StatusModel->insertEvent(null)
 3 SYSTEMPATH\CodeIgniter.php(943): App\Controllers\AlunoController->POSTevtAluno()
 4 SYSTEMPATH\CodeIgniter.php(503): CodeIgniter\CodeIgniter->runController(Object(App\Controllers\AlunoController))
 5 SYSTEMPATH\CodeIgniter.php(361): CodeIgniter\CodeIgniter->handleRequest(null, Object(Config\Cache), false)
 6 FCPATH\index.php(79): CodeIgniter\CodeIgniter->run()
CRITICAL - 2024-06-05 22:46:00 --> ErrorException: Attempt to read property "Matr" on null
in APPPATH\Models\StatusModel.php on line 33.
 1 APPPATH\Models\StatusModel.php(33): CodeIgniter\Debug\Exceptions->errorHandler(2, 'Attempt to read property "Matr" on null', 'D:\\!staging\\TESC-IoT\\App\\App\\Models\\StatusModel.php', 33)
 2 APPPATH\Controllers\AlunoController.php(90): App\Models\StatusModel->insertEvent(null)
 3 SYSTEMPATH\CodeIgniter.php(943): App\Controllers\AlunoController->POSTevtAluno()
 4 SYSTEMPATH\CodeIgniter.php(503): CodeIgniter\CodeIgniter->runController(Object(App\Controllers\AlunoController))
 5 SYSTEMPATH\CodeIgniter.php(361): CodeIgniter\CodeIgniter->handleRequest(null, Object(Config\Cache), false)
 6 FCPATH\index.php(79): CodeIgniter\CodeIgniter->run()
CRITICAL - 2024-06-05 22:46:00 --> ErrorException: Attempt to read property "Matr" on null
in APPPATH\Models\StatusModel.php on line 33.
 1 APPPATH\Models\StatusModel.php(33): CodeIgniter\Debug\Exceptions->errorHandler(2, 'Attempt to read property "Matr" on null', 'D:\\!staging\\TESC-IoT\\App\\App\\Models\\StatusModel.php', 33)
 2 APPPATH\Controllers\AlunoController.php(90): App\Models\StatusModel->insertEvent(null)
 3 SYSTEMPATH\CodeIgniter.php(943): App\Controllers\AlunoController->POSTevtAluno()
 4 SYSTEMPATH\CodeIgniter.php(503): CodeIgniter\CodeIgniter->runController(Object(App\Controllers\AlunoController))
 5 SYSTEMPATH\CodeIgniter.php(361): CodeIgniter\CodeIgniter->handleRequest(null, Object(Config\Cache), false)
 6 FCPATH\index.php(79): CodeIgniter\CodeIgniter->run()
CRITICAL - 2024-06-05 22:46:00 --> ErrorException: Attempt to read property "Matr" on null
in APPPATH\Models\StatusModel.php on line 33.
 1 APPPATH\Models\StatusModel.php(33): CodeIgniter\Debug\Exceptions->errorHandler(2, 'Attempt to read property "Matr" on null', 'D:\\!staging\\TESC-IoT\\App\\App\\Models\\StatusModel.php', 33)
 2 APPPATH\Controllers\AlunoController.php(90): App\Models\StatusModel->insertEvent(null)
 3 SYSTEMPATH\CodeIgniter.php(943): App\Controllers\AlunoController->POSTevtAluno()
 4 SYSTEMPATH\CodeIgniter.php(503): CodeIgniter\CodeIgniter->runController(Object(App\Controllers\AlunoController))
 5 SYSTEMPATH\CodeIgniter.php(361): CodeIgniter\CodeIgniter->handleRequest(null, Object(Config\Cache), false)
 6 FCPATH\index.php(79): CodeIgniter\CodeIgniter->run()
CRITICAL - 2024-06-05 22:46:01 --> ErrorException: Attempt to read property "Matr" on null
in APPPATH\Models\StatusModel.php on line 33.
 1 APPPATH\Models\StatusModel.php(33): CodeIgniter\Debug\Exceptions->errorHandler(2, 'Attempt to read property "Matr" on null', 'D:\\!staging\\TESC-IoT\\App\\App\\Models\\StatusModel.php', 33)
 2 APPPATH\Controllers\AlunoController.php(90): App\Models\StatusModel->insertEvent(null)
 3 SYSTEMPATH\CodeIgniter.php(943): App\Controllers\AlunoController->POSTevtAluno()
 4 SYSTEMPATH\CodeIgniter.php(503): CodeIgniter\CodeIgniter->runController(Object(App\Controllers\AlunoController))
 5 SYSTEMPATH\CodeIgniter.php(361): CodeIgniter\CodeIgniter->handleRequest(null, Object(Config\Cache), false)
 6 FCPATH\index.php(79): CodeIgniter\CodeIgniter->run()
CRITICAL - 2024-06-05 22:46:01 --> ErrorException: Attempt to read property "Matr" on null
in APPPATH\Models\StatusModel.php on line 33.
 1 APPPATH\Models\StatusModel.php(33): CodeIgniter\Debug\Exceptions->errorHandler(2, 'Attempt to read property "Matr" on null', 'D:\\!staging\\TESC-IoT\\App\\App\\Models\\StatusModel.php', 33)
 2 APPPATH\Controllers\AlunoController.php(90): App\Models\StatusModel->insertEvent(null)
 3 SYSTEMPATH\CodeIgniter.php(943): App\Controllers\AlunoController->POSTevtAluno()
 4 SYSTEMPATH\CodeIgniter.php(503): CodeIgniter\CodeIgniter->runController(Object(App\Controllers\AlunoController))
 5 SYSTEMPATH\CodeIgniter.php(361): CodeIgniter\CodeIgniter->handleRequest(null, Object(Config\Cache), false)
 6 FCPATH\index.php(79): CodeIgniter\CodeIgniter->run()
CRITICAL - 2024-06-05 22:46:02 --> ErrorException: Attempt to read property "Matr" on null
in APPPATH\Models\StatusModel.php on line 33.
 1 APPPATH\Models\StatusModel.php(33): CodeIgniter\Debug\Exceptions->errorHandler(2, 'Attempt to read property "Matr" on null', 'D:\\!staging\\TESC-IoT\\App\\App\\Models\\StatusModel.php', 33)
 2 APPPATH\Controllers\AlunoController.php(90): App\Models\StatusModel->insertEvent(null)
 3 SYSTEMPATH\CodeIgniter.php(943): App\Controllers\AlunoController->POSTevtAluno()
 4 SYSTEMPATH\CodeIgniter.php(503): CodeIgniter\CodeIgniter->runController(Object(App\Controllers\AlunoController))
 5 SYSTEMPATH\CodeIgniter.php(361): CodeIgniter\CodeIgniter->handleRequest(null, Object(Config\Cache), false)
 6 FCPATH\index.php(79): CodeIgniter\CodeIgniter->run()
CRITICAL - 2024-06-05 22:46:03 --> ErrorException: Attempt to read property "Matr" on null
in APPPATH\Models\StatusModel.php on line 33.
 1 APPPATH\Models\StatusModel.php(33): CodeIgniter\Debug\Exceptions->errorHandler(2, 'Attempt to read property "Matr" on null', 'D:\\!staging\\TESC-IoT\\App\\App\\Models\\StatusModel.php', 33)
 2 APPPATH\Controllers\AlunoController.php(90): App\Models\StatusModel->insertEvent(null)
 3 SYSTEMPATH\CodeIgniter.php(943): App\Controllers\AlunoController->POSTevtAluno()
 4 SYSTEMPATH\CodeIgniter.php(503): CodeIgniter\CodeIgniter->runController(Object(App\Controllers\AlunoController))
 5 SYSTEMPATH\CodeIgniter.php(361): CodeIgniter\CodeIgniter->handleRequest(null, Object(Config\Cache), false)
 6 FCPATH\index.php(79): CodeIgniter\CodeIgniter->run()
CRITICAL - 2024-06-05 22:46:03 --> ErrorException: Attempt to read property "Matr" on null
in APPPATH\Models\StatusModel.php on line 33.
 1 APPPATH\Models\StatusModel.php(33): CodeIgniter\Debug\Exceptions->errorHandler(2, 'Attempt to read property "Matr" on null', 'D:\\!staging\\TESC-IoT\\App\\App\\Models\\StatusModel.php', 33)
 2 APPPATH\Controllers\AlunoController.php(90): App\Models\StatusModel->insertEvent(null)
 3 SYSTEMPATH\CodeIgniter.php(943): App\Controllers\AlunoController->POSTevtAluno()
 4 SYSTEMPATH\CodeIgniter.php(503): CodeIgniter\CodeIgniter->runController(Object(App\Controllers\AlunoController))
 5 SYSTEMPATH\CodeIgniter.php(361): CodeIgniter\CodeIgniter->handleRequest(null, Object(Config\Cache), false)
 6 FCPATH\index.php(79): CodeIgniter\CodeIgniter->run()
CRITICAL - 2024-06-05 22:46:03 --> ErrorException: Attempt to read property "Matr" on null
in APPPATH\Models\StatusModel.php on line 33.
 1 APPPATH\Models\StatusModel.php(33): CodeIgniter\Debug\Exceptions->errorHandler(2, 'Attempt to read property "Matr" on null', 'D:\\!staging\\TESC-IoT\\App\\App\\Models\\StatusModel.php', 33)
 2 APPPATH\Controllers\AlunoController.php(90): App\Models\StatusModel->insertEvent(null)
 3 SYSTEMPATH\CodeIgniter.php(943): App\Controllers\AlunoController->POSTevtAluno()
 4 SYSTEMPATH\CodeIgniter.php(503): CodeIgniter\CodeIgniter->runController(Object(App\Controllers\AlunoController))
 5 SYSTEMPATH\CodeIgniter.php(361): CodeIgniter\CodeIgniter->handleRequest(null, Object(Config\Cache), false)
 6 FCPATH\index.php(79): CodeIgniter\CodeIgniter->run()
CRITICAL - 2024-06-05 22:46:03 --> ErrorException: Attempt to read property "Matr" on null
in APPPATH\Models\StatusModel.php on line 33.
 1 APPPATH\Models\StatusModel.php(33): CodeIgniter\Debug\Exceptions->errorHandler(2, 'Attempt to read property "Matr" on null', 'D:\\!staging\\TESC-IoT\\App\\App\\Models\\StatusModel.php', 33)
 2 APPPATH\Controllers\AlunoController.php(90): App\Models\StatusModel->insertEvent(null)
 3 SYSTEMPATH\CodeIgniter.php(943): App\Controllers\AlunoController->POSTevtAluno()
 4 SYSTEMPATH\CodeIgniter.php(503): CodeIgniter\CodeIgniter->runController(Object(App\Controllers\AlunoController))
 5 SYSTEMPATH\CodeIgniter.php(361): CodeIgniter\CodeIgniter->handleRequest(null, Object(Config\Cache), false)
 6 FCPATH\index.php(79): CodeIgniter\CodeIgniter->run()
CRITICAL - 2024-06-05 22:46:04 --> ErrorException: Attempt to read property "Matr" on null
in APPPATH\Models\StatusModel.php on line 33.
 1 APPPATH\Models\StatusModel.php(33): CodeIgniter\Debug\Exceptions->errorHandler(2, 'Attempt to read property "Matr" on null', 'D:\\!staging\\TESC-IoT\\App\\App\\Models\\StatusModel.php', 33)
 2 APPPATH\Controllers\AlunoController.php(90): App\Models\StatusModel->insertEvent(null)
 3 SYSTEMPATH\CodeIgniter.php(943): App\Controllers\AlunoController->POSTevtAluno()
 4 SYSTEMPATH\CodeIgniter.php(503): CodeIgniter\CodeIgniter->runController(Object(App\Controllers\AlunoController))
 5 SYSTEMPATH\CodeIgniter.php(361): CodeIgniter\CodeIgniter->handleRequest(null, Object(Config\Cache), false)
 6 FCPATH\index.php(79): CodeIgniter\CodeIgniter->run()
CRITICAL - 2024-06-05 22:46:04 --> ErrorException: Attempt to read property "Matr" on null
in APPPATH\Models\StatusModel.php on line 33.
 1 APPPATH\Models\StatusModel.php(33): CodeIgniter\Debug\Exceptions->errorHandler(2, 'Attempt to read property "Matr" on null', 'D:\\!staging\\TESC-IoT\\App\\App\\Models\\StatusModel.php', 33)
 2 APPPATH\Controllers\AlunoController.php(90): App\Models\StatusModel->insertEvent(null)
 3 SYSTEMPATH\CodeIgniter.php(943): App\Controllers\AlunoController->POSTevtAluno()
 4 SYSTEMPATH\CodeIgniter.php(503): CodeIgniter\CodeIgniter->runController(Object(App\Controllers\AlunoController))
 5 SYSTEMPATH\CodeIgniter.php(361): CodeIgniter\CodeIgniter->handleRequest(null, Object(Config\Cache), false)
 6 FCPATH\index.php(79): CodeIgniter\CodeIgniter->run()
CRITICAL - 2024-06-05 22:46:04 --> ErrorException: Attempt to read property "Matr" on null
in APPPATH\Models\StatusModel.php on line 33.
 1 APPPATH\Models\StatusModel.php(33): CodeIgniter\Debug\Exceptions->errorHandler(2, 'Attempt to read property "Matr" on null', 'D:\\!staging\\TESC-IoT\\App\\App\\Models\\StatusModel.php', 33)
 2 APPPATH\Controllers\AlunoController.php(90): App\Models\StatusModel->insertEvent(null)
 3 SYSTEMPATH\CodeIgniter.php(943): App\Controllers\AlunoController->POSTevtAluno()
 4 SYSTEMPATH\CodeIgniter.php(503): CodeIgniter\CodeIgniter->runController(Object(App\Controllers\AlunoController))
 5 SYSTEMPATH\CodeIgniter.php(361): CodeIgniter\CodeIgniter->handleRequest(null, Object(Config\Cache), false)
 6 FCPATH\index.php(79): CodeIgniter\CodeIgniter->run()
CRITICAL - 2024-06-05 22:46:04 --> ErrorException: Attempt to read property "Matr" on null
in APPPATH\Models\StatusModel.php on line 33.
 1 APPPATH\Models\StatusModel.php(33): CodeIgniter\Debug\Exceptions->errorHandler(2, 'Attempt to read property "Matr" on null', 'D:\\!staging\\TESC-IoT\\App\\App\\Models\\StatusModel.php', 33)
 2 APPPATH\Controllers\AlunoController.php(90): App\Models\StatusModel->insertEvent(null)
 3 SYSTEMPATH\CodeIgniter.php(943): App\Controllers\AlunoController->POSTevtAluno()
 4 SYSTEMPATH\CodeIgniter.php(503): CodeIgniter\CodeIgniter->runController(Object(App\Controllers\AlunoController))
 5 SYSTEMPATH\CodeIgniter.php(361): CodeIgniter\CodeIgniter->handleRequest(null, Object(Config\Cache), false)
 6 FCPATH\index.php(79): CodeIgniter\CodeIgniter->run()
CRITICAL - 2024-06-05 22:46:05 --> ErrorException: Attempt to read property "Matr" on null
in APPPATH\Models\StatusModel.php on line 33.
 1 APPPATH\Models\StatusModel.php(33): CodeIgniter\Debug\Exceptions->errorHandler(2, 'Attempt to read property "Matr" on null', 'D:\\!staging\\TESC-IoT\\App\\App\\Models\\StatusModel.php', 33)
 2 APPPATH\Controllers\AlunoController.php(90): App\Models\StatusModel->insertEvent(null)
 3 SYSTEMPATH\CodeIgniter.php(943): App\Controllers\AlunoController->POSTevtAluno()
 4 SYSTEMPATH\CodeIgniter.php(503): CodeIgniter\CodeIgniter->runController(Object(App\Controllers\AlunoController))
 5 SYSTEMPATH\CodeIgniter.php(361): CodeIgniter\CodeIgniter->handleRequest(null, Object(Config\Cache), false)
 6 FCPATH\index.php(79): CodeIgniter\CodeIgniter->run()
CRITICAL - 2024-06-05 22:46:05 --> ErrorException: Attempt to read property "Matr" on null
in APPPATH\Models\StatusModel.php on line 33.
 1 APPPATH\Models\StatusModel.php(33): CodeIgniter\Debug\Exceptions->errorHandler(2, 'Attempt to read property "Matr" on null', 'D:\\!staging\\TESC-IoT\\App\\App\\Models\\StatusModel.php', 33)
 2 APPPATH\Controllers\AlunoController.php(90): App\Models\StatusModel->insertEvent(null)
 3 SYSTEMPATH\CodeIgniter.php(943): App\Controllers\AlunoController->POSTevtAluno()
 4 SYSTEMPATH\CodeIgniter.php(503): CodeIgniter\CodeIgniter->runController(Object(App\Controllers\AlunoController))
 5 SYSTEMPATH\CodeIgniter.php(361): CodeIgniter\CodeIgniter->handleRequest(null, Object(Config\Cache), false)
 6 FCPATH\index.php(79): CodeIgniter\CodeIgniter->run()
CRITICAL - 2024-06-05 22:46:05 --> ErrorException: Attempt to read property "Matr" on null
in APPPATH\Models\StatusModel.php on line 33.
 1 APPPATH\Models\StatusModel.php(33): CodeIgniter\Debug\Exceptions->errorHandler(2, 'Attempt to read property "Matr" on null', 'D:\\!staging\\TESC-IoT\\App\\App\\Models\\StatusModel.php', 33)
 2 APPPATH\Controllers\AlunoController.php(90): App\Models\StatusModel->insertEvent(null)
 3 SYSTEMPATH\CodeIgniter.php(943): App\Controllers\AlunoController->POSTevtAluno()
 4 SYSTEMPATH\CodeIgniter.php(503): CodeIgniter\CodeIgniter->runController(Object(App\Controllers\AlunoController))
 5 SYSTEMPATH\CodeIgniter.php(361): CodeIgniter\CodeIgniter->handleRequest(null, Object(Config\Cache), false)
 6 FCPATH\index.php(79): CodeIgniter\CodeIgniter->run()
CRITICAL - 2024-06-05 22:46:07 --> ErrorException: Attempt to read property "Matr" on null
in APPPATH\Models\StatusModel.php on line 33.
 1 APPPATH\Models\StatusModel.php(33): CodeIgniter\Debug\Exceptions->errorHandler(2, 'Attempt to read property "Matr" on null', 'D:\\!staging\\TESC-IoT\\App\\App\\Models\\StatusModel.php', 33)
 2 APPPATH\Controllers\AlunoController.php(90): App\Models\StatusModel->insertEvent(null)
 3 SYSTEMPATH\CodeIgniter.php(943): App\Controllers\AlunoController->POSTevtAluno()
 4 SYSTEMPATH\CodeIgniter.php(503): CodeIgniter\CodeIgniter->runController(Object(App\Controllers\AlunoController))
 5 SYSTEMPATH\CodeIgniter.php(361): CodeIgniter\CodeIgniter->handleRequest(null, Object(Config\Cache), false)
 6 FCPATH\index.php(79): CodeIgniter\CodeIgniter->run()
CRITICAL - 2024-06-05 22:46:09 --> ErrorException: Attempt to read property "Matr" on null
in APPPATH\Models\StatusModel.php on line 33.
 1 APPPATH\Models\StatusModel.php(33): CodeIgniter\Debug\Exceptions->errorHandler(2, 'Attempt to read property "Matr" on null', 'D:\\!staging\\TESC-IoT\\App\\App\\Models\\StatusModel.php', 33)
 2 APPPATH\Controllers\AlunoController.php(90): App\Models\StatusModel->insertEvent(null)
 3 SYSTEMPATH\CodeIgniter.php(943): App\Controllers\AlunoController->POSTevtAluno()
 4 SYSTEMPATH\CodeIgniter.php(503): CodeIgniter\CodeIgniter->runController(Object(App\Controllers\AlunoController))
 5 SYSTEMPATH\CodeIgniter.php(361): CodeIgniter\CodeIgniter->handleRequest(null, Object(Config\Cache), false)
 6 FCPATH\index.php(79): CodeIgniter\CodeIgniter->run()
CRITICAL - 2024-06-05 22:46:09 --> ErrorException: Attempt to read property "Matr" on null
in APPPATH\Models\StatusModel.php on line 33.
 1 APPPATH\Models\StatusModel.php(33): CodeIgniter\Debug\Exceptions->errorHandler(2, 'Attempt to read property "Matr" on null', 'D:\\!staging\\TESC-IoT\\App\\App\\Models\\StatusModel.php', 33)
 2 APPPATH\Controllers\AlunoController.php(90): App\Models\StatusModel->insertEvent(null)
 3 SYSTEMPATH\CodeIgniter.php(943): App\Controllers\AlunoController->POSTevtAluno()
 4 SYSTEMPATH\CodeIgniter.php(503): CodeIgniter\CodeIgniter->runController(Object(App\Controllers\AlunoController))
 5 SYSTEMPATH\CodeIgniter.php(361): CodeIgniter\CodeIgniter->handleRequest(null, Object(Config\Cache), false)
 6 FCPATH\index.php(79): CodeIgniter\CodeIgniter->run()
CRITICAL - 2024-06-05 22:46:09 --> ErrorException: Attempt to read property "Matr" on null
in APPPATH\Models\StatusModel.php on line 33.
 1 APPPATH\Models\StatusModel.php(33): CodeIgniter\Debug\Exceptions->errorHandler(2, 'Attempt to read property "Matr" on null', 'D:\\!staging\\TESC-IoT\\App\\App\\Models\\StatusModel.php', 33)
 2 APPPATH\Controllers\AlunoController.php(90): App\Models\StatusModel->insertEvent(null)
 3 SYSTEMPATH\CodeIgniter.php(943): App\Controllers\AlunoController->POSTevtAluno()
 4 SYSTEMPATH\CodeIgniter.php(503): CodeIgniter\CodeIgniter->runController(Object(App\Controllers\AlunoController))
 5 SYSTEMPATH\CodeIgniter.php(361): CodeIgniter\CodeIgniter->handleRequest(null, Object(Config\Cache), false)
 6 FCPATH\index.php(79): CodeIgniter\CodeIgniter->run()
CRITICAL - 2024-06-05 22:46:10 --> ErrorException: Attempt to read property "Matr" on null
in APPPATH\Models\StatusModel.php on line 33.
 1 APPPATH\Models\StatusModel.php(33): CodeIgniter\Debug\Exceptions->errorHandler(2, 'Attempt to read property "Matr" on null', 'D:\\!staging\\TESC-IoT\\App\\App\\Models\\StatusModel.php', 33)
 2 APPPATH\Controllers\AlunoController.php(90): App\Models\StatusModel->insertEvent(null)
 3 SYSTEMPATH\CodeIgniter.php(943): App\Controllers\AlunoController->POSTevtAluno()
 4 SYSTEMPATH\CodeIgniter.php(503): CodeIgniter\CodeIgniter->runController(Object(App\Controllers\AlunoController))
 5 SYSTEMPATH\CodeIgniter.php(361): CodeIgniter\CodeIgniter->handleRequest(null, Object(Config\Cache), false)
 6 FCPATH\index.php(79): CodeIgniter\CodeIgniter->run()
CRITICAL - 2024-06-05 22:46:11 --> ErrorException: Attempt to read property "Matr" on null
in APPPATH\Models\StatusModel.php on line 33.
 1 APPPATH\Models\StatusModel.php(33): CodeIgniter\Debug\Exceptions->errorHandler(2, 'Attempt to read property "Matr" on null', 'D:\\!staging\\TESC-IoT\\App\\App\\Models\\StatusModel.php', 33)
 2 APPPATH\Controllers\AlunoController.php(90): App\Models\StatusModel->insertEvent(null)
 3 SYSTEMPATH\CodeIgniter.php(943): App\Controllers\AlunoController->POSTevtAluno()
 4 SYSTEMPATH\CodeIgniter.php(503): CodeIgniter\CodeIgniter->runController(Object(App\Controllers\AlunoController))
 5 SYSTEMPATH\CodeIgniter.php(361): CodeIgniter\CodeIgniter->handleRequest(null, Object(Config\Cache), false)
 6 FCPATH\index.php(79): CodeIgniter\CodeIgniter->run()
CRITICAL - 2024-06-05 22:46:11 --> ErrorException: Attempt to read property "Matr" on null
in APPPATH\Models\StatusModel.php on line 33.
 1 APPPATH\Models\StatusModel.php(33): CodeIgniter\Debug\Exceptions->errorHandler(2, 'Attempt to read property "Matr" on null', 'D:\\!staging\\TESC-IoT\\App\\App\\Models\\StatusModel.php', 33)
 2 APPPATH\Controllers\AlunoController.php(90): App\Models\StatusModel->insertEvent(null)
 3 SYSTEMPATH\CodeIgniter.php(943): App\Controllers\AlunoController->POSTevtAluno()
 4 SYSTEMPATH\CodeIgniter.php(503): CodeIgniter\CodeIgniter->runController(Object(App\Controllers\AlunoController))
 5 SYSTEMPATH\CodeIgniter.php(361): CodeIgniter\CodeIgniter->handleRequest(null, Object(Config\Cache), false)
 6 FCPATH\index.php(79): CodeIgniter\CodeIgniter->run()
CRITICAL - 2024-06-05 22:54:11 --> ErrorException: Attempt to read property "Matr" on null
in APPPATH\Models\StatusModel.php on line 33.
 1 APPPATH\Models\StatusModel.php(33): CodeIgniter\Debug\Exceptions->errorHandler(2, 'Attempt to read property "Matr" on null', 'D:\\!staging\\TESC-IoT\\App\\App\\Models\\StatusModel.php', 33)
 2 APPPATH\Controllers\AlunoController.php(90): App\Models\StatusModel->insertEvent(null)
 3 SYSTEMPATH\CodeIgniter.php(943): App\Controllers\AlunoController->POSTevtAluno()
 4 SYSTEMPATH\CodeIgniter.php(503): CodeIgniter\CodeIgniter->runController(Object(App\Controllers\AlunoController))
 5 SYSTEMPATH\CodeIgniter.php(361): CodeIgniter\CodeIgniter->handleRequest(null, Object(Config\Cache), false)
 6 FCPATH\index.php(79): CodeIgniter\CodeIgniter->run()
CRITICAL - 2024-06-05 22:54:11 --> ErrorException: Attempt to read property "Matr" on null
in APPPATH\Models\StatusModel.php on line 33.
 1 APPPATH\Models\StatusModel.php(33): CodeIgniter\Debug\Exceptions->errorHandler(2, 'Attempt to read property "Matr" on null', 'D:\\!staging\\TESC-IoT\\App\\App\\Models\\StatusModel.php', 33)
 2 APPPATH\Controllers\AlunoController.php(90): App\Models\StatusModel->insertEvent(null)
 3 SYSTEMPATH\CodeIgniter.php(943): App\Controllers\AlunoController->POSTevtAluno()
 4 SYSTEMPATH\CodeIgniter.php(503): CodeIgniter\CodeIgniter->runController(Object(App\Controllers\AlunoController))
 5 SYSTEMPATH\CodeIgniter.php(361): CodeIgniter\CodeIgniter->handleRequest(null, Object(Config\Cache), false)
 6 FCPATH\index.php(79): CodeIgniter\CodeIgniter->run()
CRITICAL - 2024-06-05 22:54:12 --> ErrorException: Attempt to read property "Matr" on null
in APPPATH\Models\StatusModel.php on line 33.
 1 APPPATH\Models\StatusModel.php(33): CodeIgniter\Debug\Exceptions->errorHandler(2, 'Attempt to read property "Matr" on null', 'D:\\!staging\\TESC-IoT\\App\\App\\Models\\StatusModel.php', 33)
 2 APPPATH\Controllers\AlunoController.php(90): App\Models\StatusModel->insertEvent(null)
 3 SYSTEMPATH\CodeIgniter.php(943): App\Controllers\AlunoController->POSTevtAluno()
 4 SYSTEMPATH\CodeIgniter.php(503): CodeIgniter\CodeIgniter->runController(Object(App\Controllers\AlunoController))
 5 SYSTEMPATH\CodeIgniter.php(361): CodeIgniter\CodeIgniter->handleRequest(null, Object(Config\Cache), false)
 6 FCPATH\index.php(79): CodeIgniter\CodeIgniter->run()
CRITICAL - 2024-06-05 22:54:12 --> ErrorException: Attempt to read property "Matr" on null
in APPPATH\Models\StatusModel.php on line 33.
 1 APPPATH\Models\StatusModel.php(33): CodeIgniter\Debug\Exceptions->errorHandler(2, 'Attempt to read property "Matr" on null', 'D:\\!staging\\TESC-IoT\\App\\App\\Models\\StatusModel.php', 33)
 2 APPPATH\Controllers\AlunoController.php(90): App\Models\StatusModel->insertEvent(null)
 3 SYSTEMPATH\CodeIgniter.php(943): App\Controllers\AlunoController->POSTevtAluno()
 4 SYSTEMPATH\CodeIgniter.php(503): CodeIgniter\CodeIgniter->runController(Object(App\Controllers\AlunoController))
 5 SYSTEMPATH\CodeIgniter.php(361): CodeIgniter\CodeIgniter->handleRequest(null, Object(Config\Cache), false)
 6 FCPATH\index.php(79): CodeIgniter\CodeIgniter->run()
CRITICAL - 2024-06-05 22:54:12 --> ErrorException: Attempt to read property "Matr" on null
in APPPATH\Models\StatusModel.php on line 33.
 1 APPPATH\Models\StatusModel.php(33): CodeIgniter\Debug\Exceptions->errorHandler(2, 'Attempt to read property "Matr" on null', 'D:\\!staging\\TESC-IoT\\App\\App\\Models\\StatusModel.php', 33)
 2 APPPATH\Controllers\AlunoController.php(90): App\Models\StatusModel->insertEvent(null)
 3 SYSTEMPATH\CodeIgniter.php(943): App\Controllers\AlunoController->POSTevtAluno()
 4 SYSTEMPATH\CodeIgniter.php(503): CodeIgniter\CodeIgniter->runController(Object(App\Controllers\AlunoController))
 5 SYSTEMPATH\CodeIgniter.php(361): CodeIgniter\CodeIgniter->handleRequest(null, Object(Config\Cache), false)
 6 FCPATH\index.php(79): CodeIgniter\CodeIgniter->run()
CRITICAL - 2024-06-05 22:54:12 --> ErrorException: Attempt to read property "Matr" on null
in APPPATH\Models\StatusModel.php on line 33.
 1 APPPATH\Models\StatusModel.php(33): CodeIgniter\Debug\Exceptions->errorHandler(2, 'Attempt to read property "Matr" on null', 'D:\\!staging\\TESC-IoT\\App\\App\\Models\\StatusModel.php', 33)
 2 APPPATH\Controllers\AlunoController.php(90): App\Models\StatusModel->insertEvent(null)
 3 SYSTEMPATH\CodeIgniter.php(943): App\Controllers\AlunoController->POSTevtAluno()
 4 SYSTEMPATH\CodeIgniter.php(503): CodeIgniter\CodeIgniter->runController(Object(App\Controllers\AlunoController))
 5 SYSTEMPATH\CodeIgniter.php(361): CodeIgniter\CodeIgniter->handleRequest(null, Object(Config\Cache), false)
 6 FCPATH\index.php(79): CodeIgniter\CodeIgniter->run()
CRITICAL - 2024-06-05 22:54:12 --> ErrorException: Attempt to read property "Matr" on null
in APPPATH\Models\StatusModel.php on line 33.
 1 APPPATH\Models\StatusModel.php(33): CodeIgniter\Debug\Exceptions->errorHandler(2, 'Attempt to read property "Matr" on null', 'D:\\!staging\\TESC-IoT\\App\\App\\Models\\StatusModel.php', 33)
 2 APPPATH\Controllers\AlunoController.php(90): App\Models\StatusModel->insertEvent(null)
 3 SYSTEMPATH\CodeIgniter.php(943): App\Controllers\AlunoController->POSTevtAluno()
 4 SYSTEMPATH\CodeIgniter.php(503): CodeIgniter\CodeIgniter->runController(Object(App\Controllers\AlunoController))
 5 SYSTEMPATH\CodeIgniter.php(361): CodeIgniter\CodeIgniter->handleRequest(null, Object(Config\Cache), false)
 6 FCPATH\index.php(79): CodeIgniter\CodeIgniter->run()
CRITICAL - 2024-06-05 22:54:14 --> ErrorException: Attempt to read property "Matr" on null
in APPPATH\Models\StatusModel.php on line 33.
 1 APPPATH\Models\StatusModel.php(33): CodeIgniter\Debug\Exceptions->errorHandler(2, 'Attempt to read property "Matr" on null', 'D:\\!staging\\TESC-IoT\\App\\App\\Models\\StatusModel.php', 33)
 2 APPPATH\Controllers\AlunoController.php(90): App\Models\StatusModel->insertEvent(null)
 3 SYSTEMPATH\CodeIgniter.php(943): App\Controllers\AlunoController->POSTevtAluno()
 4 SYSTEMPATH\CodeIgniter.php(503): CodeIgniter\CodeIgniter->runController(Object(App\Controllers\AlunoController))
 5 SYSTEMPATH\CodeIgniter.php(361): CodeIgniter\CodeIgniter->handleRequest(null, Object(Config\Cache), false)
 6 FCPATH\index.php(79): CodeIgniter\CodeIgniter->run()
CRITICAL - 2024-06-05 22:54:48 --> ErrorException: Attempt to read property "Matr" on null
in APPPATH\Models\StatusModel.php on line 33.
 1 APPPATH\Models\StatusModel.php(33): CodeIgniter\Debug\Exceptions->errorHandler(2, 'Attempt to read property "Matr" on null', 'D:\\!staging\\TESC-IoT\\App\\App\\Models\\StatusModel.php', 33)
 2 APPPATH\Controllers\AlunoController.php(90): App\Models\StatusModel->insertEvent(null)
 3 SYSTEMPATH\CodeIgniter.php(943): App\Controllers\AlunoController->POSTevtAluno()
 4 SYSTEMPATH\CodeIgniter.php(503): CodeIgniter\CodeIgniter->runController(Object(App\Controllers\AlunoController))
 5 SYSTEMPATH\CodeIgniter.php(361): CodeIgniter\CodeIgniter->handleRequest(null, Object(Config\Cache), false)
 6 FCPATH\index.php(79): CodeIgniter\CodeIgniter->run()
CRITICAL - 2024-06-05 22:55:01 --> ErrorException: Attempt to read property "Matr" on null
in APPPATH\Models\StatusModel.php on line 33.
 1 APPPATH\Models\StatusModel.php(33): CodeIgniter\Debug\Exceptions->errorHandler(2, 'Attempt to read property "Matr" on null', 'D:\\!staging\\TESC-IoT\\App\\App\\Models\\StatusModel.php', 33)
 2 APPPATH\Controllers\AlunoController.php(90): App\Models\StatusModel->insertEvent(null)
 3 SYSTEMPATH\CodeIgniter.php(943): App\Controllers\AlunoController->POSTevtAluno()
 4 SYSTEMPATH\CodeIgniter.php(503): CodeIgniter\CodeIgniter->runController(Object(App\Controllers\AlunoController))
 5 SYSTEMPATH\CodeIgniter.php(361): CodeIgniter\CodeIgniter->handleRequest(null, Object(Config\Cache), false)
 6 FCPATH\index.php(79): CodeIgniter\CodeIgniter->run()
CRITICAL - 2024-06-05 22:55:01 --> ErrorException: Attempt to read property "Matr" on null
in APPPATH\Models\StatusModel.php on line 33.
 1 APPPATH\Models\StatusModel.php(33): CodeIgniter\Debug\Exceptions->errorHandler(2, 'Attempt to read property "Matr" on null', 'D:\\!staging\\TESC-IoT\\App\\App\\Models\\StatusModel.php', 33)
 2 APPPATH\Controllers\AlunoController.php(90): App\Models\StatusModel->insertEvent(null)
 3 SYSTEMPATH\CodeIgniter.php(943): App\Controllers\AlunoController->POSTevtAluno()
 4 SYSTEMPATH\CodeIgniter.php(503): CodeIgniter\CodeIgniter->runController(Object(App\Controllers\AlunoController))
 5 SYSTEMPATH\CodeIgniter.php(361): CodeIgniter\CodeIgniter->handleRequest(null, Object(Config\Cache), false)
 6 FCPATH\index.php(79): CodeIgniter\CodeIgniter->run()
CRITICAL - 2024-06-05 22:55:01 --> ErrorException: Attempt to read property "Matr" on null
in APPPATH\Models\StatusModel.php on line 33.
 1 APPPATH\Models\StatusModel.php(33): CodeIgniter\Debug\Exceptions->errorHandler(2, 'Attempt to read property "Matr" on null', 'D:\\!staging\\TESC-IoT\\App\\App\\Models\\StatusModel.php', 33)
 2 APPPATH\Controllers\AlunoController.php(90): App\Models\StatusModel->insertEvent(null)
 3 SYSTEMPATH\CodeIgniter.php(943): App\Controllers\AlunoController->POSTevtAluno()
 4 SYSTEMPATH\CodeIgniter.php(503): CodeIgniter\CodeIgniter->runController(Object(App\Controllers\AlunoController))
 5 SYSTEMPATH\CodeIgniter.php(361): CodeIgniter\CodeIgniter->handleRequest(null, Object(Config\Cache), false)
 6 FCPATH\index.php(79): CodeIgniter\CodeIgniter->run()
CRITICAL - 2024-06-05 22:55:01 --> ErrorException: Attempt to read property "Matr" on null
in APPPATH\Models\StatusModel.php on line 33.
 1 APPPATH\Models\StatusModel.php(33): CodeIgniter\Debug\Exceptions->errorHandler(2, 'Attempt to read property "Matr" on null', 'D:\\!staging\\TESC-IoT\\App\\App\\Models\\StatusModel.php', 33)
 2 APPPATH\Controllers\AlunoController.php(90): App\Models\StatusModel->insertEvent(null)
 3 SYSTEMPATH\CodeIgniter.php(943): App\Controllers\AlunoController->POSTevtAluno()
 4 SYSTEMPATH\CodeIgniter.php(503): CodeIgniter\CodeIgniter->runController(Object(App\Controllers\AlunoController))
 5 SYSTEMPATH\CodeIgniter.php(361): CodeIgniter\CodeIgniter->handleRequest(null, Object(Config\Cache), false)
 6 FCPATH\index.php(79): CodeIgniter\CodeIgniter->run()
CRITICAL - 2024-06-05 22:55:02 --> ErrorException: Attempt to read property "Matr" on null
in APPPATH\Models\StatusModel.php on line 33.
 1 APPPATH\Models\StatusModel.php(33): CodeIgniter\Debug\Exceptions->errorHandler(2, 'Attempt to read property "Matr" on null', 'D:\\!staging\\TESC-IoT\\App\\App\\Models\\StatusModel.php', 33)
 2 APPPATH\Controllers\AlunoController.php(90): App\Models\StatusModel->insertEvent(null)
 3 SYSTEMPATH\CodeIgniter.php(943): App\Controllers\AlunoController->POSTevtAluno()
 4 SYSTEMPATH\CodeIgniter.php(503): CodeIgniter\CodeIgniter->runController(Object(App\Controllers\AlunoController))
 5 SYSTEMPATH\CodeIgniter.php(361): CodeIgniter\CodeIgniter->handleRequest(null, Object(Config\Cache), false)
 6 FCPATH\index.php(79): CodeIgniter\CodeIgniter->run()
CRITICAL - 2024-06-05 22:55:02 --> ErrorException: Attempt to read property "Matr" on null
in APPPATH\Models\StatusModel.php on line 33.
 1 APPPATH\Models\StatusModel.php(33): CodeIgniter\Debug\Exceptions->errorHandler(2, 'Attempt to read property "Matr" on null', 'D:\\!staging\\TESC-IoT\\App\\App\\Models\\StatusModel.php', 33)
 2 APPPATH\Controllers\AlunoController.php(90): App\Models\StatusModel->insertEvent(null)
 3 SYSTEMPATH\CodeIgniter.php(943): App\Controllers\AlunoController->POSTevtAluno()
 4 SYSTEMPATH\CodeIgniter.php(503): CodeIgniter\CodeIgniter->runController(Object(App\Controllers\AlunoController))
 5 SYSTEMPATH\CodeIgniter.php(361): CodeIgniter\CodeIgniter->handleRequest(null, Object(Config\Cache), false)
 6 FCPATH\index.php(79): CodeIgniter\CodeIgniter->run()
CRITICAL - 2024-06-05 22:55:02 --> ErrorException: Attempt to read property "Matr" on null
in APPPATH\Models\StatusModel.php on line 33.
 1 APPPATH\Models\StatusModel.php(33): CodeIgniter\Debug\Exceptions->errorHandler(2, 'Attempt to read property "Matr" on null', 'D:\\!staging\\TESC-IoT\\App\\App\\Models\\StatusModel.php', 33)
 2 APPPATH\Controllers\AlunoController.php(90): App\Models\StatusModel->insertEvent(null)
 3 SYSTEMPATH\CodeIgniter.php(943): App\Controllers\AlunoController->POSTevtAluno()
 4 SYSTEMPATH\CodeIgniter.php(503): CodeIgniter\CodeIgniter->runController(Object(App\Controllers\AlunoController))
 5 SYSTEMPATH\CodeIgniter.php(361): CodeIgniter\CodeIgniter->handleRequest(null, Object(Config\Cache), false)
 6 FCPATH\index.php(79): CodeIgniter\CodeIgniter->run()
CRITICAL - 2024-06-05 22:55:02 --> ErrorException: Attempt to read property "Matr" on null
in APPPATH\Models\StatusModel.php on line 33.
 1 APPPATH\Models\StatusModel.php(33): CodeIgniter\Debug\Exceptions->errorHandler(2, 'Attempt to read property "Matr" on null', 'D:\\!staging\\TESC-IoT\\App\\App\\Models\\StatusModel.php', 33)
 2 APPPATH\Controllers\AlunoController.php(90): App\Models\StatusModel->insertEvent(null)
 3 SYSTEMPATH\CodeIgniter.php(943): App\Controllers\AlunoController->POSTevtAluno()
 4 SYSTEMPATH\CodeIgniter.php(503): CodeIgniter\CodeIgniter->runController(Object(App\Controllers\AlunoController))
 5 SYSTEMPATH\CodeIgniter.php(361): CodeIgniter\CodeIgniter->handleRequest(null, Object(Config\Cache), false)
 6 FCPATH\index.php(79): CodeIgniter\CodeIgniter->run()
CRITICAL - 2024-06-05 22:55:02 --> ErrorException: Attempt to read property "Matr" on null
in APPPATH\Models\StatusModel.php on line 33.
 1 APPPATH\Models\StatusModel.php(33): CodeIgniter\Debug\Exceptions->errorHandler(2, 'Attempt to read property "Matr" on null', 'D:\\!staging\\TESC-IoT\\App\\App\\Models\\StatusModel.php', 33)
 2 APPPATH\Controllers\AlunoController.php(90): App\Models\StatusModel->insertEvent(null)
 3 SYSTEMPATH\CodeIgniter.php(943): App\Controllers\AlunoController->POSTevtAluno()
 4 SYSTEMPATH\CodeIgniter.php(503): CodeIgniter\CodeIgniter->runController(Object(App\Controllers\AlunoController))
 5 SYSTEMPATH\CodeIgniter.php(361): CodeIgniter\CodeIgniter->handleRequest(null, Object(Config\Cache), false)
 6 FCPATH\index.php(79): CodeIgniter\CodeIgniter->run()
CRITICAL - 2024-06-05 22:55:02 --> ErrorException: Attempt to read property "Matr" on null
in APPPATH\Models\StatusModel.php on line 33.
 1 APPPATH\Models\StatusModel.php(33): CodeIgniter\Debug\Exceptions->errorHandler(2, 'Attempt to read property "Matr" on null', 'D:\\!staging\\TESC-IoT\\App\\App\\Models\\StatusModel.php', 33)
 2 APPPATH\Controllers\AlunoController.php(90): App\Models\StatusModel->insertEvent(null)
 3 SYSTEMPATH\CodeIgniter.php(943): App\Controllers\AlunoController->POSTevtAluno()
 4 SYSTEMPATH\CodeIgniter.php(503): CodeIgniter\CodeIgniter->runController(Object(App\Controllers\AlunoController))
 5 SYSTEMPATH\CodeIgniter.php(361): CodeIgniter\CodeIgniter->handleRequest(null, Object(Config\Cache), false)
 6 FCPATH\index.php(79): CodeIgniter\CodeIgniter->run()
CRITICAL - 2024-06-05 22:55:02 --> ErrorException: Attempt to read property "Matr" on null
in APPPATH\Models\StatusModel.php on line 33.
 1 APPPATH\Models\StatusModel.php(33): CodeIgniter\Debug\Exceptions->errorHandler(2, 'Attempt to read property "Matr" on null', 'D:\\!staging\\TESC-IoT\\App\\App\\Models\\StatusModel.php', 33)
 2 APPPATH\Controllers\AlunoController.php(90): App\Models\StatusModel->insertEvent(null)
 3 SYSTEMPATH\CodeIgniter.php(943): App\Controllers\AlunoController->POSTevtAluno()
 4 SYSTEMPATH\CodeIgniter.php(503): CodeIgniter\CodeIgniter->runController(Object(App\Controllers\AlunoController))
 5 SYSTEMPATH\CodeIgniter.php(361): CodeIgniter\CodeIgniter->handleRequest(null, Object(Config\Cache), false)
 6 FCPATH\index.php(79): CodeIgniter\CodeIgniter->run()
CRITICAL - 2024-06-05 23:05:13 --> ErrorException: Attempt to read property "Matr" on null
in APPPATH\Models\StatusModel.php on line 33.
 1 APPPATH\Models\StatusModel.php(33): CodeIgniter\Debug\Exceptions->errorHandler(2, 'Attempt to read property "Matr" on null', 'D:\\!staging\\TESC-IoT\\App\\App\\Models\\StatusModel.php', 33)
 2 APPPATH\Controllers\AlunoController.php(90): App\Models\StatusModel->insertEvent(null)
 3 SYSTEMPATH\CodeIgniter.php(943): App\Controllers\AlunoController->POSTevtAluno()
 4 SYSTEMPATH\CodeIgniter.php(503): CodeIgniter\CodeIgniter->runController(Object(App\Controllers\AlunoController))
 5 SYSTEMPATH\CodeIgniter.php(361): CodeIgniter\CodeIgniter->handleRequest(null, Object(Config\Cache), false)
 6 FCPATH\index.php(79): CodeIgniter\CodeIgniter->run()
CRITICAL - 2024-06-05 23:05:15 --> ErrorException: Attempt to read property "Matr" on null
in APPPATH\Models\StatusModel.php on line 33.
 1 APPPATH\Models\StatusModel.php(33): CodeIgniter\Debug\Exceptions->errorHandler(2, 'Attempt to read property "Matr" on null', 'D:\\!staging\\TESC-IoT\\App\\App\\Models\\StatusModel.php', 33)
 2 APPPATH\Controllers\AlunoController.php(90): App\Models\StatusModel->insertEvent(null)
 3 SYSTEMPATH\CodeIgniter.php(943): App\Controllers\AlunoController->POSTevtAluno()
 4 SYSTEMPATH\CodeIgniter.php(503): CodeIgniter\CodeIgniter->runController(Object(App\Controllers\AlunoController))
 5 SYSTEMPATH\CodeIgniter.php(361): CodeIgniter\CodeIgniter->handleRequest(null, Object(Config\Cache), false)
 6 FCPATH\index.php(79): CodeIgniter\CodeIgniter->run()
CRITICAL - 2024-06-05 23:05:16 --> ErrorException: Attempt to read property "Matr" on null
in APPPATH\Models\StatusModel.php on line 33.
 1 APPPATH\Models\StatusModel.php(33): CodeIgniter\Debug\Exceptions->errorHandler(2, 'Attempt to read property "Matr" on null', 'D:\\!staging\\TESC-IoT\\App\\App\\Models\\StatusModel.php', 33)
 2 APPPATH\Controllers\AlunoController.php(90): App\Models\StatusModel->insertEvent(null)
 3 SYSTEMPATH\CodeIgniter.php(943): App\Controllers\AlunoController->POSTevtAluno()
 4 SYSTEMPATH\CodeIgniter.php(503): CodeIgniter\CodeIgniter->runController(Object(App\Controllers\AlunoController))
 5 SYSTEMPATH\CodeIgniter.php(361): CodeIgniter\CodeIgniter->handleRequest(null, Object(Config\Cache), false)
 6 FCPATH\index.php(79): CodeIgniter\CodeIgniter->run()
CRITICAL - 2024-06-05 23:05:42 --> ErrorException: Attempt to read property "Matr" on null
in APPPATH\Models\StatusModel.php on line 33.
 1 APPPATH\Models\StatusModel.php(33): CodeIgniter\Debug\Exceptions->errorHandler(2, 'Attempt to read property "Matr" on null', 'D:\\!staging\\TESC-IoT\\App\\App\\Models\\StatusModel.php', 33)
 2 APPPATH\Controllers\AlunoController.php(90): App\Models\StatusModel->insertEvent(null)
 3 SYSTEMPATH\CodeIgniter.php(943): App\Controllers\AlunoController->POSTevtAluno()
 4 SYSTEMPATH\CodeIgniter.php(503): CodeIgniter\CodeIgniter->runController(Object(App\Controllers\AlunoController))
 5 SYSTEMPATH\CodeIgniter.php(361): CodeIgniter\CodeIgniter->handleRequest(null, Object(Config\Cache), false)
 6 FCPATH\index.php(79): CodeIgniter\CodeIgniter->run()
CRITICAL - 2024-06-05 23:15:35 --> ErrorException: Attempt to read property "Matr" on null
in APPPATH\Models\StatusModel.php on line 33.
 1 APPPATH\Models\StatusModel.php(33): CodeIgniter\Debug\Exceptions->errorHandler(2, 'Attempt to read property "Matr" on null', 'D:\\!staging\\TESC-IoT\\App\\App\\Models\\StatusModel.php', 33)
 2 APPPATH\Controllers\AlunoController.php(90): App\Models\StatusModel->insertEvent(null)
 3 SYSTEMPATH\CodeIgniter.php(943): App\Controllers\AlunoController->POSTevtAluno()
 4 SYSTEMPATH\CodeIgniter.php(503): CodeIgniter\CodeIgniter->runController(Object(App\Controllers\AlunoController))
 5 SYSTEMPATH\CodeIgniter.php(361): CodeIgniter\CodeIgniter->handleRequest(null, Object(Config\Cache), false)
 6 FCPATH\index.php(79): CodeIgniter\CodeIgniter->run()
CRITICAL - 2024-06-05 23:15:36 --> ErrorException: Attempt to read property "Matr" on null
in APPPATH\Models\StatusModel.php on line 33.
 1 APPPATH\Models\StatusModel.php(33): CodeIgniter\Debug\Exceptions->errorHandler(2, 'Attempt to read property "Matr" on null', 'D:\\!staging\\TESC-IoT\\App\\App\\Models\\StatusModel.php', 33)
 2 APPPATH\Controllers\AlunoController.php(90): App\Models\StatusModel->insertEvent(null)
 3 SYSTEMPATH\CodeIgniter.php(943): App\Controllers\AlunoController->POSTevtAluno()
 4 SYSTEMPATH\CodeIgniter.php(503): CodeIgniter\CodeIgniter->runController(Object(App\Controllers\AlunoController))
 5 SYSTEMPATH\CodeIgniter.php(361): CodeIgniter\CodeIgniter->handleRequest(null, Object(Config\Cache), false)
 6 FCPATH\index.php(79): CodeIgniter\CodeIgniter->run()
CRITICAL - 2024-06-05 23:15:38 --> ErrorException: Attempt to read property "Matr" on null
in APPPATH\Models\StatusModel.php on line 33.
 1 APPPATH\Models\StatusModel.php(33): CodeIgniter\Debug\Exceptions->errorHandler(2, 'Attempt to read property "Matr" on null', 'D:\\!staging\\TESC-IoT\\App\\App\\Models\\StatusModel.php', 33)
 2 APPPATH\Controllers\AlunoController.php(90): App\Models\StatusModel->insertEvent(null)
 3 SYSTEMPATH\CodeIgniter.php(943): App\Controllers\AlunoController->POSTevtAluno()
 4 SYSTEMPATH\CodeIgniter.php(503): CodeIgniter\CodeIgniter->runController(Object(App\Controllers\AlunoController))
 5 SYSTEMPATH\CodeIgniter.php(361): CodeIgniter\CodeIgniter->handleRequest(null, Object(Config\Cache), false)
 6 FCPATH\index.php(79): CodeIgniter\CodeIgniter->run()
CRITICAL - 2024-06-05 23:15:39 --> ErrorException: Attempt to read property "Matr" on null
in APPPATH\Models\StatusModel.php on line 33.
 1 APPPATH\Models\StatusModel.php(33): CodeIgniter\Debug\Exceptions->errorHandler(2, 'Attempt to read property "Matr" on null', 'D:\\!staging\\TESC-IoT\\App\\App\\Models\\StatusModel.php', 33)
 2 APPPATH\Controllers\AlunoController.php(90): App\Models\StatusModel->insertEvent(null)
 3 SYSTEMPATH\CodeIgniter.php(943): App\Controllers\AlunoController->POSTevtAluno()
 4 SYSTEMPATH\CodeIgniter.php(503): CodeIgniter\CodeIgniter->runController(Object(App\Controllers\AlunoController))
 5 SYSTEMPATH\CodeIgniter.php(361): CodeIgniter\CodeIgniter->handleRequest(null, Object(Config\Cache), false)
 6 FCPATH\index.php(79): CodeIgniter\CodeIgniter->run()
CRITICAL - 2024-06-05 23:15:40 --> ErrorException: Attempt to read property "Matr" on null
in APPPATH\Models\StatusModel.php on line 33.
 1 APPPATH\Models\StatusModel.php(33): CodeIgniter\Debug\Exceptions->errorHandler(2, 'Attempt to read property "Matr" on null', 'D:\\!staging\\TESC-IoT\\App\\App\\Models\\StatusModel.php', 33)
 2 APPPATH\Controllers\AlunoController.php(90): App\Models\StatusModel->insertEvent(null)
 3 SYSTEMPATH\CodeIgniter.php(943): App\Controllers\AlunoController->POSTevtAluno()
 4 SYSTEMPATH\CodeIgniter.php(503): CodeIgniter\CodeIgniter->runController(Object(App\Controllers\AlunoController))
 5 SYSTEMPATH\CodeIgniter.php(361): CodeIgniter\CodeIgniter->handleRequest(null, Object(Config\Cache), false)
 6 FCPATH\index.php(79): CodeIgniter\CodeIgniter->run()
CRITICAL - 2024-06-05 23:15:43 --> ErrorException: Attempt to read property "Matr" on null
in APPPATH\Models\StatusModel.php on line 33.
 1 APPPATH\Models\StatusModel.php(33): CodeIgniter\Debug\Exceptions->errorHandler(2, 'Attempt to read property "Matr" on null', 'D:\\!staging\\TESC-IoT\\App\\App\\Models\\StatusModel.php', 33)
 2 APPPATH\Controllers\AlunoController.php(90): App\Models\StatusModel->insertEvent(null)
 3 SYSTEMPATH\CodeIgniter.php(943): App\Controllers\AlunoController->POSTevtAluno()
 4 SYSTEMPATH\CodeIgniter.php(503): CodeIgniter\CodeIgniter->runController(Object(App\Controllers\AlunoController))
 5 SYSTEMPATH\CodeIgniter.php(361): CodeIgniter\CodeIgniter->handleRequest(null, Object(Config\Cache), false)
 6 FCPATH\index.php(79): CodeIgniter\CodeIgniter->run()
CRITICAL - 2024-06-05 23:15:46 --> ErrorException: Attempt to read property "Matr" on null
in APPPATH\Models\StatusModel.php on line 33.
 1 APPPATH\Models\StatusModel.php(33): CodeIgniter\Debug\Exceptions->errorHandler(2, 'Attempt to read property "Matr" on null', 'D:\\!staging\\TESC-IoT\\App\\App\\Models\\StatusModel.php', 33)
 2 APPPATH\Controllers\AlunoController.php(90): App\Models\StatusModel->insertEvent(null)
 3 SYSTEMPATH\CodeIgniter.php(943): App\Controllers\AlunoController->POSTevtAluno()
 4 SYSTEMPATH\CodeIgniter.php(503): CodeIgniter\CodeIgniter->runController(Object(App\Controllers\AlunoController))
 5 SYSTEMPATH\CodeIgniter.php(361): CodeIgniter\CodeIgniter->handleRequest(null, Object(Config\Cache), false)
 6 FCPATH\index.php(79): CodeIgniter\CodeIgniter->run()
CRITICAL - 2024-06-05 23:15:54 --> ErrorException: Attempt to read property "Matr" on null
in APPPATH\Models\StatusModel.php on line 33.
 1 APPPATH\Models\StatusModel.php(33): CodeIgniter\Debug\Exceptions->errorHandler(2, 'Attempt to read property "Matr" on null', 'D:\\!staging\\TESC-IoT\\App\\App\\Models\\StatusModel.php', 33)
 2 APPPATH\Controllers\AlunoController.php(90): App\Models\StatusModel->insertEvent(null)
 3 SYSTEMPATH\CodeIgniter.php(943): App\Controllers\AlunoController->POSTevtAluno()
 4 SYSTEMPATH\CodeIgniter.php(503): CodeIgniter\CodeIgniter->runController(Object(App\Controllers\AlunoController))
 5 SYSTEMPATH\CodeIgniter.php(361): CodeIgniter\CodeIgniter->handleRequest(null, Object(Config\Cache), false)
 6 FCPATH\index.php(79): CodeIgniter\CodeIgniter->run()
CRITICAL - 2024-06-05 23:17:54 --> ErrorException: Attempt to read property "Matr" on null
in APPPATH\Models\StatusModel.php on line 33.
 1 APPPATH\Models\StatusModel.php(33): CodeIgniter\Debug\Exceptions->errorHandler(2, 'Attempt to read property "Matr" on null', 'D:\\!staging\\TESC-IoT\\App\\App\\Models\\StatusModel.php', 33)
 2 APPPATH\Controllers\AlunoController.php(90): App\Models\StatusModel->insertEvent(null)
 3 SYSTEMPATH\CodeIgniter.php(943): App\Controllers\AlunoController->POSTevtAluno()
 4 SYSTEMPATH\CodeIgniter.php(503): CodeIgniter\CodeIgniter->runController(Object(App\Controllers\AlunoController))
 5 SYSTEMPATH\CodeIgniter.php(361): CodeIgniter\CodeIgniter->handleRequest(null, Object(Config\Cache), false)
 6 FCPATH\index.php(79): CodeIgniter\CodeIgniter->run()
CRITICAL - 2024-06-05 23:17:54 --> ErrorException: Attempt to read property "Matr" on null
in APPPATH\Models\StatusModel.php on line 33.
 1 APPPATH\Models\StatusModel.php(33): CodeIgniter\Debug\Exceptions->errorHandler(2, 'Attempt to read property "Matr" on null', 'D:\\!staging\\TESC-IoT\\App\\App\\Models\\StatusModel.php', 33)
 2 APPPATH\Controllers\AlunoController.php(90): App\Models\StatusModel->insertEvent(null)
 3 SYSTEMPATH\CodeIgniter.php(943): App\Controllers\AlunoController->POSTevtAluno()
 4 SYSTEMPATH\CodeIgniter.php(503): CodeIgniter\CodeIgniter->runController(Object(App\Controllers\AlunoController))
 5 SYSTEMPATH\CodeIgniter.php(361): CodeIgniter\CodeIgniter->handleRequest(null, Object(Config\Cache), false)
 6 FCPATH\index.php(79): CodeIgniter\CodeIgniter->run()
CRITICAL - 2024-06-05 23:17:54 --> ErrorException: Attempt to read property "Matr" on null
in APPPATH\Models\StatusModel.php on line 33.
 1 APPPATH\Models\StatusModel.php(33): CodeIgniter\Debug\Exceptions->errorHandler(2, 'Attempt to read property "Matr" on null', 'D:\\!staging\\TESC-IoT\\App\\App\\Models\\StatusModel.php', 33)
 2 APPPATH\Controllers\AlunoController.php(90): App\Models\StatusModel->insertEvent(null)
 3 SYSTEMPATH\CodeIgniter.php(943): App\Controllers\AlunoController->POSTevtAluno()
 4 SYSTEMPATH\CodeIgniter.php(503): CodeIgniter\CodeIgniter->runController(Object(App\Controllers\AlunoController))
 5 SYSTEMPATH\CodeIgniter.php(361): CodeIgniter\CodeIgniter->handleRequest(null, Object(Config\Cache), false)
 6 FCPATH\index.php(79): CodeIgniter\CodeIgniter->run()
CRITICAL - 2024-06-05 23:17:54 --> ErrorException: Attempt to read property "Matr" on null
in APPPATH\Models\StatusModel.php on line 33.
 1 APPPATH\Models\StatusModel.php(33): CodeIgniter\Debug\Exceptions->errorHandler(2, 'Attempt to read property "Matr" on null', 'D:\\!staging\\TESC-IoT\\App\\App\\Models\\StatusModel.php', 33)
 2 APPPATH\Controllers\AlunoController.php(90): App\Models\StatusModel->insertEvent(null)
 3 SYSTEMPATH\CodeIgniter.php(943): App\Controllers\AlunoController->POSTevtAluno()
 4 SYSTEMPATH\CodeIgniter.php(503): CodeIgniter\CodeIgniter->runController(Object(App\Controllers\AlunoController))
 5 SYSTEMPATH\CodeIgniter.php(361): CodeIgniter\CodeIgniter->handleRequest(null, Object(Config\Cache), false)
 6 FCPATH\index.php(79): CodeIgniter\CodeIgniter->run()
CRITICAL - 2024-06-05 23:17:55 --> ErrorException: Attempt to read property "Matr" on null
in APPPATH\Models\StatusModel.php on line 33.
 1 APPPATH\Models\StatusModel.php(33): CodeIgniter\Debug\Exceptions->errorHandler(2, 'Attempt to read property "Matr" on null', 'D:\\!staging\\TESC-IoT\\App\\App\\Models\\StatusModel.php', 33)
 2 APPPATH\Controllers\AlunoController.php(90): App\Models\StatusModel->insertEvent(null)
 3 SYSTEMPATH\CodeIgniter.php(943): App\Controllers\AlunoController->POSTevtAluno()
 4 SYSTEMPATH\CodeIgniter.php(503): CodeIgniter\CodeIgniter->runController(Object(App\Controllers\AlunoController))
 5 SYSTEMPATH\CodeIgniter.php(361): CodeIgniter\CodeIgniter->handleRequest(null, Object(Config\Cache), false)
 6 FCPATH\index.php(79): CodeIgniter\CodeIgniter->run()
CRITICAL - 2024-06-05 23:17:56 --> ErrorException: Attempt to read property "Matr" on null
in APPPATH\Models\StatusModel.php on line 33.
 1 APPPATH\Models\StatusModel.php(33): CodeIgniter\Debug\Exceptions->errorHandler(2, 'Attempt to read property "Matr" on null', 'D:\\!staging\\TESC-IoT\\App\\App\\Models\\StatusModel.php', 33)
 2 APPPATH\Controllers\AlunoController.php(90): App\Models\StatusModel->insertEvent(null)
 3 SYSTEMPATH\CodeIgniter.php(943): App\Controllers\AlunoController->POSTevtAluno()
 4 SYSTEMPATH\CodeIgniter.php(503): CodeIgniter\CodeIgniter->runController(Object(App\Controllers\AlunoController))
 5 SYSTEMPATH\CodeIgniter.php(361): CodeIgniter\CodeIgniter->handleRequest(null, Object(Config\Cache), false)
 6 FCPATH\index.php(79): CodeIgniter\CodeIgniter->run()
CRITICAL - 2024-06-05 23:17:56 --> ErrorException: Attempt to read property "Matr" on null
in APPPATH\Models\StatusModel.php on line 33.
 1 APPPATH\Models\StatusModel.php(33): CodeIgniter\Debug\Exceptions->errorHandler(2, 'Attempt to read property "Matr" on null', 'D:\\!staging\\TESC-IoT\\App\\App\\Models\\StatusModel.php', 33)
 2 APPPATH\Controllers\AlunoController.php(90): App\Models\StatusModel->insertEvent(null)
 3 SYSTEMPATH\CodeIgniter.php(943): App\Controllers\AlunoController->POSTevtAluno()
 4 SYSTEMPATH\CodeIgniter.php(503): CodeIgniter\CodeIgniter->runController(Object(App\Controllers\AlunoController))
 5 SYSTEMPATH\CodeIgniter.php(361): CodeIgniter\CodeIgniter->handleRequest(null, Object(Config\Cache), false)
 6 FCPATH\index.php(79): CodeIgniter\CodeIgniter->run()
CRITICAL - 2024-06-05 23:17:56 --> ErrorException: Attempt to read property "Matr" on null
in APPPATH\Models\StatusModel.php on line 33.
 1 APPPATH\Models\StatusModel.php(33): CodeIgniter\Debug\Exceptions->errorHandler(2, 'Attempt to read property "Matr" on null', 'D:\\!staging\\TESC-IoT\\App\\App\\Models\\StatusModel.php', 33)
 2 APPPATH\Controllers\AlunoController.php(90): App\Models\StatusModel->insertEvent(null)
 3 SYSTEMPATH\CodeIgniter.php(943): App\Controllers\AlunoController->POSTevtAluno()
 4 SYSTEMPATH\CodeIgniter.php(503): CodeIgniter\CodeIgniter->runController(Object(App\Controllers\AlunoController))
 5 SYSTEMPATH\CodeIgniter.php(361): CodeIgniter\CodeIgniter->handleRequest(null, Object(Config\Cache), false)
 6 FCPATH\index.php(79): CodeIgniter\CodeIgniter->run()
CRITICAL - 2024-06-05 23:17:57 --> ErrorException: Attempt to read property "Matr" on null
in APPPATH\Models\StatusModel.php on line 33.
 1 APPPATH\Models\StatusModel.php(33): CodeIgniter\Debug\Exceptions->errorHandler(2, 'Attempt to read property "Matr" on null', 'D:\\!staging\\TESC-IoT\\App\\App\\Models\\StatusModel.php', 33)
 2 APPPATH\Controllers\AlunoController.php(90): App\Models\StatusModel->insertEvent(null)
 3 SYSTEMPATH\CodeIgniter.php(943): App\Controllers\AlunoController->POSTevtAluno()
 4 SYSTEMPATH\CodeIgniter.php(503): CodeIgniter\CodeIgniter->runController(Object(App\Controllers\AlunoController))
 5 SYSTEMPATH\CodeIgniter.php(361): CodeIgniter\CodeIgniter->handleRequest(null, Object(Config\Cache), false)
 6 FCPATH\index.php(79): CodeIgniter\CodeIgniter->run()
CRITICAL - 2024-06-05 23:17:57 --> ErrorException: Attempt to read property "Matr" on null
in APPPATH\Models\StatusModel.php on line 33.
 1 APPPATH\Models\StatusModel.php(33): CodeIgniter\Debug\Exceptions->errorHandler(2, 'Attempt to read property "Matr" on null', 'D:\\!staging\\TESC-IoT\\App\\App\\Models\\StatusModel.php', 33)
 2 APPPATH\Controllers\AlunoController.php(90): App\Models\StatusModel->insertEvent(null)
 3 SYSTEMPATH\CodeIgniter.php(943): App\Controllers\AlunoController->POSTevtAluno()
 4 SYSTEMPATH\CodeIgniter.php(503): CodeIgniter\CodeIgniter->runController(Object(App\Controllers\AlunoController))
 5 SYSTEMPATH\CodeIgniter.php(361): CodeIgniter\CodeIgniter->handleRequest(null, Object(Config\Cache), false)
 6 FCPATH\index.php(79): CodeIgniter\CodeIgniter->run()
CRITICAL - 2024-06-05 23:17:57 --> ErrorException: Attempt to read property "Matr" on null
in APPPATH\Models\StatusModel.php on line 33.
 1 APPPATH\Models\StatusModel.php(33): CodeIgniter\Debug\Exceptions->errorHandler(2, 'Attempt to read property "Matr" on null', 'D:\\!staging\\TESC-IoT\\App\\App\\Models\\StatusModel.php', 33)
 2 APPPATH\Controllers\AlunoController.php(90): App\Models\StatusModel->insertEvent(null)
 3 SYSTEMPATH\CodeIgniter.php(943): App\Controllers\AlunoController->POSTevtAluno()
 4 SYSTEMPATH\CodeIgniter.php(503): CodeIgniter\CodeIgniter->runController(Object(App\Controllers\AlunoController))
 5 SYSTEMPATH\CodeIgniter.php(361): CodeIgniter\CodeIgniter->handleRequest(null, Object(Config\Cache), false)
 6 FCPATH\index.php(79): CodeIgniter\CodeIgniter->run()
CRITICAL - 2024-06-05 23:17:57 --> ErrorException: Attempt to read property "Matr" on null
in APPPATH\Models\StatusModel.php on line 33.
 1 APPPATH\Models\StatusModel.php(33): CodeIgniter\Debug\Exceptions->errorHandler(2, 'Attempt to read property "Matr" on null', 'D:\\!staging\\TESC-IoT\\App\\App\\Models\\StatusModel.php', 33)
 2 APPPATH\Controllers\AlunoController.php(90): App\Models\StatusModel->insertEvent(null)
 3 SYSTEMPATH\CodeIgniter.php(943): App\Controllers\AlunoController->POSTevtAluno()
 4 SYSTEMPATH\CodeIgniter.php(503): CodeIgniter\CodeIgniter->runController(Object(App\Controllers\AlunoController))
 5 SYSTEMPATH\CodeIgniter.php(361): CodeIgniter\CodeIgniter->handleRequest(null, Object(Config\Cache), false)
 6 FCPATH\index.php(79): CodeIgniter\CodeIgniter->run()
CRITICAL - 2024-06-05 23:17:58 --> ErrorException: Attempt to read property "Matr" on null
in APPPATH\Models\StatusModel.php on line 33.
 1 APPPATH\Models\StatusModel.php(33): CodeIgniter\Debug\Exceptions->errorHandler(2, 'Attempt to read property "Matr" on null', 'D:\\!staging\\TESC-IoT\\App\\App\\Models\\StatusModel.php', 33)
 2 APPPATH\Controllers\AlunoController.php(90): App\Models\StatusModel->insertEvent(null)
 3 SYSTEMPATH\CodeIgniter.php(943): App\Controllers\AlunoController->POSTevtAluno()
 4 SYSTEMPATH\CodeIgniter.php(503): CodeIgniter\CodeIgniter->runController(Object(App\Controllers\AlunoController))
 5 SYSTEMPATH\CodeIgniter.php(361): CodeIgniter\CodeIgniter->handleRequest(null, Object(Config\Cache), false)
 6 FCPATH\index.php(79): CodeIgniter\CodeIgniter->run()
CRITICAL - 2024-06-05 23:17:59 --> ErrorException: Attempt to read property "Matr" on null
in APPPATH\Models\StatusModel.php on line 33.
 1 APPPATH\Models\StatusModel.php(33): CodeIgniter\Debug\Exceptions->errorHandler(2, 'Attempt to read property "Matr" on null', 'D:\\!staging\\TESC-IoT\\App\\App\\Models\\StatusModel.php', 33)
 2 APPPATH\Controllers\AlunoController.php(90): App\Models\StatusModel->insertEvent(null)
 3 SYSTEMPATH\CodeIgniter.php(943): App\Controllers\AlunoController->POSTevtAluno()
 4 SYSTEMPATH\CodeIgniter.php(503): CodeIgniter\CodeIgniter->runController(Object(App\Controllers\AlunoController))
 5 SYSTEMPATH\CodeIgniter.php(361): CodeIgniter\CodeIgniter->handleRequest(null, Object(Config\Cache), false)
 6 FCPATH\index.php(79): CodeIgniter\CodeIgniter->run()
CRITICAL - 2024-06-05 23:17:59 --> ErrorException: Attempt to read property "Matr" on null
in APPPATH\Models\StatusModel.php on line 33.
 1 APPPATH\Models\StatusModel.php(33): CodeIgniter\Debug\Exceptions->errorHandler(2, 'Attempt to read property "Matr" on null', 'D:\\!staging\\TESC-IoT\\App\\App\\Models\\StatusModel.php', 33)
 2 APPPATH\Controllers\AlunoController.php(90): App\Models\StatusModel->insertEvent(null)
 3 SYSTEMPATH\CodeIgniter.php(943): App\Controllers\AlunoController->POSTevtAluno()
 4 SYSTEMPATH\CodeIgniter.php(503): CodeIgniter\CodeIgniter->runController(Object(App\Controllers\AlunoController))
 5 SYSTEMPATH\CodeIgniter.php(361): CodeIgniter\CodeIgniter->handleRequest(null, Object(Config\Cache), false)
 6 FCPATH\index.php(79): CodeIgniter\CodeIgniter->run()
CRITICAL - 2024-06-05 23:17:59 --> ErrorException: Attempt to read property "Matr" on null
in APPPATH\Models\StatusModel.php on line 33.
 1 APPPATH\Models\StatusModel.php(33): CodeIgniter\Debug\Exceptions->errorHandler(2, 'Attempt to read property "Matr" on null', 'D:\\!staging\\TESC-IoT\\App\\App\\Models\\StatusModel.php', 33)
 2 APPPATH\Controllers\AlunoController.php(90): App\Models\StatusModel->insertEvent(null)
 3 SYSTEMPATH\CodeIgniter.php(943): App\Controllers\AlunoController->POSTevtAluno()
 4 SYSTEMPATH\CodeIgniter.php(503): CodeIgniter\CodeIgniter->runController(Object(App\Controllers\AlunoController))
 5 SYSTEMPATH\CodeIgniter.php(361): CodeIgniter\CodeIgniter->handleRequest(null, Object(Config\Cache), false)
 6 FCPATH\index.php(79): CodeIgniter\CodeIgniter->run()
CRITICAL - 2024-06-05 23:18:00 --> ErrorException: Attempt to read property "Matr" on null
in APPPATH\Models\StatusModel.php on line 33.
 1 APPPATH\Models\StatusModel.php(33): CodeIgniter\Debug\Exceptions->errorHandler(2, 'Attempt to read property "Matr" on null', 'D:\\!staging\\TESC-IoT\\App\\App\\Models\\StatusModel.php', 33)
 2 APPPATH\Controllers\AlunoController.php(90): App\Models\StatusModel->insertEvent(null)
 3 SYSTEMPATH\CodeIgniter.php(943): App\Controllers\AlunoController->POSTevtAluno()
 4 SYSTEMPATH\CodeIgniter.php(503): CodeIgniter\CodeIgniter->runController(Object(App\Controllers\AlunoController))
 5 SYSTEMPATH\CodeIgniter.php(361): CodeIgniter\CodeIgniter->handleRequest(null, Object(Config\Cache), false)
 6 FCPATH\index.php(79): CodeIgniter\CodeIgniter->run()
CRITICAL - 2024-06-05 23:18:00 --> ErrorException: Attempt to read property "Matr" on null
in APPPATH\Models\StatusModel.php on line 33.
 1 APPPATH\Models\StatusModel.php(33): CodeIgniter\Debug\Exceptions->errorHandler(2, 'Attempt to read property "Matr" on null', 'D:\\!staging\\TESC-IoT\\App\\App\\Models\\StatusModel.php', 33)
 2 APPPATH\Controllers\AlunoController.php(90): App\Models\StatusModel->insertEvent(null)
 3 SYSTEMPATH\CodeIgniter.php(943): App\Controllers\AlunoController->POSTevtAluno()
 4 SYSTEMPATH\CodeIgniter.php(503): CodeIgniter\CodeIgniter->runController(Object(App\Controllers\AlunoController))
 5 SYSTEMPATH\CodeIgniter.php(361): CodeIgniter\CodeIgniter->handleRequest(null, Object(Config\Cache), false)
 6 FCPATH\index.php(79): CodeIgniter\CodeIgniter->run()
CRITICAL - 2024-06-05 23:18:00 --> ErrorException: Attempt to read property "Matr" on null
in APPPATH\Models\StatusModel.php on line 33.
 1 APPPATH\Models\StatusModel.php(33): CodeIgniter\Debug\Exceptions->errorHandler(2, 'Attempt to read property "Matr" on null', 'D:\\!staging\\TESC-IoT\\App\\App\\Models\\StatusModel.php', 33)
 2 APPPATH\Controllers\AlunoController.php(90): App\Models\StatusModel->insertEvent(null)
 3 SYSTEMPATH\CodeIgniter.php(943): App\Controllers\AlunoController->POSTevtAluno()
 4 SYSTEMPATH\CodeIgniter.php(503): CodeIgniter\CodeIgniter->runController(Object(App\Controllers\AlunoController))
 5 SYSTEMPATH\CodeIgniter.php(361): CodeIgniter\CodeIgniter->handleRequest(null, Object(Config\Cache), false)
 6 FCPATH\index.php(79): CodeIgniter\CodeIgniter->run()
CRITICAL - 2024-06-05 23:18:02 --> ErrorException: Attempt to read property "Matr" on null
in APPPATH\Models\StatusModel.php on line 33.
 1 APPPATH\Models\StatusModel.php(33): CodeIgniter\Debug\Exceptions->errorHandler(2, 'Attempt to read property "Matr" on null', 'D:\\!staging\\TESC-IoT\\App\\App\\Models\\StatusModel.php', 33)
 2 APPPATH\Controllers\AlunoController.php(90): App\Models\StatusModel->insertEvent(null)
 3 SYSTEMPATH\CodeIgniter.php(943): App\Controllers\AlunoController->POSTevtAluno()
 4 SYSTEMPATH\CodeIgniter.php(503): CodeIgniter\CodeIgniter->runController(Object(App\Controllers\AlunoController))
 5 SYSTEMPATH\CodeIgniter.php(361): CodeIgniter\CodeIgniter->handleRequest(null, Object(Config\Cache), false)
 6 FCPATH\index.php(79): CodeIgniter\CodeIgniter->run()
CRITICAL - 2024-06-05 23:18:02 --> ErrorException: Attempt to read property "Matr" on null
in APPPATH\Models\StatusModel.php on line 33.
 1 APPPATH\Models\StatusModel.php(33): CodeIgniter\Debug\Exceptions->errorHandler(2, 'Attempt to read property "Matr" on null', 'D:\\!staging\\TESC-IoT\\App\\App\\Models\\StatusModel.php', 33)
 2 APPPATH\Controllers\AlunoController.php(90): App\Models\StatusModel->insertEvent(null)
 3 SYSTEMPATH\CodeIgniter.php(943): App\Controllers\AlunoController->POSTevtAluno()
 4 SYSTEMPATH\CodeIgniter.php(503): CodeIgniter\CodeIgniter->runController(Object(App\Controllers\AlunoController))
 5 SYSTEMPATH\CodeIgniter.php(361): CodeIgniter\CodeIgniter->handleRequest(null, Object(Config\Cache), false)
 6 FCPATH\index.php(79): CodeIgniter\CodeIgniter->run()
