INFO - 2024-05-25 01:04:12 --> Session: Class initialized using 'CodeIgniter\Session\Handlers\FileHandler' driver.
INFO - 2024-05-25 01:04:12 --> Session: Class initialized using 'CodeIgniter\Session\Handlers\FileHandler' driver.
INFO - 2024-05-25 01:04:13 --> Session: Class initialized using 'CodeIgniter\Session\Handlers\FileHandler' driver.
INFO - 2024-05-25 01:04:21 --> Session: Class initialized using 'CodeIgniter\Session\Handlers\FileHandler' driver.
INFO - 2024-05-25 01:04:21 --> CSRF token verified.
INFO - 2024-05-25 01:04:21 --> Session: Class initialized using 'CodeIgniter\Session\Handlers\FileHandler' driver.
INFO - 2024-05-25 01:04:22 --> Session: Class initialized using 'CodeIgniter\Session\Handlers\FileHandler' driver.
INFO - 2024-05-25 01:04:24 --> Session: Class initialized using 'CodeIgniter\Session\Handlers\FileHandler' driver.
INFO - 2024-05-25 01:04:24 --> Session: Class initialized using 'CodeIgniter\Session\Handlers\FileHandler' driver.
INFO - 2024-05-25 01:04:25 --> Session: Class initialized using 'CodeIgniter\Session\Handlers\FileHandler' driver.
INFO - 2024-05-25 01:04:25 --> Session: Class initialized using 'CodeIgniter\Session\Handlers\FileHandler' driver.
INFO - 2024-05-25 01:04:26 --> Session: Class initialized using 'CodeIgniter\Session\Handlers\FileHandler' driver.
INFO - 2024-05-25 01:04:31 --> Session: Class initialized using 'CodeIgniter\Session\Handlers\FileHandler' driver.
INFO - 2024-05-25 01:04:31 --> CSRF token verified.
INFO - 2024-05-25 01:04:32 --> Session: Class initialized using 'CodeIgniter\Session\Handlers\FileHandler' driver.
INFO - 2024-05-25 01:04:32 --> Session: Class initialized using 'CodeIgniter\Session\Handlers\FileHandler' driver.
INFO - 2024-05-25 01:04:34 --> Session: Class initialized using 'CodeIgniter\Session\Handlers\FileHandler' driver.
INFO - 2024-05-25 01:04:34 --> Session: Class initialized using 'CodeIgniter\Session\Handlers\FileHandler' driver.
INFO - 2024-05-25 01:04:34 --> Session: Class initialized using 'CodeIgniter\Session\Handlers\FileHandler' driver.
INFO - 2024-05-25 01:04:36 --> Session: Class initialized using 'CodeIgniter\Session\Handlers\FileHandler' driver.
INFO - 2024-05-25 01:04:38 --> Session: Class initialized using 'CodeIgniter\Session\Handlers\FileHandler' driver.
INFO - 2024-05-25 01:04:38 --> Session: Class initialized using 'CodeIgniter\Session\Handlers\FileHandler' driver.
CRITICAL - 2024-05-25 01:04:38 --> PhpMqtt\Client\Exceptions\ConnectingToBrokerFailedException: [1000] Establishing a connection to the MQTT broker failed: Socket error [111]: Connection refused
in VENDORPATH/php-mqtt/client/src/MqttClient.php on line 226.
 1 VENDORPATH/php-mqtt/client/src/MqttClient.php(134): PhpMqtt\Client\MqttClient->establishSocketConnection()
 2 VENDORPATH/php-mqtt/client/src/MqttClient.php(123): PhpMqtt\Client\MqttClient->connectInternal()
 3 APPPATH/Controllers/MQTTController.php(38): PhpMqtt\Client\MqttClient->connect()
 4 SYSTEMPATH/CodeIgniter.php(943): App\Controllers\MQTTController->cadNovoPublish()
 5 SYSTEMPATH/CodeIgniter.php(503): CodeIgniter\CodeIgniter->runController()
 6 SYSTEMPATH/CodeIgniter.php(361): CodeIgniter\CodeIgniter->handleRequest()
 7 FCPATH/index.php(79): CodeIgniter\CodeIgniter->run()
INFO - 2024-05-25 01:18:19 --> Session: Class initialized using 'CodeIgniter\Session\Handlers\FileHandler' driver.
INFO - 2024-05-25 01:18:20 --> Session: Class initialized using 'CodeIgniter\Session\Handlers\FileHandler' driver.
INFO - 2024-05-25 01:18:22 --> Session: Class initialized using 'CodeIgniter\Session\Handlers\FileHandler' driver.
INFO - 2024-05-25 01:18:22 --> Session: Class initialized using 'CodeIgniter\Session\Handlers\FileHandler' driver.
INFO - 2024-05-25 01:18:22 --> Session: Class initialized using 'CodeIgniter\Session\Handlers\FileHandler' driver.
INFO - 2024-05-25 01:18:25 --> Session: Class initialized using 'CodeIgniter\Session\Handlers\FileHandler' driver.
INFO - 2024-05-25 01:18:27 --> Session: Class initialized using 'CodeIgniter\Session\Handlers\FileHandler' driver.
INFO - 2024-05-25 01:18:27 --> Session: Class initialized using 'CodeIgniter\Session\Handlers\FileHandler' driver.
INFO - 2024-05-25 01:38:40 --> Session: Class initialized using 'CodeIgniter\Session\Handlers\FileHandler' driver.
INFO - 2024-05-25 01:38:42 --> Session: Class initialized using 'CodeIgniter\Session\Handlers\FileHandler' driver.
INFO - 2024-05-25 01:38:42 --> Session: Class initialized using 'CodeIgniter\Session\Handlers\FileHandler' driver.
INFO - 2024-05-25 02:32:59 --> Session: Class initialized using 'CodeIgniter\Session\Handlers\FileHandler' driver.
INFO - 2024-05-25 02:32:59 --> Session: Class initialized using 'CodeIgniter\Session\Handlers\FileHandler' driver.
INFO - 2024-05-25 02:33:00 --> Session: Class initialized using 'CodeIgniter\Session\Handlers\FileHandler' driver.
INFO - 2024-05-25 02:33:01 --> Session: Class initialized using 'CodeIgniter\Session\Handlers\FileHandler' driver.
INFO - 2024-05-25 02:33:01 --> Session: Class initialized using 'CodeIgniter\Session\Handlers\FileHandler' driver.
INFO - 2024-05-25 02:33:02 --> Session: Class initialized using 'CodeIgniter\Session\Handlers\FileHandler' driver.
INFO - 2024-05-25 02:33:04 --> Session: Class initialized using 'CodeIgniter\Session\Handlers\FileHandler' driver.
INFO - 2024-05-25 02:33:04 --> Session: Class initialized using 'CodeIgniter\Session\Handlers\FileHandler' driver.
CRITICAL - 2024-05-25 02:33:04 --> PhpMqtt\Client\Exceptions\ConnectingToBrokerFailedException: [1000] Establishing a connection to the MQTT broker failed: Socket error [111]: Connection refused
in VENDORPATH/php-mqtt/client/src/MqttClient.php on line 226.
 1 VENDORPATH/php-mqtt/client/src/MqttClient.php(134): PhpMqtt\Client\MqttClient->establishSocketConnection()
 2 VENDORPATH/php-mqtt/client/src/MqttClient.php(123): PhpMqtt\Client\MqttClient->connectInternal()
 3 APPPATH/Controllers/MQTTController.php(38): PhpMqtt\Client\MqttClient->connect()
 4 SYSTEMPATH/CodeIgniter.php(943): App\Controllers\MQTTController->cadNovoPublish()
 5 SYSTEMPATH/CodeIgniter.php(503): CodeIgniter\CodeIgniter->runController()
 6 SYSTEMPATH/CodeIgniter.php(361): CodeIgniter\CodeIgniter->handleRequest()
 7 FCPATH/index.php(79): CodeIgniter\CodeIgniter->run()
INFO - 2024-05-25 02:33:38 --> Session: Class initialized using 'CodeIgniter\Session\Handlers\FileHandler' driver.
INFO - 2024-05-25 02:33:39 --> Session: Class initialized using 'CodeIgniter\Session\Handlers\FileHandler' driver.
INFO - 2024-05-25 02:33:40 --> Session: Class initialized using 'CodeIgniter\Session\Handlers\FileHandler' driver.
INFO - 2024-05-25 02:33:40 --> Session: Class initialized using 'CodeIgniter\Session\Handlers\FileHandler' driver.
INFO - 2024-05-25 02:33:40 --> Session: Class initialized using 'CodeIgniter\Session\Handlers\FileHandler' driver.
INFO - 2024-05-25 02:33:43 --> Session: Class initialized using 'CodeIgniter\Session\Handlers\FileHandler' driver.
INFO - 2024-05-25 02:33:45 --> Session: Class initialized using 'CodeIgniter\Session\Handlers\FileHandler' driver.
INFO - 2024-05-25 02:33:45 --> Session: Class initialized using 'CodeIgniter\Session\Handlers\FileHandler' driver.
CRITICAL - 2024-05-25 02:33:45 --> PhpMqtt\Client\Exceptions\ConnectingToBrokerFailedException: [1000] Establishing a connection to the MQTT broker failed: Socket error [0]: php_network_getaddresses: getaddrinfo for fe80 failed: Temporary failure in name resolution
in VENDORPATH/php-mqtt/client/src/MqttClient.php on line 226.
 1 VENDORPATH/php-mqtt/client/src/MqttClient.php(134): PhpMqtt\Client\MqttClient->establishSocketConnection()
 2 VENDORPATH/php-mqtt/client/src/MqttClient.php(123): PhpMqtt\Client\MqttClient->connectInternal()
 3 APPPATH/Controllers/MQTTController.php(38): PhpMqtt\Client\MqttClient->connect()
 4 SYSTEMPATH/CodeIgniter.php(943): App\Controllers\MQTTController->cadNovoPublish()
 5 SYSTEMPATH/CodeIgniter.php(503): CodeIgniter\CodeIgniter->runController()
 6 SYSTEMPATH/CodeIgniter.php(361): CodeIgniter\CodeIgniter->handleRequest()
 7 FCPATH/index.php(79): CodeIgniter\CodeIgniter->run()
INFO - 2024-05-25 02:42:47 --> Session: Class initialized using 'CodeIgniter\Session\Handlers\FileHandler' driver.
INFO - 2024-05-25 02:42:47 --> Session: Class initialized using 'CodeIgniter\Session\Handlers\FileHandler' driver.
INFO - 2024-05-25 02:42:49 --> Session: Class initialized using 'CodeIgniter\Session\Handlers\FileHandler' driver.
INFO - 2024-05-25 02:42:49 --> Session: Class initialized using 'CodeIgniter\Session\Handlers\FileHandler' driver.
INFO - 2024-05-25 02:42:49 --> Session: Class initialized using 'CodeIgniter\Session\Handlers\FileHandler' driver.
INFO - 2024-05-25 02:42:50 --> Session: Class initialized using 'CodeIgniter\Session\Handlers\FileHandler' driver.
INFO - 2024-05-25 02:42:52 --> Session: Class initialized using 'CodeIgniter\Session\Handlers\FileHandler' driver.
INFO - 2024-05-25 02:42:52 --> Session: Class initialized using 'CodeIgniter\Session\Handlers\FileHandler' driver.
CRITICAL - 2024-05-25 02:42:52 --> PhpMqtt\Client\Exceptions\ConnectingToBrokerFailedException: [1000] Establishing a connection to the MQTT broker failed: Socket error [111]: Connection refused
in VENDORPATH/php-mqtt/client/src/MqttClient.php on line 226.
 1 VENDORPATH/php-mqtt/client/src/MqttClient.php(134): PhpMqtt\Client\MqttClient->establishSocketConnection()
 2 VENDORPATH/php-mqtt/client/src/MqttClient.php(123): PhpMqtt\Client\MqttClient->connectInternal()
 3 APPPATH/Controllers/MQTTController.php(38): PhpMqtt\Client\MqttClient->connect()
 4 SYSTEMPATH/CodeIgniter.php(943): App\Controllers\MQTTController->cadNovoPublish()
 5 SYSTEMPATH/CodeIgniter.php(503): CodeIgniter\CodeIgniter->runController()
 6 SYSTEMPATH/CodeIgniter.php(361): CodeIgniter\CodeIgniter->handleRequest()
 7 FCPATH/index.php(79): CodeIgniter\CodeIgniter->run()
INFO - 2024-05-25 14:11:46 --> Session: Class initialized using 'CodeIgniter\Session\Handlers\FileHandler' driver.
INFO - 2024-05-25 14:11:46 --> Session: Class initialized using 'CodeIgniter\Session\Handlers\FileHandler' driver.
INFO - 2024-05-25 14:11:47 --> Session: Class initialized using 'CodeIgniter\Session\Handlers\FileHandler' driver.
INFO - 2024-05-25 14:11:50 --> Session: Class initialized using 'CodeIgniter\Session\Handlers\FileHandler' driver.
INFO - 2024-05-25 14:11:50 --> CSRF token verified.
INFO - 2024-05-25 14:11:51 --> Session: Class initialized using 'CodeIgniter\Session\Handlers\FileHandler' driver.
INFO - 2024-05-25 14:11:51 --> Session: Class initialized using 'CodeIgniter\Session\Handlers\FileHandler' driver.
INFO - 2024-05-25 14:11:53 --> Session: Class initialized using 'CodeIgniter\Session\Handlers\FileHandler' driver.
INFO - 2024-05-25 14:11:54 --> Session: Class initialized using 'CodeIgniter\Session\Handlers\FileHandler' driver.
INFO - 2024-05-25 14:11:54 --> Session: Class initialized using 'CodeIgniter\Session\Handlers\FileHandler' driver.
INFO - 2024-05-25 14:12:40 --> Session: Class initialized using 'CodeIgniter\Session\Handlers\FileHandler' driver.
INFO - 2024-05-25 14:12:41 --> Session: Class initialized using 'CodeIgniter\Session\Handlers\FileHandler' driver.
INFO - 2024-05-25 14:12:42 --> Session: Class initialized using 'CodeIgniter\Session\Handlers\FileHandler' driver.
INFO - 2024-05-25 14:12:42 --> Session: Class initialized using 'CodeIgniter\Session\Handlers\FileHandler' driver.
INFO - 2024-05-25 14:12:43 --> Session: Class initialized using 'CodeIgniter\Session\Handlers\FileHandler' driver.
INFO - 2024-05-25 14:20:29 --> Session: Class initialized using 'CodeIgniter\Session\Handlers\FileHandler' driver.
ERROR - 2024-05-25 14:20:29 --> Payload: 
INFO - 2024-05-25 14:20:29 --> Session: Class initialized using 'CodeIgniter\Session\Handlers\FileHandler' driver.
INFO - 2024-05-25 14:24:08 --> Session: Class initialized using 'CodeIgniter\Session\Handlers\FileHandler' driver.
CRITICAL - 2024-05-25 14:24:08 --> Error: Call to undefined method CodeIgniter\HTTP\IncomingRequest::get()
in APPPATH/Controllers/AlunoController.php on line 87.
 1 SYSTEMPATH/CodeIgniter.php(943): App\Controllers\AlunoController->POSTevtAluno()
 2 SYSTEMPATH/CodeIgniter.php(503): CodeIgniter\CodeIgniter->runController()
 3 SYSTEMPATH/CodeIgniter.php(361): CodeIgniter\CodeIgniter->handleRequest()
 4 FCPATH/index.php(79): CodeIgniter\CodeIgniter->run()
INFO - 2024-05-25 14:24:15 --> Session: Class initialized using 'CodeIgniter\Session\Handlers\FileHandler' driver.
CRITICAL - 2024-05-25 14:24:15 --> Error: Call to undefined method CodeIgniter\HTTP\IncomingRequest::get()
in APPPATH/Controllers/AlunoController.php on line 87.
 1 SYSTEMPATH/CodeIgniter.php(943): App\Controllers\AlunoController->POSTevtAluno()
 2 SYSTEMPATH/CodeIgniter.php(503): CodeIgniter\CodeIgniter->runController()
 3 SYSTEMPATH/CodeIgniter.php(361): CodeIgniter\CodeIgniter->handleRequest()
 4 FCPATH/index.php(79): CodeIgniter\CodeIgniter->run()
INFO - 2024-05-25 14:24:32 --> Session: Class initialized using 'CodeIgniter\Session\Handlers\FileHandler' driver.
CRITICAL - 2024-05-25 14:24:32 --> Error: Call to undefined method CodeIgniter\HTTP\IncomingRequest::get()
in APPPATH/Controllers/AlunoController.php on line 87.
 1 SYSTEMPATH/CodeIgniter.php(943): App\Controllers\AlunoController->POSTevtAluno()
 2 SYSTEMPATH/CodeIgniter.php(503): CodeIgniter\CodeIgniter->runController()
 3 SYSTEMPATH/CodeIgniter.php(361): CodeIgniter\CodeIgniter->handleRequest()
 4 FCPATH/index.php(79): CodeIgniter\CodeIgniter->run()
INFO - 2024-05-25 14:26:11 --> Session: Class initialized using 'CodeIgniter\Session\Handlers\FileHandler' driver.
ERROR - 2024-05-25 14:26:11 --> Received data: Array
(
    [a] => 0
)

INFO - 2024-05-25 14:26:11 --> Session: Class initialized using 'CodeIgniter\Session\Handlers\FileHandler' driver.
INFO - 2024-05-25 14:26:40 --> Session: Class initialized using 'CodeIgniter\Session\Handlers\FileHandler' driver.
INFO - 2024-05-25 14:27:39 --> Session: Class initialized using 'CodeIgniter\Session\Handlers\FileHandler' driver.
INFO - 2024-05-25 14:27:40 --> Session: Class initialized using 'CodeIgniter\Session\Handlers\FileHandler' driver.
INFO - 2024-05-25 14:27:42 --> Session: Class initialized using 'CodeIgniter\Session\Handlers\FileHandler' driver.
INFO - 2024-05-25 14:29:20 --> Session: Class initialized using 'CodeIgniter\Session\Handlers\FileHandler' driver.
ERROR - 2024-05-25 14:29:20 --> Received data: Array
(
)

INFO - 2024-05-25 14:29:21 --> Session: Class initialized using 'CodeIgniter\Session\Handlers\FileHandler' driver.
INFO - 2024-05-25 14:46:25 --> Session: Class initialized using 'CodeIgniter\Session\Handlers\FileHandler' driver.
ERROR - 2024-05-25 14:46:25 --> Received data: Array
(
)

INFO - 2024-05-25 14:46:25 --> Session: Class initialized using 'CodeIgniter\Session\Handlers\FileHandler' driver.
INFO - 2024-05-25 14:46:28 --> Session: Class initialized using 'CodeIgniter\Session\Handlers\FileHandler' driver.
INFO - 2024-05-25 14:46:28 --> Session: Class initialized using 'CodeIgniter\Session\Handlers\FileHandler' driver.
INFO - 2024-05-25 14:46:29 --> Session: Class initialized using 'CodeIgniter\Session\Handlers\FileHandler' driver.
INFO - 2024-05-25 14:46:48 --> Session: Class initialized using 'CodeIgniter\Session\Handlers\FileHandler' driver.
INFO - 2024-05-25 14:46:48 --> Session: Class initialized using 'CodeIgniter\Session\Handlers\FileHandler' driver.
INFO - 2024-05-25 14:46:49 --> Session: Class initialized using 'CodeIgniter\Session\Handlers\FileHandler' driver.
INFO - 2024-05-25 14:57:53 --> Session: Class initialized using 'CodeIgniter\Session\Handlers\FileHandler' driver.
ERROR - 2024-05-25 14:57:53 --> Received data: Array
(
)

INFO - 2024-05-25 14:57:54 --> Session: Class initialized using 'CodeIgniter\Session\Handlers\FileHandler' driver.
INFO - 2024-05-25 14:58:54 --> Session: Class initialized using 'CodeIgniter\Session\Handlers\FileHandler' driver.
INFO - 2024-05-25 14:58:54 --> Session: Class initialized using 'CodeIgniter\Session\Handlers\FileHandler' driver.
INFO - 2024-05-25 14:58:55 --> Session: Class initialized using 'CodeIgniter\Session\Handlers\FileHandler' driver.
ERROR - 2024-05-25 14:59:03 --> Received data: Array
(
)

INFO - 2024-05-25 14:59:03 --> Session: Class initialized using 'CodeIgniter\Session\Handlers\FileHandler' driver.
INFO - 2024-05-25 14:59:04 --> Session: Class initialized using 'CodeIgniter\Session\Handlers\FileHandler' driver.
ERROR - 2024-05-25 15:01:19 --> Received data: Array
(
)

INFO - 2024-05-25 15:01:19 --> Session: Class initialized using 'CodeIgniter\Session\Handlers\FileHandler' driver.
ERROR - 2024-05-25 15:01:21 --> Received data: Array
(
)

INFO - 2024-05-25 15:01:21 --> Session: Class initialized using 'CodeIgniter\Session\Handlers\FileHandler' driver.
ERROR - 2024-05-25 15:01:22 --> Received data: Array
(
)

INFO - 2024-05-25 15:01:22 --> Session: Class initialized using 'CodeIgniter\Session\Handlers\FileHandler' driver.
ERROR - 2024-05-25 15:02:14 --> Received data: Array
(
)

INFO - 2024-05-25 15:02:15 --> Session: Class initialized using 'CodeIgniter\Session\Handlers\FileHandler' driver.
ERROR - 2024-05-25 15:02:15 --> Received data: Array
(
)

INFO - 2024-05-25 15:02:16 --> Session: Class initialized using 'CodeIgniter\Session\Handlers\FileHandler' driver.
ERROR - 2024-05-25 15:02:18 --> Received data: Array
(
)

INFO - 2024-05-25 15:02:18 --> Session: Class initialized using 'CodeIgniter\Session\Handlers\FileHandler' driver.
INFO - 2024-05-25 15:07:48 --> Session: Class initialized using 'CodeIgniter\Session\Handlers\FileHandler' driver.
CRITICAL - 2024-05-25 15:07:48 --> CodeIgniter\Security\Exceptions\SecurityException: A ação que você requisitou não é permitida.
in SYSTEMPATH/Security/Security.php on line 300.
 1 SYSTEMPATH/Security/Security.php(300): CodeIgniter\Security\Exceptions\SecurityException::forDisallowedAction()
 2 SYSTEMPATH/Filters/CSRF.php(56): CodeIgniter\Security\Security->verify()
 3 SYSTEMPATH/Filters/Filters.php(182): CodeIgniter\Filters\CSRF->before()
 4 SYSTEMPATH/CodeIgniter.php(475): CodeIgniter\Filters\Filters->run()
 5 SYSTEMPATH/CodeIgniter.php(361): CodeIgniter\CodeIgniter->handleRequest()
 6 FCPATH/index.php(79): CodeIgniter\CodeIgniter->run()
INFO - 2024-05-25 15:07:51 --> Session: Class initialized using 'CodeIgniter\Session\Handlers\FileHandler' driver.
CRITICAL - 2024-05-25 15:07:51 --> CodeIgniter\Security\Exceptions\SecurityException: A ação que você requisitou não é permitida.
in SYSTEMPATH/Security/Security.php on line 300.
 1 SYSTEMPATH/Security/Security.php(300): CodeIgniter\Security\Exceptions\SecurityException::forDisallowedAction()
 2 SYSTEMPATH/Filters/CSRF.php(56): CodeIgniter\Security\Security->verify()
 3 SYSTEMPATH/Filters/Filters.php(182): CodeIgniter\Filters\CSRF->before()
 4 SYSTEMPATH/CodeIgniter.php(475): CodeIgniter\Filters\Filters->run()
 5 SYSTEMPATH/CodeIgniter.php(361): CodeIgniter\CodeIgniter->handleRequest()
 6 FCPATH/index.php(79): CodeIgniter\CodeIgniter->run()
INFO - 2024-05-25 15:07:54 --> Session: Class initialized using 'CodeIgniter\Session\Handlers\FileHandler' driver.
CRITICAL - 2024-05-25 15:07:54 --> CodeIgniter\Security\Exceptions\SecurityException: A ação que você requisitou não é permitida.
in SYSTEMPATH/Security/Security.php on line 300.
 1 SYSTEMPATH/Security/Security.php(300): CodeIgniter\Security\Exceptions\SecurityException::forDisallowedAction()
 2 SYSTEMPATH/Filters/CSRF.php(56): CodeIgniter\Security\Security->verify()
 3 SYSTEMPATH/Filters/Filters.php(182): CodeIgniter\Filters\CSRF->before()
 4 SYSTEMPATH/CodeIgniter.php(475): CodeIgniter\Filters\Filters->run()
 5 SYSTEMPATH/CodeIgniter.php(361): CodeIgniter\CodeIgniter->handleRequest()
 6 FCPATH/index.php(79): CodeIgniter\CodeIgniter->run()
INFO - 2024-05-25 15:16:55 --> Session: Class initialized using 'CodeIgniter\Session\Handlers\FileHandler' driver.
CRITICAL - 2024-05-25 15:16:55 --> CodeIgniter\Security\Exceptions\SecurityException: A ação que você requisitou não é permitida.
in SYSTEMPATH/Security/Security.php on line 300.
 1 SYSTEMPATH/Security/Security.php(300): CodeIgniter\Security\Exceptions\SecurityException::forDisallowedAction()
 2 SYSTEMPATH/Filters/CSRF.php(56): CodeIgniter\Security\Security->verify()
 3 SYSTEMPATH/Filters/Filters.php(182): CodeIgniter\Filters\CSRF->before()
 4 SYSTEMPATH/CodeIgniter.php(475): CodeIgniter\Filters\Filters->run()
 5 SYSTEMPATH/CodeIgniter.php(361): CodeIgniter\CodeIgniter->handleRequest()
 6 FCPATH/index.php(79): CodeIgniter\CodeIgniter->run()
INFO - 2024-05-25 15:21:36 --> Session: Class initialized using 'CodeIgniter\Session\Handlers\FileHandler' driver.
INFO - 2024-05-25 15:21:40 --> Session: Class initialized using 'CodeIgniter\Session\Handlers\FileHandler' driver.
INFO - 2024-05-25 15:22:29 --> Session: Class initialized using 'CodeIgniter\Session\Handlers\FileHandler' driver.
INFO - 2024-05-25 15:22:50 --> Session: Class initialized using 'CodeIgniter\Session\Handlers\FileHandler' driver.
INFO - 2024-05-25 15:28:56 --> Session: Class initialized using 'CodeIgniter\Session\Handlers\FileHandler' driver.
CRITICAL - 2024-05-25 15:28:56 --> CodeIgniter\Security\Exceptions\SecurityException: A ação que você requisitou não é permitida.
in SYSTEMPATH/Security/Security.php on line 300.
 1 SYSTEMPATH/Security/Security.php(300): CodeIgniter\Security\Exceptions\SecurityException::forDisallowedAction()
 2 SYSTEMPATH/Filters/CSRF.php(56): CodeIgniter\Security\Security->verify()
 3 SYSTEMPATH/Filters/Filters.php(182): CodeIgniter\Filters\CSRF->before()
 4 SYSTEMPATH/CodeIgniter.php(475): CodeIgniter\Filters\Filters->run()
 5 SYSTEMPATH/CodeIgniter.php(361): CodeIgniter\CodeIgniter->handleRequest()
 6 FCPATH/index.php(79): CodeIgniter\CodeIgniter->run()
INFO - 2024-05-25 15:32:45 --> Session: Class initialized using 'CodeIgniter\Session\Handlers\FileHandler' driver.
CRITICAL - 2024-05-25 15:32:45 --> CodeIgniter\Security\Exceptions\SecurityException: A ação que você requisitou não é permitida.
in SYSTEMPATH/Security/Security.php on line 300.
 1 SYSTEMPATH/Security/Security.php(300): CodeIgniter\Security\Exceptions\SecurityException::forDisallowedAction()
 2 SYSTEMPATH/Filters/CSRF.php(56): CodeIgniter\Security\Security->verify()
 3 SYSTEMPATH/Filters/Filters.php(182): CodeIgniter\Filters\CSRF->before()
 4 SYSTEMPATH/CodeIgniter.php(475): CodeIgniter\Filters\Filters->run()
 5 SYSTEMPATH/CodeIgniter.php(361): CodeIgniter\CodeIgniter->handleRequest()
 6 FCPATH/index.php(79): CodeIgniter\CodeIgniter->run()
ERROR - 2024-05-25 15:33:59 --> Received data: stdClass Object
(
    [username] => esp32.iot.gate
    [topic] => rfid_lido
    [timestamp] => 1716662040512
    [qos] => 2
    [publish_received_at] => 1716662040512
    [pub_props] => stdClass Object
        (
            [User-Property] => stdClass Object
                (
                )

        )

    [peerhost] => 2804:30c:1834:e400:e665:b8ff:fe28:a830
    [payload] => {"timestamp":1716662039,"Matr":"132347","Turma":"INF1 2022","Aluno":"Maria Clara de Souza","Tag_ID":"Maria Clara de Souza"}
    [node] => emqx@127.0.0.1
    [metadata] => stdClass Object
        (
            [rule_id] => rfid_lido_WH_D
        )

    [id] => 0006194B871FC96EF44500000E70005E
    [flags] => stdClass Object
        (
            [retain] => 1
            [dup] => 
        )

    [event] => message.publish
    [clientid] => ESP32_28A830
)

INFO - 2024-05-25 15:33:59 --> Session: Class initialized using 'CodeIgniter\Session\Handlers\FileHandler' driver.
ERROR - 2024-05-25 15:34:05 --> Received data: stdClass Object
(
    [username] => esp32.iot.gate
    [topic] => rfid_lido
    [timestamp] => 1716662046544
    [qos] => 2
    [publish_received_at] => 1716662046544
    [pub_props] => stdClass Object
        (
            [User-Property] => stdClass Object
                (
                )

        )

    [peerhost] => 2804:30c:1834:e400:e665:b8ff:fe28:a830
    [payload] => {"timestamp":1716662045,"Matr":"132347","Turma":"INF1 2022","Aluno":"Maria Clara de Souza","Tag_ID":"Maria Clara de Souza"}
    [node] => emqx@127.0.0.1
    [metadata] => stdClass Object
        (
            [rule_id] => rfid_lido_WH_D
        )

    [id] => 0006194B877BD1D5F44500000E70005F
    [flags] => stdClass Object
        (
            [retain] => 1
            [dup] => 
        )

    [event] => message.publish
    [clientid] => ESP32_28A830
)

INFO - 2024-05-25 15:34:05 --> Session: Class initialized using 'CodeIgniter\Session\Handlers\FileHandler' driver.
ERROR - 2024-05-25 15:34:54 --> Received data: stdClass Object
(
    [username] => esp32.iot.gate
    [topic] => rfid_lido
    [timestamp] => 1716662095674
    [qos] => 2
    [publish_received_at] => 1716662095674
    [pub_props] => stdClass Object
        (
            [User-Property] => stdClass Object
                (
                )

        )

    [peerhost] => 2804:30c:1834:e400:e665:b8ff:fe28:a830
    [payload] => {"timestamp":1716662093,"Matr":"132347","Turma":"INF1 2022","Aluno":"Maria Clara de Souza","Tag_ID":"Maria Clara de Souza"}
    [node] => emqx@127.0.0.1
    [metadata] => stdClass Object
        (
            [rule_id] => rfid_lido_WH_D
        )

    [id] => 0006194B8A697D12F44500000E700060
    [flags] => stdClass Object
        (
            [retain] => 1
            [dup] => 
        )

    [event] => message.publish
    [clientid] => ESP32_28A830
)

INFO - 2024-05-25 15:34:54 --> Session: Class initialized using 'CodeIgniter\Session\Handlers\FileHandler' driver.
INFO - 2024-05-25 15:38:29 --> Session: Class initialized using 'CodeIgniter\Session\Handlers\FileHandler' driver.
CRITICAL - 2024-05-25 15:38:29 --> CodeIgniter\Security\Exceptions\SecurityException: A ação que você requisitou não é permitida.
in SYSTEMPATH/Security/Security.php on line 300.
 1 SYSTEMPATH/Security/Security.php(300): CodeIgniter\Security\Exceptions\SecurityException::forDisallowedAction()
 2 SYSTEMPATH/Filters/CSRF.php(56): CodeIgniter\Security\Security->verify()
 3 SYSTEMPATH/Filters/Filters.php(182): CodeIgniter\Filters\CSRF->before()
 4 SYSTEMPATH/CodeIgniter.php(475): CodeIgniter\Filters\Filters->run()
 5 SYSTEMPATH/CodeIgniter.php(361): CodeIgniter\CodeIgniter->handleRequest()
 6 FCPATH/index.php(79): CodeIgniter\CodeIgniter->run()
INFO - 2024-05-25 15:44:40 --> Session: Class initialized using 'CodeIgniter\Session\Handlers\FileHandler' driver.
CRITICAL - 2024-05-25 15:44:40 --> CodeIgniter\Security\Exceptions\SecurityException: A ação que você requisitou não é permitida.
in SYSTEMPATH/Security/Security.php on line 300.
 1 SYSTEMPATH/Security/Security.php(300): CodeIgniter\Security\Exceptions\SecurityException::forDisallowedAction()
 2 SYSTEMPATH/Filters/CSRF.php(56): CodeIgniter\Security\Security->verify()
 3 SYSTEMPATH/Filters/Filters.php(182): CodeIgniter\Filters\CSRF->before()
 4 SYSTEMPATH/CodeIgniter.php(475): CodeIgniter\Filters\Filters->run()
 5 SYSTEMPATH/CodeIgniter.php(361): CodeIgniter\CodeIgniter->handleRequest()
 6 FCPATH/index.php(79): CodeIgniter\CodeIgniter->run()
INFO - 2024-05-25 15:44:47 --> Session: Class initialized using 'CodeIgniter\Session\Handlers\FileHandler' driver.
INFO - 2024-05-25 15:44:47 --> Session: Class initialized using 'CodeIgniter\Session\Handlers\FileHandler' driver.
INFO - 2024-05-25 15:44:48 --> Session: Class initialized using 'CodeIgniter\Session\Handlers\FileHandler' driver.
INFO - 2024-05-25 15:44:48 --> Session: Class initialized using 'CodeIgniter\Session\Handlers\FileHandler' driver.
INFO - 2024-05-25 15:44:48 --> Session: Class initialized using 'CodeIgniter\Session\Handlers\FileHandler' driver.
INFO - 2024-05-25 15:44:48 --> Session: Class initialized using 'CodeIgniter\Session\Handlers\FileHandler' driver.
INFO - 2024-05-25 15:46:04 --> Session: Class initialized using 'CodeIgniter\Session\Handlers\FileHandler' driver.
INFO - 2024-05-25 15:46:04 --> Session: Class initialized using 'CodeIgniter\Session\Handlers\FileHandler' driver.
INFO - 2024-05-25 15:46:04 --> Session: Class initialized using 'CodeIgniter\Session\Handlers\FileHandler' driver.
INFO - 2024-05-25 15:46:58 --> Session: Class initialized using 'CodeIgniter\Session\Handlers\FileHandler' driver.
INFO - 2024-05-25 15:46:58 --> Session: Class initialized using 'CodeIgniter\Session\Handlers\FileHandler' driver.
INFO - 2024-05-25 15:46:58 --> Session: Class initialized using 'CodeIgniter\Session\Handlers\FileHandler' driver.
CRITICAL - 2024-05-25 15:46:59 --> PhpMqtt\Client\Exceptions\ConnectingToBrokerFailedException: [1000] Establishing a connection to the MQTT broker failed: Socket error [111]: Connection refused
in VENDORPATH/php-mqtt/client/src/MqttClient.php on line 226.
 1 VENDORPATH/php-mqtt/client/src/MqttClient.php(134): PhpMqtt\Client\MqttClient->establishSocketConnection()
 2 VENDORPATH/php-mqtt/client/src/MqttClient.php(123): PhpMqtt\Client\MqttClient->connectInternal()
 3 APPPATH/Controllers/MQTTController.php(38): PhpMqtt\Client\MqttClient->connect()
 4 SYSTEMPATH/CodeIgniter.php(943): App\Controllers\MQTTController->cadNovoPublish()
 5 SYSTEMPATH/CodeIgniter.php(503): CodeIgniter\CodeIgniter->runController()
 6 SYSTEMPATH/CodeIgniter.php(361): CodeIgniter\CodeIgniter->handleRequest()
 7 FCPATH/index.php(79): CodeIgniter\CodeIgniter->run()
INFO - 2024-05-25 15:47:08 --> Session: Class initialized using 'CodeIgniter\Session\Handlers\FileHandler' driver.
INFO - 2024-05-25 15:47:08 --> Session: Class initialized using 'CodeIgniter\Session\Handlers\FileHandler' driver.
INFO - 2024-05-25 15:47:15 --> Session: Class initialized using 'CodeIgniter\Session\Handlers\FileHandler' driver.
INFO - 2024-05-25 15:47:16 --> Session: Class initialized using 'CodeIgniter\Session\Handlers\FileHandler' driver.
ERROR - 2024-05-25 15:49:22 --> Received data: stdClass Object
(
    [username] => esp32.iot.gate
    [topic] => rfid_lido
    [timestamp] => 1716662963660
    [qos] => 2
    [publish_received_at] => 1716662963660
    [pub_props] => stdClass Object
        (
            [User-Property] => stdClass Object
                (
                )

        )

    [peerhost] => 2804:30c:1834:e400:e665:b8ff:fe28:a830
    [payload] => {"timestamp":1716662961,"Matr":"132347","Turma":"INF1 2022","Aluno":"Maria Clara de Souza","Tag_ID":"Maria Clara de Souza"}
    [node] => emqx@127.0.0.1
    [metadata] => stdClass Object
        (
            [rule_id] => rfid_lido_WH_D
        )

    [id] => 0006194BBE25E5C0F44500000E700063
    [flags] => stdClass Object
        (
            [retain] => 1
            [dup] => 
        )

    [event] => message.publish
    [clientid] => ESP32_28A830
)

INFO - 2024-05-25 15:49:22 --> Session: Class initialized using 'CodeIgniter\Session\Handlers\FileHandler' driver.
INFO - 2024-05-25 16:57:49 --> Received data: stdClass Object
(
    [username] => esp32.iot.gate
    [topic] => rfid_lido
    [timestamp] => 1716667070726
    [qos] => 2
    [publish_received_at] => 1716667070726
    [pub_props] => stdClass Object
        (
            [User-Property] => stdClass Object
                (
                )

        )

    [peerhost] => 2804:30c:1834:e400:e665:b8ff:fe28:a830
    [payload] => {"timestamp":1716667068,"Matr":"132347","Turma":"INF1 2022","Aluno":"Maria Clara de Souza","Tag_ID":"Maria Clara de Souza"}
    [node] => emqx@127.0.0.1
    [metadata] => stdClass Object
        (
            [rule_id] => rfid_lido_WH_D
        )

    [id] => 0006194CB2F2C1C2F44500000E700064
    [flags] => stdClass Object
        (
            [retain] => 1
            [dup] => 
        )

    [event] => message.publish
    [clientid] => ESP32_28A830
)

CRITICAL - 2024-05-25 16:57:49 --> ErrorException: Attempt to read property "Matr" on string
in APPPATH/Models/StatusModel.php on line 22.
 1 APPPATH/Models/StatusModel.php(22): CodeIgniter\Debug\Exceptions->errorHandler()
 2 APPPATH/Controllers/AlunoController.php(94): App\Models\StatusModel->insertEvent()
 3 SYSTEMPATH/CodeIgniter.php(943): App\Controllers\AlunoController->POSTevtAluno()
 4 SYSTEMPATH/CodeIgniter.php(503): CodeIgniter\CodeIgniter->runController()
 5 SYSTEMPATH/CodeIgniter.php(361): CodeIgniter\CodeIgniter->handleRequest()
 6 FCPATH/index.php(79): CodeIgniter\CodeIgniter->run()
INFO - 2024-05-25 16:57:51 --> Session: Class initialized using 'CodeIgniter\Session\Handlers\FileHandler' driver.
INFO - 2024-05-25 16:57:51 --> Session: Class initialized using 'CodeIgniter\Session\Handlers\FileHandler' driver.
INFO - 2024-05-25 16:57:52 --> Session: Class initialized using 'CodeIgniter\Session\Handlers\FileHandler' driver.
INFO - 2024-05-25 16:57:52 --> Session: Class initialized using 'CodeIgniter\Session\Handlers\FileHandler' driver.
INFO - 2024-05-25 16:57:52 --> Session: Class initialized using 'CodeIgniter\Session\Handlers\FileHandler' driver.
INFO - 2024-05-25 16:58:30 --> Received data: stdClass Object
(
    [username] => esp32.iot.gate
    [topic] => rfid_lido
    [timestamp] => 1716667111843
    [qos] => 2
    [publish_received_at] => 1716667111843
    [pub_props] => stdClass Object
        (
            [User-Property] => stdClass Object
                (
                )

        )

    [peerhost] => 2804:30c:1834:e400:e665:b8ff:fe28:a830
    [payload] => {"timestamp":1716667110,"Matr":"132347","Turma":"INF1 2022","Aluno":"Maria Clara de Souza","Tag_ID":"Maria Clara de Souza"}
    [node] => emqx@127.0.0.1
    [metadata] => stdClass Object
        (
            [rule_id] => rfid_lido_WH_D
        )

    [id] => 0006194CB56625CAF44500000E700065
    [flags] => stdClass Object
        (
            [retain] => 1
            [dup] => 
        )

    [event] => message.publish
    [clientid] => ESP32_28A830
)

CRITICAL - 2024-05-25 16:58:30 --> ErrorException: Attempt to read property "Matr" on string
in APPPATH/Models/StatusModel.php on line 22.
 1 APPPATH/Models/StatusModel.php(22): CodeIgniter\Debug\Exceptions->errorHandler()
 2 APPPATH/Controllers/AlunoController.php(94): App\Models\StatusModel->insertEvent()
 3 SYSTEMPATH/CodeIgniter.php(943): App\Controllers\AlunoController->POSTevtAluno()
 4 SYSTEMPATH/CodeIgniter.php(503): CodeIgniter\CodeIgniter->runController()
 5 SYSTEMPATH/CodeIgniter.php(361): CodeIgniter\CodeIgniter->handleRequest()
 6 FCPATH/index.php(79): CodeIgniter\CodeIgniter->run()
INFO - 2024-05-25 16:58:32 --> Received data: stdClass Object
(
    [username] => esp32.iot.gate
    [topic] => rfid_lido
    [timestamp] => 1716667113869
    [qos] => 2
    [publish_received_at] => 1716667113868
    [pub_props] => stdClass Object
        (
            [User-Property] => stdClass Object
                (
                )

        )

    [peerhost] => 2804:30c:1834:e400:e665:b8ff:fe28:a830
    [payload] => {"timestamp":1716667111,"Matr":"132347","Turma":"INF1 2022","Aluno":"Maria Clara de Souza","Tag_ID":"Maria Clara de Souza"}
    [node] => emqx@127.0.0.1
    [metadata] => stdClass Object
        (
            [rule_id] => rfid_lido_WH_D
        )

    [id] => 0006194CB5850E98F44500000E700066
    [flags] => stdClass Object
        (
            [retain] => 1
            [dup] => 
        )

    [event] => message.publish
    [clientid] => ESP32_28A830
)

CRITICAL - 2024-05-25 16:58:32 --> ErrorException: Attempt to read property "Matr" on string
in APPPATH/Models/StatusModel.php on line 22.
 1 APPPATH/Models/StatusModel.php(22): CodeIgniter\Debug\Exceptions->errorHandler()
 2 APPPATH/Controllers/AlunoController.php(94): App\Models\StatusModel->insertEvent()
 3 SYSTEMPATH/CodeIgniter.php(943): App\Controllers\AlunoController->POSTevtAluno()
 4 SYSTEMPATH/CodeIgniter.php(503): CodeIgniter\CodeIgniter->runController()
 5 SYSTEMPATH/CodeIgniter.php(361): CodeIgniter\CodeIgniter->handleRequest()
 6 FCPATH/index.php(79): CodeIgniter\CodeIgniter->run()
INFO - 2024-05-25 16:59:12 --> Received data: stdClass Object
(
    [username] => esp32.iot.gate
    [topic] => rfid_lido
    [timestamp] => 1716667152984
    [qos] => 2
    [publish_received_at] => 1716667152984
    [pub_props] => stdClass Object
        (
            [User-Property] => stdClass Object
                (
                )

        )

    [peerhost] => 2804:30c:1834:e400:e665:b8ff:fe28:a830
    [payload] => {"timestamp":1716667150,"Matr":"132347","Turma":"INF1 2022","Aluno":"Maria Clara de Souza","Tag_ID":"Maria Clara de Souza"}
    [node] => emqx@127.0.0.1
    [metadata] => stdClass Object
        (
            [rule_id] => rfid_lido_WH_D
        )

    [id] => 0006194CB7D9E96CF44500000E700067
    [flags] => stdClass Object
        (
            [retain] => 1
            [dup] => 
        )

    [event] => message.publish
    [clientid] => ESP32_28A830
)

INFO - 2024-05-25 16:59:12 --> Session: Class initialized using 'CodeIgniter\Session\Handlers\FileHandler' driver.
ERROR - 2024-05-25 17:00:34 --> Received data: stdClass Object
(
    [username] => esp32.iot.gate
    [topic] => rfid_lido
    [timestamp] => 1716667235188
    [qos] => 2
    [publish_received_at] => 1716667235188
    [pub_props] => stdClass Object
        (
            [User-Property] => stdClass Object
                (
                )

        )

    [peerhost] => 2804:30c:1834:e400:e665:b8ff:fe28:a830
    [payload] => {"timestamp":1716667233,"Matr":"132347","Turma":"INF1 2022","Aluno":"Maria Clara de Souza","Tag_ID":"Maria Clara de Souza"}
    [node] => emqx@127.0.0.1
    [metadata] => stdClass Object
        (
            [rule_id] => rfid_lido_WH_D
        )

    [id] => 0006194CBCC03D7DF44500000E700068
    [flags] => stdClass Object
        (
            [retain] => 1
            [dup] => 
        )

    [event] => message.publish
    [clientid] => ESP32_28A830
)

INFO - 2024-05-25 17:00:34 --> Session: Class initialized using 'CodeIgniter\Session\Handlers\FileHandler' driver.
INFO - 2024-05-25 17:00:44 --> Session: Class initialized using 'CodeIgniter\Session\Handlers\FileHandler' driver.
INFO - 2024-05-25 17:00:45 --> Session: Class initialized using 'CodeIgniter\Session\Handlers\FileHandler' driver.
INFO - 2024-05-25 17:00:45 --> Session: Class initialized using 'CodeIgniter\Session\Handlers\FileHandler' driver.
INFO - 2024-05-25 17:00:45 --> Session: Class initialized using 'CodeIgniter\Session\Handlers\FileHandler' driver.
INFO - 2024-05-25 17:00:45 --> Session: Class initialized using 'CodeIgniter\Session\Handlers\FileHandler' driver.
INFO - 2024-05-25 17:01:02 --> Session: Class initialized using 'CodeIgniter\Session\Handlers\FileHandler' driver.
INFO - 2024-05-25 17:01:02 --> Session: Class initialized using 'CodeIgniter\Session\Handlers\FileHandler' driver.
INFO - 2024-05-25 17:01:02 --> Session: Class initialized using 'CodeIgniter\Session\Handlers\FileHandler' driver.
INFO - 2024-05-25 17:01:02 --> Session: Class initialized using 'CodeIgniter\Session\Handlers\FileHandler' driver.
INFO - 2024-05-25 17:01:03 --> Session: Class initialized using 'CodeIgniter\Session\Handlers\FileHandler' driver.
ERROR - 2024-05-25 17:01:05 --> Received data: stdClass Object
(
    [username] => esp32.iot.gate
    [topic] => rfid_lido
    [timestamp] => 1716667266283
    [qos] => 2
    [publish_received_at] => 1716667266282
    [pub_props] => stdClass Object
        (
            [User-Property] => stdClass Object
                (
                )

        )

    [peerhost] => 2804:30c:1834:e400:e665:b8ff:fe28:a830
    [payload] => {"timestamp":1716667264,"Matr":"132347","Turma":"INF1 2022","Aluno":"Maria Clara de Souza","Tag_ID":"Maria Clara de Souza"}
    [node] => emqx@127.0.0.1
    [metadata] => stdClass Object
        (
            [rule_id] => rfid_lido_WH_D
        )

    [id] => 0006194CBE9AB583F44500000E700069
    [flags] => stdClass Object
        (
            [retain] => 1
            [dup] => 
        )

    [event] => message.publish
    [clientid] => ESP32_28A830
)

INFO - 2024-05-25 17:01:05 --> Session: Class initialized using 'CodeIgniter\Session\Handlers\FileHandler' driver.
INFO - 2024-05-25 17:01:06 --> Session: Class initialized using 'CodeIgniter\Session\Handlers\FileHandler' driver.
INFO - 2024-05-25 17:01:06 --> Session: Class initialized using 'CodeIgniter\Session\Handlers\FileHandler' driver.
INFO - 2024-05-25 17:01:06 --> Session: Class initialized using 'CodeIgniter\Session\Handlers\FileHandler' driver.
INFO - 2024-05-25 17:01:06 --> Session: Class initialized using 'CodeIgniter\Session\Handlers\FileHandler' driver.
INFO - 2024-05-25 17:01:06 --> Session: Class initialized using 'CodeIgniter\Session\Handlers\FileHandler' driver.
ERROR - 2024-05-25 17:04:21 --> Received data: stdClass Object
(
    [username] => esp32.iot.gate
    [topic] => rfid_lido
    [timestamp] => 1716667462730
    [qos] => 2
    [publish_received_at] => 1716667462730
    [pub_props] => stdClass Object
        (
            [User-Property] => stdClass Object
                (
                )

        )

    [peerhost] => 2804:30c:1834:e400:e665:b8ff:fe28:a830
    [payload] => {"timestamp":1716667460,"Matr":"132347","Turma":"INF1 2022","Aluno":"Maria Clara de Souza","Tag_ID":"Maria Clara de Souza"}
    [node] => emqx@127.0.0.1
    [metadata] => stdClass Object
        (
            [rule_id] => rfid_lido_WH_D
        )

    [id] => 0006194CCA504411F44500000E70006A
    [flags] => stdClass Object
        (
            [retain] => 1
            [dup] => 
        )

    [event] => message.publish
    [clientid] => ESP32_28A830
)

INFO - 2024-05-25 17:04:21 --> Session: Class initialized using 'CodeIgniter\Session\Handlers\FileHandler' driver.
INFO - 2024-05-25 17:04:22 --> Session: Class initialized using 'CodeIgniter\Session\Handlers\FileHandler' driver.
INFO - 2024-05-25 17:04:23 --> Session: Class initialized using 'CodeIgniter\Session\Handlers\FileHandler' driver.
INFO - 2024-05-25 17:04:23 --> Session: Class initialized using 'CodeIgniter\Session\Handlers\FileHandler' driver.
INFO - 2024-05-25 17:04:23 --> Session: Class initialized using 'CodeIgniter\Session\Handlers\FileHandler' driver.
INFO - 2024-05-25 17:04:23 --> Session: Class initialized using 'CodeIgniter\Session\Handlers\FileHandler' driver.
ERROR - 2024-05-25 17:04:26 --> Received data: stdClass Object
(
    [username] => esp32.iot.gate
    [topic] => rfid_lido
    [timestamp] => 1716667467763
    [qos] => 2
    [publish_received_at] => 1716667467763
    [pub_props] => stdClass Object
        (
            [User-Property] => stdClass Object
                (
                )

        )

    [peerhost] => 2804:30c:1834:e400:e665:b8ff:fe28:a830
    [payload] => {"timestamp":1716667465,"Matr":"132347","Turma":"INF1 2022","Aluno":"Maria Clara de Souza","Tag_ID":"Maria Clara de Souza"}
    [node] => emqx@127.0.0.1
    [metadata] => stdClass Object
        (
            [rule_id] => rfid_lido_WH_D
        )

    [id] => 0006194CCA9D0D45F44500000E70006B
    [flags] => stdClass Object
        (
            [retain] => 1
            [dup] => 
        )

    [event] => message.publish
    [clientid] => ESP32_28A830
)

INFO - 2024-05-25 17:04:26 --> Session: Class initialized using 'CodeIgniter\Session\Handlers\FileHandler' driver.
INFO - 2024-05-25 17:04:27 --> Session: Class initialized using 'CodeIgniter\Session\Handlers\FileHandler' driver.
INFO - 2024-05-25 17:04:27 --> Session: Class initialized using 'CodeIgniter\Session\Handlers\FileHandler' driver.
INFO - 2024-05-25 17:04:27 --> Session: Class initialized using 'CodeIgniter\Session\Handlers\FileHandler' driver.
INFO - 2024-05-25 17:04:27 --> Session: Class initialized using 'CodeIgniter\Session\Handlers\FileHandler' driver.
INFO - 2024-05-25 17:04:28 --> Session: Class initialized using 'CodeIgniter\Session\Handlers\FileHandler' driver.
ERROR - 2024-05-25 17:04:31 --> Received data: stdClass Object
(
    [username] => esp32.iot.gate
    [topic] => rfid_lido
    [timestamp] => 1716667472791
    [qos] => 2
    [publish_received_at] => 1716667472791
    [pub_props] => stdClass Object
        (
            [User-Property] => stdClass Object
                (
                )

        )

    [peerhost] => 2804:30c:1834:e400:e665:b8ff:fe28:a830
    [payload] => {"timestamp":1716667470,"Matr":"132347","Turma":"INF1 2022","Aluno":"Maria Clara de Souza","Tag_ID":"Maria Clara de Souza"}
    [node] => emqx@127.0.0.1
    [metadata] => stdClass Object
        (
            [rule_id] => rfid_lido_WH_D
        )

    [id] => 0006194CCAE9C813F44500000E70006C
    [flags] => stdClass Object
        (
            [retain] => 1
            [dup] => 
        )

    [event] => message.publish
    [clientid] => ESP32_28A830
)

INFO - 2024-05-25 17:04:31 --> Session: Class initialized using 'CodeIgniter\Session\Handlers\FileHandler' driver.
INFO - 2024-05-25 17:04:32 --> Session: Class initialized using 'CodeIgniter\Session\Handlers\FileHandler' driver.
INFO - 2024-05-25 17:04:32 --> Session: Class initialized using 'CodeIgniter\Session\Handlers\FileHandler' driver.
INFO - 2024-05-25 17:04:32 --> Session: Class initialized using 'CodeIgniter\Session\Handlers\FileHandler' driver.
INFO - 2024-05-25 17:04:33 --> Session: Class initialized using 'CodeIgniter\Session\Handlers\FileHandler' driver.
INFO - 2024-05-25 17:04:33 --> Session: Class initialized using 'CodeIgniter\Session\Handlers\FileHandler' driver.
ERROR - 2024-05-25 17:04:35 --> Received data: stdClass Object
(
    [username] => esp32.iot.gate
    [topic] => rfid_lido
    [timestamp] => 1716667476821
    [qos] => 2
    [publish_received_at] => 1716667476821
    [pub_props] => stdClass Object
        (
            [User-Property] => stdClass Object
                (
                )

        )

    [peerhost] => 2804:30c:1834:e400:e665:b8ff:fe28:a830
    [payload] => {"timestamp":1716667475,"Matr":"132347","Turma":"INF1 2022","Aluno":"Maria Clara de Souza","Tag_ID":"Maria Clara de Souza"}
    [node] => emqx@127.0.0.1
    [metadata] => stdClass Object
        (
            [rule_id] => rfid_lido_WH_D
        )

    [id] => 0006194CCB27467AF44500000E70006D
    [flags] => stdClass Object
        (
            [retain] => 1
            [dup] => 
        )

    [event] => message.publish
    [clientid] => ESP32_28A830
)

INFO - 2024-05-25 17:04:36 --> Session: Class initialized using 'CodeIgniter\Session\Handlers\FileHandler' driver.
INFO - 2024-05-25 17:04:37 --> Session: Class initialized using 'CodeIgniter\Session\Handlers\FileHandler' driver.
ERROR - 2024-05-25 17:04:37 --> Received data: stdClass Object
(
    [username] => esp32.iot.gate
    [topic] => rfid_lido
    [timestamp] => 1716667478850
    [qos] => 2
    [publish_received_at] => 1716667478849
    [pub_props] => stdClass Object
        (
            [User-Property] => stdClass Object
                (
                )

        )

    [peerhost] => 2804:30c:1834:e400:e665:b8ff:fe28:a830
    [payload] => {"timestamp":1716667476,"Matr":"132347","Turma":"INF1 2022","Aluno":"Maria Clara de Souza","Tag_ID":"Maria Clara de Souza"}
    [node] => emqx@127.0.0.1
    [metadata] => stdClass Object
        (
            [rule_id] => rfid_lido_WH_D
        )

    [id] => 0006194CCB4639ADF44500000E70006E
    [flags] => stdClass Object
        (
            [retain] => 1
            [dup] => 
        )

    [event] => message.publish
    [clientid] => ESP32_28A830
)

INFO - 2024-05-25 17:04:38 --> Session: Class initialized using 'CodeIgniter\Session\Handlers\FileHandler' driver.
INFO - 2024-05-25 17:04:38 --> Session: Class initialized using 'CodeIgniter\Session\Handlers\FileHandler' driver.
INFO - 2024-05-25 17:04:38 --> Session: Class initialized using 'CodeIgniter\Session\Handlers\FileHandler' driver.
INFO - 2024-05-25 17:04:38 --> Session: Class initialized using 'CodeIgniter\Session\Handlers\FileHandler' driver.
INFO - 2024-05-25 17:04:38 --> Session: Class initialized using 'CodeIgniter\Session\Handlers\FileHandler' driver.
INFO - 2024-05-25 17:04:43 --> Session: Class initialized using 'CodeIgniter\Session\Handlers\FileHandler' driver.
INFO - 2024-05-25 17:04:43 --> Session: Class initialized using 'CodeIgniter\Session\Handlers\FileHandler' driver.
INFO - 2024-05-25 17:04:43 --> Session: Class initialized using 'CodeIgniter\Session\Handlers\FileHandler' driver.
CRITICAL - 2024-05-25 17:04:43 --> PhpMqtt\Client\Exceptions\ConnectingToBrokerFailedException: [1000] Establishing a connection to the MQTT broker failed: Socket error [111]: Connection refused
in VENDORPATH/php-mqtt/client/src/MqttClient.php on line 226.
 1 VENDORPATH/php-mqtt/client/src/MqttClient.php(134): PhpMqtt\Client\MqttClient->establishSocketConnection()
 2 VENDORPATH/php-mqtt/client/src/MqttClient.php(123): PhpMqtt\Client\MqttClient->connectInternal()
 3 APPPATH/Controllers/MQTTController.php(38): PhpMqtt\Client\MqttClient->connect()
 4 SYSTEMPATH/CodeIgniter.php(943): App\Controllers\MQTTController->cadNovoPublish()
 5 SYSTEMPATH/CodeIgniter.php(503): CodeIgniter\CodeIgniter->runController()
 6 SYSTEMPATH/CodeIgniter.php(361): CodeIgniter\CodeIgniter->handleRequest()
 7 FCPATH/index.php(79): CodeIgniter\CodeIgniter->run()
ERROR - 2024-05-25 17:04:50 --> Received data: stdClass Object
(
    [username] => esp32.iot.gate
    [topic] => rfid_lido
    [timestamp] => 1716667490895
    [qos] => 2
    [publish_received_at] => 1716667490895
    [pub_props] => stdClass Object
        (
            [User-Property] => stdClass Object
                (
                )

        )

    [peerhost] => 2804:30c:1834:e400:e665:b8ff:fe28:a830
    [payload] => {"timestamp":1716667489,"Matr":"132347","Turma":"INF1 2022","Aluno":"Maria Clara de Souza","Tag_ID":"Maria Clara de Souza"}
    [node] => emqx@127.0.0.1
    [metadata] => stdClass Object
        (
            [rule_id] => rfid_lido_WH_D
        )

    [id] => 0006194CCBFE0549F44500000E70006F
    [flags] => stdClass Object
        (
            [retain] => 1
            [dup] => 
        )

    [event] => message.publish
    [clientid] => ESP32_28A830
)

INFO - 2024-05-25 17:04:50 --> Session: Class initialized using 'CodeIgniter\Session\Handlers\FileHandler' driver.
ERROR - 2024-05-25 17:04:59 --> Received data: stdClass Object
(
    [username] => esp32.iot.gate
    [topic] => rfid_lido
    [timestamp] => 1716667499945
    [qos] => 2
    [publish_received_at] => 1716667499945
    [pub_props] => stdClass Object
        (
            [User-Property] => stdClass Object
                (
                )

        )

    [peerhost] => 2804:30c:1834:e400:e665:b8ff:fe28:a830
    [payload] => {"timestamp":1716667498,"Matr":"132347","Turma":"INF1 2022","Aluno":"Maria Clara de Souza","Tag_ID":"Maria Clara de Souza"}
    [node] => emqx@127.0.0.1
    [metadata] => stdClass Object
        (
            [rule_id] => rfid_lido_WH_D
        )

    [id] => 0006194CCC881E7EF44500000E700070
    [flags] => stdClass Object
        (
            [retain] => 1
            [dup] => 
        )

    [event] => message.publish
    [clientid] => ESP32_28A830
)

INFO - 2024-05-25 17:04:59 --> Session: Class initialized using 'CodeIgniter\Session\Handlers\FileHandler' driver.
INFO - 2024-05-25 17:05:07 --> Session: Class initialized using 'CodeIgniter\Session\Handlers\FileHandler' driver.
INFO - 2024-05-25 17:05:07 --> Session: Class initialized using 'CodeIgniter\Session\Handlers\FileHandler' driver.
INFO - 2024-05-25 17:05:11 --> Session: Class initialized using 'CodeIgniter\Session\Handlers\FileHandler' driver.
INFO - 2024-05-25 17:11:57 --> Session: Class initialized using 'CodeIgniter\Session\Handlers\FileHandler' driver.
INFO - 2024-05-25 17:11:57 --> Session: Class initialized using 'CodeIgniter\Session\Handlers\FileHandler' driver.
INFO - 2024-05-25 17:11:57 --> Session: Class initialized using 'CodeIgniter\Session\Handlers\FileHandler' driver.
INFO - 2024-05-25 17:11:58 --> Session: Class initialized using 'CodeIgniter\Session\Handlers\FileHandler' driver.
INFO - 2024-05-25 17:11:58 --> Session: Class initialized using 'CodeIgniter\Session\Handlers\FileHandler' driver.
INFO - 2024-05-25 17:21:48 --> Session: Class initialized using 'CodeIgniter\Session\Handlers\FileHandler' driver.
INFO - 2024-05-25 17:35:04 --> Session: Class initialized using 'CodeIgniter\Session\Handlers\FileHandler' driver.
INFO - 2024-05-25 17:35:05 --> Session: Class initialized using 'CodeIgniter\Session\Handlers\FileHandler' driver.
INFO - 2024-05-25 17:35:05 --> Session: Class initialized using 'CodeIgniter\Session\Handlers\FileHandler' driver.
INFO - 2024-05-25 17:35:05 --> Session: Class initialized using 'CodeIgniter\Session\Handlers\FileHandler' driver.
INFO - 2024-05-25 17:35:05 --> Session: Class initialized using 'CodeIgniter\Session\Handlers\FileHandler' driver.
INFO - 2024-05-25 17:35:06 --> Session: Class initialized using 'CodeIgniter\Session\Handlers\FileHandler' driver.
INFO - 2024-05-25 17:35:06 --> Session: Class initialized using 'CodeIgniter\Session\Handlers\FileHandler' driver.
CRITICAL - 2024-05-25 17:35:06 --> PhpMqtt\Client\Exceptions\ConnectingToBrokerFailedException: [1000] Establishing a connection to the MQTT broker failed: Socket error [101]: Network is unreachable
in VENDORPATH/php-mqtt/client/src/MqttClient.php on line 226.
 1 VENDORPATH/php-mqtt/client/src/MqttClient.php(134): PhpMqtt\Client\MqttClient->establishSocketConnection()
 2 VENDORPATH/php-mqtt/client/src/MqttClient.php(123): PhpMqtt\Client\MqttClient->connectInternal()
 3 APPPATH/Controllers/MQTTController.php(38): PhpMqtt\Client\MqttClient->connect()
 4 SYSTEMPATH/CodeIgniter.php(943): App\Controllers\MQTTController->cadNovoPublish()
 5 SYSTEMPATH/CodeIgniter.php(503): CodeIgniter\CodeIgniter->runController()
 6 SYSTEMPATH/CodeIgniter.php(361): CodeIgniter\CodeIgniter->handleRequest()
 7 FCPATH/index.php(79): CodeIgniter\CodeIgniter->run()
INFO - 2024-05-25 17:35:06 --> Session: Class initialized using 'CodeIgniter\Session\Handlers\FileHandler' driver.
INFO - 2024-05-25 17:59:51 --> Session: Class initialized using 'CodeIgniter\Session\Handlers\FileHandler' driver.
INFO - 2024-05-25 17:59:51 --> Session: Class initialized using 'CodeIgniter\Session\Handlers\FileHandler' driver.
INFO - 2024-05-25 17:59:53 --> Session: Class initialized using 'CodeIgniter\Session\Handlers\FileHandler' driver.
INFO - 2024-05-25 17:59:53 --> Session: Class initialized using 'CodeIgniter\Session\Handlers\FileHandler' driver.
INFO - 2024-05-25 17:59:53 --> Session: Class initialized using 'CodeIgniter\Session\Handlers\FileHandler' driver.
INFO - 2024-05-25 18:00:57 --> Session: Class initialized using 'CodeIgniter\Session\Handlers\FileHandler' driver.
INFO - 2024-05-25 18:00:57 --> Session: Class initialized using 'CodeIgniter\Session\Handlers\FileHandler' driver.
INFO - 2024-05-25 18:00:58 --> Session: Class initialized using 'CodeIgniter\Session\Handlers\FileHandler' driver.
INFO - 2024-05-25 18:00:58 --> Session: Class initialized using 'CodeIgniter\Session\Handlers\FileHandler' driver.
INFO - 2024-05-25 18:00:58 --> Session: Class initialized using 'CodeIgniter\Session\Handlers\FileHandler' driver.
INFO - 2024-05-25 18:01:09 --> Session: Class initialized using 'CodeIgniter\Session\Handlers\FileHandler' driver.
INFO - 2024-05-25 18:01:11 --> Session: Class initialized using 'CodeIgniter\Session\Handlers\FileHandler' driver.
INFO - 2024-05-25 18:01:30 --> Session: Class initialized using 'CodeIgniter\Session\Handlers\FileHandler' driver.
INFO - 2024-05-25 18:01:31 --> Session: Class initialized using 'CodeIgniter\Session\Handlers\FileHandler' driver.
INFO - 2024-05-25 18:01:31 --> Session: Class initialized using 'CodeIgniter\Session\Handlers\FileHandler' driver.
CRITICAL - 2024-05-25 18:01:31 --> PhpMqtt\Client\Exceptions\ConnectingToBrokerFailedException: [1000] Establishing a connection to the MQTT broker failed: Socket error [101]: Network is unreachable
in VENDORPATH/php-mqtt/client/src/MqttClient.php on line 226.
 1 VENDORPATH/php-mqtt/client/src/MqttClient.php(134): PhpMqtt\Client\MqttClient->establishSocketConnection()
 2 VENDORPATH/php-mqtt/client/src/MqttClient.php(123): PhpMqtt\Client\MqttClient->connectInternal()
 3 APPPATH/Controllers/MQTTController.php(38): PhpMqtt\Client\MqttClient->connect()
 4 SYSTEMPATH/CodeIgniter.php(943): App\Controllers\MQTTController->cadNovoPublish()
 5 SYSTEMPATH/CodeIgniter.php(503): CodeIgniter\CodeIgniter->runController()
 6 SYSTEMPATH/CodeIgniter.php(361): CodeIgniter\CodeIgniter->handleRequest()
 7 FCPATH/index.php(79): CodeIgniter\CodeIgniter->run()
INFO - 2024-05-25 18:01:36 --> Session: Class initialized using 'CodeIgniter\Session\Handlers\FileHandler' driver.
INFO - 2024-05-25 18:01:41 --> Session: Class initialized using 'CodeIgniter\Session\Handlers\FileHandler' driver.
INFO - 2024-05-25 18:01:41 --> Session: Class initialized using 'CodeIgniter\Session\Handlers\FileHandler' driver.
INFO - 2024-05-25 18:01:41 --> Session: Class initialized using 'CodeIgniter\Session\Handlers\FileHandler' driver.
INFO - 2024-05-25 18:01:50 --> Session: Class initialized using 'CodeIgniter\Session\Handlers\FileHandler' driver.
INFO - 2024-05-25 18:01:50 --> Session: Class initialized using 'CodeIgniter\Session\Handlers\FileHandler' driver.
INFO - 2024-05-25 18:01:51 --> Session: Class initialized using 'CodeIgniter\Session\Handlers\FileHandler' driver.
INFO - 2024-05-25 18:01:51 --> Session: Class initialized using 'CodeIgniter\Session\Handlers\FileHandler' driver.
INFO - 2024-05-25 18:01:51 --> Session: Class initialized using 'CodeIgniter\Session\Handlers\FileHandler' driver.
INFO - 2024-05-25 18:01:51 --> Session: Class initialized using 'CodeIgniter\Session\Handlers\FileHandler' driver.
INFO - 2024-05-25 18:02:52 --> Session: Class initialized using 'CodeIgniter\Session\Handlers\FileHandler' driver.
INFO - 2024-05-25 18:02:53 --> Session: Class initialized using 'CodeIgniter\Session\Handlers\FileHandler' driver.
INFO - 2024-05-25 18:02:53 --> Session: Class initialized using 'CodeIgniter\Session\Handlers\FileHandler' driver.
INFO - 2024-05-25 18:02:53 --> Session: Class initialized using 'CodeIgniter\Session\Handlers\FileHandler' driver.
INFO - 2024-05-25 18:02:53 --> Session: Class initialized using 'CodeIgniter\Session\Handlers\FileHandler' driver.
INFO - 2024-05-25 18:03:46 --> Session: Class initialized using 'CodeIgniter\Session\Handlers\FileHandler' driver.
INFO - 2024-05-25 18:03:47 --> Session: Class initialized using 'CodeIgniter\Session\Handlers\FileHandler' driver.
INFO - 2024-05-25 18:03:47 --> Session: Class initialized using 'CodeIgniter\Session\Handlers\FileHandler' driver.
INFO - 2024-05-25 18:03:47 --> Session: Class initialized using 'CodeIgniter\Session\Handlers\FileHandler' driver.
INFO - 2024-05-25 18:03:47 --> Session: Class initialized using 'CodeIgniter\Session\Handlers\FileHandler' driver.
INFO - 2024-05-25 18:33:19 --> Session: Class initialized using 'CodeIgniter\Session\Handlers\FileHandler' driver.
INFO - 2024-05-25 18:33:34 --> Session: Class initialized using 'CodeIgniter\Session\Handlers\FileHandler' driver.
INFO - 2024-05-25 18:33:34 --> Session: Class initialized using 'CodeIgniter\Session\Handlers\FileHandler' driver.
INFO - 2024-05-25 18:33:34 --> Session: Class initialized using 'CodeIgniter\Session\Handlers\FileHandler' driver.
INFO - 2024-05-25 18:33:35 --> Session: Class initialized using 'CodeIgniter\Session\Handlers\FileHandler' driver.
INFO - 2024-05-25 18:33:35 --> Session: Class initialized using 'CodeIgniter\Session\Handlers\FileHandler' driver.
INFO - 2024-05-25 18:33:51 --> Session: Class initialized using 'CodeIgniter\Session\Handlers\FileHandler' driver.
INFO - 2024-05-25 18:33:51 --> Session: Class initialized using 'CodeIgniter\Session\Handlers\FileHandler' driver.
INFO - 2024-05-25 18:33:51 --> Session: Class initialized using 'CodeIgniter\Session\Handlers\FileHandler' driver.
INFO - 2024-05-25 18:33:52 --> Session: Class initialized using 'CodeIgniter\Session\Handlers\FileHandler' driver.
INFO - 2024-05-25 18:33:52 --> Session: Class initialized using 'CodeIgniter\Session\Handlers\FileHandler' driver.
INFO - 2024-05-25 18:33:56 --> Session: Class initialized using 'CodeIgniter\Session\Handlers\FileHandler' driver.
INFO - 2024-05-25 18:33:56 --> Session: Class initialized using 'CodeIgniter\Session\Handlers\FileHandler' driver.
INFO - 2024-05-25 18:33:56 --> Session: Class initialized using 'CodeIgniter\Session\Handlers\FileHandler' driver.
INFO - 2024-05-25 18:33:56 --> Session: Class initialized using 'CodeIgniter\Session\Handlers\FileHandler' driver.
INFO - 2024-05-25 18:33:57 --> Session: Class initialized using 'CodeIgniter\Session\Handlers\FileHandler' driver.
INFO - 2024-05-25 18:36:52 --> Session: Class initialized using 'CodeIgniter\Session\Handlers\FileHandler' driver.
INFO - 2024-05-25 18:36:53 --> Session: Class initialized using 'CodeIgniter\Session\Handlers\FileHandler' driver.
INFO - 2024-05-25 18:36:53 --> Session: Class initialized using 'CodeIgniter\Session\Handlers\FileHandler' driver.
INFO - 2024-05-25 18:36:53 --> Session: Class initialized using 'CodeIgniter\Session\Handlers\FileHandler' driver.
INFO - 2024-05-25 18:36:53 --> Session: Class initialized using 'CodeIgniter\Session\Handlers\FileHandler' driver.
INFO - 2024-05-25 18:37:19 --> Session: Class initialized using 'CodeIgniter\Session\Handlers\FileHandler' driver.
INFO - 2024-05-25 18:37:20 --> Session: Class initialized using 'CodeIgniter\Session\Handlers\FileHandler' driver.
INFO - 2024-05-25 18:37:20 --> Session: Class initialized using 'CodeIgniter\Session\Handlers\FileHandler' driver.
INFO - 2024-05-25 18:37:20 --> Session: Class initialized using 'CodeIgniter\Session\Handlers\FileHandler' driver.
INFO - 2024-05-25 18:37:20 --> Session: Class initialized using 'CodeIgniter\Session\Handlers\FileHandler' driver.
INFO - 2024-05-25 18:37:32 --> Session: Class initialized using 'CodeIgniter\Session\Handlers\FileHandler' driver.
INFO - 2024-05-25 18:37:32 --> Session: Class initialized using 'CodeIgniter\Session\Handlers\FileHandler' driver.
INFO - 2024-05-25 18:37:32 --> Session: Class initialized using 'CodeIgniter\Session\Handlers\FileHandler' driver.
INFO - 2024-05-25 18:37:33 --> Session: Class initialized using 'CodeIgniter\Session\Handlers\FileHandler' driver.
INFO - 2024-05-25 18:37:33 --> Session: Class initialized using 'CodeIgniter\Session\Handlers\FileHandler' driver.
INFO - 2024-05-25 18:47:00 --> Session: Class initialized using 'CodeIgniter\Session\Handlers\FileHandler' driver.
INFO - 2024-05-25 18:47:00 --> Session: Class initialized using 'CodeIgniter\Session\Handlers\FileHandler' driver.
INFO - 2024-05-25 18:47:00 --> Session: Class initialized using 'CodeIgniter\Session\Handlers\FileHandler' driver.
INFO - 2024-05-25 18:47:00 --> Session: Class initialized using 'CodeIgniter\Session\Handlers\FileHandler' driver.
INFO - 2024-05-25 18:47:01 --> Session: Class initialized using 'CodeIgniter\Session\Handlers\FileHandler' driver.
INFO - 2024-05-25 18:47:32 --> Session: Class initialized using 'CodeIgniter\Session\Handlers\FileHandler' driver.
INFO - 2024-05-25 18:47:32 --> Session: Class initialized using 'CodeIgniter\Session\Handlers\FileHandler' driver.
INFO - 2024-05-25 18:47:32 --> Session: Class initialized using 'CodeIgniter\Session\Handlers\FileHandler' driver.
INFO - 2024-05-25 18:47:32 --> Session: Class initialized using 'CodeIgniter\Session\Handlers\FileHandler' driver.
INFO - 2024-05-25 18:47:33 --> Session: Class initialized using 'CodeIgniter\Session\Handlers\FileHandler' driver.
INFO - 2024-05-25 19:03:31 --> Session: Class initialized using 'CodeIgniter\Session\Handlers\FileHandler' driver.
INFO - 2024-05-25 19:03:32 --> Session: Class initialized using 'CodeIgniter\Session\Handlers\FileHandler' driver.
INFO - 2024-05-25 19:03:32 --> Session: Class initialized using 'CodeIgniter\Session\Handlers\FileHandler' driver.
INFO - 2024-05-25 19:03:32 --> Session: Class initialized using 'CodeIgniter\Session\Handlers\FileHandler' driver.
INFO - 2024-05-25 19:03:32 --> Session: Class initialized using 'CodeIgniter\Session\Handlers\FileHandler' driver.
INFO - 2024-05-25 19:11:24 --> Session: Class initialized using 'CodeIgniter\Session\Handlers\FileHandler' driver.
INFO - 2024-05-25 19:11:25 --> Session: Class initialized using 'CodeIgniter\Session\Handlers\FileHandler' driver.
INFO - 2024-05-25 19:11:25 --> Session: Class initialized using 'CodeIgniter\Session\Handlers\FileHandler' driver.
INFO - 2024-05-25 19:11:25 --> Session: Class initialized using 'CodeIgniter\Session\Handlers\FileHandler' driver.
INFO - 2024-05-25 19:11:25 --> Session: Class initialized using 'CodeIgniter\Session\Handlers\FileHandler' driver.
INFO - 2024-05-25 19:11:34 --> Session: Class initialized using 'CodeIgniter\Session\Handlers\FileHandler' driver.
INFO - 2024-05-25 19:11:34 --> Session: Class initialized using 'CodeIgniter\Session\Handlers\FileHandler' driver.
INFO - 2024-05-25 19:11:34 --> Session: Class initialized using 'CodeIgniter\Session\Handlers\FileHandler' driver.
INFO - 2024-05-25 19:11:34 --> Session: Class initialized using 'CodeIgniter\Session\Handlers\FileHandler' driver.
CRITICAL - 2024-05-25 19:11:34 --> PhpMqtt\Client\Exceptions\ConnectingToBrokerFailedException: [1000] Establishing a connection to the MQTT broker failed: Socket error [101]: Network is unreachable
in VENDORPATH/php-mqtt/client/src/MqttClient.php on line 226.
 1 VENDORPATH/php-mqtt/client/src/MqttClient.php(134): PhpMqtt\Client\MqttClient->establishSocketConnection()
 2 VENDORPATH/php-mqtt/client/src/MqttClient.php(123): PhpMqtt\Client\MqttClient->connectInternal()
 3 APPPATH/Controllers/MQTTController.php(38): PhpMqtt\Client\MqttClient->connect()
 4 SYSTEMPATH/CodeIgniter.php(943): App\Controllers\MQTTController->cadNovoPublish()
 5 SYSTEMPATH/CodeIgniter.php(503): CodeIgniter\CodeIgniter->runController()
 6 SYSTEMPATH/CodeIgniter.php(361): CodeIgniter\CodeIgniter->handleRequest()
 7 FCPATH/index.php(79): CodeIgniter\CodeIgniter->run()
INFO - 2024-05-25 19:13:18 --> Session: Class initialized using 'CodeIgniter\Session\Handlers\FileHandler' driver.
INFO - 2024-05-25 19:13:19 --> Session: Class initialized using 'CodeIgniter\Session\Handlers\FileHandler' driver.
INFO - 2024-05-25 19:13:19 --> Session: Class initialized using 'CodeIgniter\Session\Handlers\FileHandler' driver.
INFO - 2024-05-25 19:13:19 --> Session: Class initialized using 'CodeIgniter\Session\Handlers\FileHandler' driver.
INFO - 2024-05-25 19:13:19 --> Session: Class initialized using 'CodeIgniter\Session\Handlers\FileHandler' driver.
INFO - 2024-05-25 19:13:57 --> Session: Class initialized using 'CodeIgniter\Session\Handlers\FileHandler' driver.
INFO - 2024-05-25 19:13:57 --> Session: Class initialized using 'CodeIgniter\Session\Handlers\FileHandler' driver.
INFO - 2024-05-25 19:13:57 --> Session: Class initialized using 'CodeIgniter\Session\Handlers\FileHandler' driver.
INFO - 2024-05-25 19:13:57 --> Session: Class initialized using 'CodeIgniter\Session\Handlers\FileHandler' driver.
INFO - 2024-05-25 19:13:58 --> Session: Class initialized using 'CodeIgniter\Session\Handlers\FileHandler' driver.
INFO - 2024-05-25 19:18:54 --> Session: Class initialized using 'CodeIgniter\Session\Handlers\FileHandler' driver.
INFO - 2024-05-25 19:18:55 --> Session: Class initialized using 'CodeIgniter\Session\Handlers\FileHandler' driver.
INFO - 2024-05-25 19:18:55 --> Session: Class initialized using 'CodeIgniter\Session\Handlers\FileHandler' driver.
INFO - 2024-05-25 19:18:55 --> Session: Class initialized using 'CodeIgniter\Session\Handlers\FileHandler' driver.
INFO - 2024-05-25 19:18:55 --> Session: Class initialized using 'CodeIgniter\Session\Handlers\FileHandler' driver.
INFO - 2024-05-25 19:18:58 --> Session: Class initialized using 'CodeIgniter\Session\Handlers\FileHandler' driver.
INFO - 2024-05-25 19:18:58 --> Session: Class initialized using 'CodeIgniter\Session\Handlers\FileHandler' driver.
CRITICAL - 2024-05-25 19:18:58 --> PhpMqtt\Client\Exceptions\ConnectingToBrokerFailedException: [1000] Establishing a connection to the MQTT broker failed: Socket error [101]: Network is unreachable
in VENDORPATH/php-mqtt/client/src/MqttClient.php on line 226.
 1 VENDORPATH/php-mqtt/client/src/MqttClient.php(134): PhpMqtt\Client\MqttClient->establishSocketConnection()
 2 VENDORPATH/php-mqtt/client/src/MqttClient.php(123): PhpMqtt\Client\MqttClient->connectInternal()
 3 APPPATH/Controllers/MQTTController.php(38): PhpMqtt\Client\MqttClient->connect()
 4 SYSTEMPATH/CodeIgniter.php(943): App\Controllers\MQTTController->cadNovoPublish()
 5 SYSTEMPATH/CodeIgniter.php(503): CodeIgniter\CodeIgniter->runController()
 6 SYSTEMPATH/CodeIgniter.php(361): CodeIgniter\CodeIgniter->handleRequest()
 7 FCPATH/index.php(79): CodeIgniter\CodeIgniter->run()
INFO - 2024-05-25 19:18:58 --> Session: Class initialized using 'CodeIgniter\Session\Handlers\FileHandler' driver.
INFO - 2024-05-25 19:19:07 --> Session: Class initialized using 'CodeIgniter\Session\Handlers\FileHandler' driver.
INFO - 2024-05-25 19:19:08 --> Session: Class initialized using 'CodeIgniter\Session\Handlers\FileHandler' driver.
CRITICAL - 2024-05-25 19:19:08 --> PhpMqtt\Client\Exceptions\ConnectingToBrokerFailedException: [1000] Establishing a connection to the MQTT broker failed: Socket error [101]: Network is unreachable
in VENDORPATH/php-mqtt/client/src/MqttClient.php on line 226.
 1 VENDORPATH/php-mqtt/client/src/MqttClient.php(134): PhpMqtt\Client\MqttClient->establishSocketConnection()
 2 VENDORPATH/php-mqtt/client/src/MqttClient.php(123): PhpMqtt\Client\MqttClient->connectInternal()
 3 APPPATH/Controllers/MQTTController.php(38): PhpMqtt\Client\MqttClient->connect()
 4 SYSTEMPATH/CodeIgniter.php(943): App\Controllers\MQTTController->cadNovoPublish()
 5 SYSTEMPATH/CodeIgniter.php(503): CodeIgniter\CodeIgniter->runController()
 6 SYSTEMPATH/CodeIgniter.php(361): CodeIgniter\CodeIgniter->handleRequest()
 7 FCPATH/index.php(79): CodeIgniter\CodeIgniter->run()
INFO - 2024-05-25 19:19:08 --> Session: Class initialized using 'CodeIgniter\Session\Handlers\FileHandler' driver.
INFO - 2024-05-25 19:21:13 --> Session: Class initialized using 'CodeIgniter\Session\Handlers\FileHandler' driver.
INFO - 2024-05-25 19:21:14 --> Session: Class initialized using 'CodeIgniter\Session\Handlers\FileHandler' driver.
INFO - 2024-05-25 19:21:14 --> Session: Class initialized using 'CodeIgniter\Session\Handlers\FileHandler' driver.
INFO - 2024-05-25 19:21:14 --> Session: Class initialized using 'CodeIgniter\Session\Handlers\FileHandler' driver.
INFO - 2024-05-25 19:21:14 --> Session: Class initialized using 'CodeIgniter\Session\Handlers\FileHandler' driver.
INFO - 2024-05-25 19:21:17 --> Session: Class initialized using 'CodeIgniter\Session\Handlers\FileHandler' driver.
INFO - 2024-05-25 19:21:17 --> Session: Class initialized using 'CodeIgniter\Session\Handlers\FileHandler' driver.
INFO - 2024-05-25 19:21:17 --> Session: Class initialized using 'CodeIgniter\Session\Handlers\FileHandler' driver.
CRITICAL - 2024-05-25 19:21:18 --> PhpMqtt\Client\Exceptions\ConnectingToBrokerFailedException: [1000] Establishing a connection to the MQTT broker failed: Socket error [101]: Network is unreachable
in VENDORPATH/php-mqtt/client/src/MqttClient.php on line 226.
 1 VENDORPATH/php-mqtt/client/src/MqttClient.php(134): PhpMqtt\Client\MqttClient->establishSocketConnection()
 2 VENDORPATH/php-mqtt/client/src/MqttClient.php(123): PhpMqtt\Client\MqttClient->connectInternal()
 3 APPPATH/Controllers/MQTTController.php(38): PhpMqtt\Client\MqttClient->connect()
 4 SYSTEMPATH/CodeIgniter.php(943): App\Controllers\MQTTController->cadNovoPublish()
 5 SYSTEMPATH/CodeIgniter.php(503): CodeIgniter\CodeIgniter->runController()
 6 SYSTEMPATH/CodeIgniter.php(361): CodeIgniter\CodeIgniter->handleRequest()
 7 FCPATH/index.php(79): CodeIgniter\CodeIgniter->run()
INFO - 2024-05-25 19:23:01 --> Session: Class initialized using 'CodeIgniter\Session\Handlers\FileHandler' driver.
INFO - 2024-05-25 19:23:01 --> Session: Class initialized using 'CodeIgniter\Session\Handlers\FileHandler' driver.
INFO - 2024-05-25 19:23:01 --> Session: Class initialized using 'CodeIgniter\Session\Handlers\FileHandler' driver.
INFO - 2024-05-25 19:23:02 --> Session: Class initialized using 'CodeIgniter\Session\Handlers\FileHandler' driver.
INFO - 2024-05-25 19:23:02 --> Session: Class initialized using 'CodeIgniter\Session\Handlers\FileHandler' driver.
INFO - 2024-05-25 19:23:04 --> Session: Class initialized using 'CodeIgniter\Session\Handlers\FileHandler' driver.
INFO - 2024-05-25 19:23:04 --> Session: Class initialized using 'CodeIgniter\Session\Handlers\FileHandler' driver.
INFO - 2024-05-25 19:23:04 --> Session: Class initialized using 'CodeIgniter\Session\Handlers\FileHandler' driver.
INFO - 2024-05-25 19:23:05 --> Session: Class initialized using 'CodeIgniter\Session\Handlers\FileHandler' driver.
CRITICAL - 2024-05-25 19:23:05 --> PhpMqtt\Client\Exceptions\ConnectingToBrokerFailedException: [1000] Establishing a connection to the MQTT broker failed: Socket error [101]: Network is unreachable
in VENDORPATH/php-mqtt/client/src/MqttClient.php on line 226.
 1 VENDORPATH/php-mqtt/client/src/MqttClient.php(134): PhpMqtt\Client\MqttClient->establishSocketConnection()
 2 VENDORPATH/php-mqtt/client/src/MqttClient.php(123): PhpMqtt\Client\MqttClient->connectInternal()
 3 APPPATH/Controllers/MQTTController.php(38): PhpMqtt\Client\MqttClient->connect()
 4 SYSTEMPATH/CodeIgniter.php(943): App\Controllers\MQTTController->cadNovoPublish()
 5 SYSTEMPATH/CodeIgniter.php(503): CodeIgniter\CodeIgniter->runController()
 6 SYSTEMPATH/CodeIgniter.php(361): CodeIgniter\CodeIgniter->handleRequest()
 7 FCPATH/index.php(79): CodeIgniter\CodeIgniter->run()
INFO - 2024-05-25 19:23:48 --> Session: Class initialized using 'CodeIgniter\Session\Handlers\FileHandler' driver.
INFO - 2024-05-25 19:23:52 --> Session: Class initialized using 'CodeIgniter\Session\Handlers\FileHandler' driver.
INFO - 2024-05-25 19:23:52 --> Session: Class initialized using 'CodeIgniter\Session\Handlers\FileHandler' driver.
INFO - 2024-05-25 19:23:53 --> Session: Class initialized using 'CodeIgniter\Session\Handlers\FileHandler' driver.
INFO - 2024-05-25 19:23:53 --> Session: Class initialized using 'CodeIgniter\Session\Handlers\FileHandler' driver.
INFO - 2024-05-25 19:23:53 --> Session: Class initialized using 'CodeIgniter\Session\Handlers\FileHandler' driver.
INFO - 2024-05-25 19:23:54 --> Session: Class initialized using 'CodeIgniter\Session\Handlers\FileHandler' driver.
INFO - 2024-05-25 19:23:55 --> Session: Class initialized using 'CodeIgniter\Session\Handlers\FileHandler' driver.
INFO - 2024-05-25 19:23:55 --> Session: Class initialized using 'CodeIgniter\Session\Handlers\FileHandler' driver.
CRITICAL - 2024-05-25 19:23:55 --> PhpMqtt\Client\Exceptions\ConnectingToBrokerFailedException: [1000] Establishing a connection to the MQTT broker failed: Socket error [101]: Network is unreachable
in VENDORPATH/php-mqtt/client/src/MqttClient.php on line 226.
 1 VENDORPATH/php-mqtt/client/src/MqttClient.php(134): PhpMqtt\Client\MqttClient->establishSocketConnection()
 2 VENDORPATH/php-mqtt/client/src/MqttClient.php(123): PhpMqtt\Client\MqttClient->connectInternal()
 3 APPPATH/Controllers/MQTTController.php(38): PhpMqtt\Client\MqttClient->connect()
 4 SYSTEMPATH/CodeIgniter.php(943): App\Controllers\MQTTController->cadNovoPublish()
 5 SYSTEMPATH/CodeIgniter.php(503): CodeIgniter\CodeIgniter->runController()
 6 SYSTEMPATH/CodeIgniter.php(361): CodeIgniter\CodeIgniter->handleRequest()
 7 FCPATH/index.php(79): CodeIgniter\CodeIgniter->run()
INFO - 2024-05-25 19:24:10 --> Session: Class initialized using 'CodeIgniter\Session\Handlers\FileHandler' driver.
INFO - 2024-05-25 19:24:10 --> Session: Class initialized using 'CodeIgniter\Session\Handlers\FileHandler' driver.
INFO - 2024-05-25 19:24:11 --> Session: Class initialized using 'CodeIgniter\Session\Handlers\FileHandler' driver.
INFO - 2024-05-25 19:24:11 --> Session: Class initialized using 'CodeIgniter\Session\Handlers\FileHandler' driver.
INFO - 2024-05-25 19:24:11 --> Session: Class initialized using 'CodeIgniter\Session\Handlers\FileHandler' driver.
INFO - 2024-05-25 19:38:43 --> Session: Class initialized using 'CodeIgniter\Session\Handlers\FileHandler' driver.
INFO - 2024-05-25 19:38:43 --> Session: Class initialized using 'CodeIgniter\Session\Handlers\FileHandler' driver.
INFO - 2024-05-25 19:38:43 --> Session: Class initialized using 'CodeIgniter\Session\Handlers\FileHandler' driver.
INFO - 2024-05-25 19:38:43 --> Session: Class initialized using 'CodeIgniter\Session\Handlers\FileHandler' driver.
INFO - 2024-05-25 19:38:43 --> Session: Class initialized using 'CodeIgniter\Session\Handlers\FileHandler' driver.
INFO - 2024-05-25 19:38:47 --> Session: Class initialized using 'CodeIgniter\Session\Handlers\FileHandler' driver.
INFO - 2024-05-25 19:38:47 --> Session: Class initialized using 'CodeIgniter\Session\Handlers\FileHandler' driver.
INFO - 2024-05-25 19:38:47 --> Session: Class initialized using 'CodeIgniter\Session\Handlers\FileHandler' driver.
CRITICAL - 2024-05-25 19:38:47 --> PhpMqtt\Client\Exceptions\ConnectingToBrokerFailedException: [1000] Establishing a connection to the MQTT broker failed: Socket error [101]: Network is unreachable
in VENDORPATH/php-mqtt/client/src/MqttClient.php on line 226.
 1 VENDORPATH/php-mqtt/client/src/MqttClient.php(134): PhpMqtt\Client\MqttClient->establishSocketConnection()
 2 VENDORPATH/php-mqtt/client/src/MqttClient.php(123): PhpMqtt\Client\MqttClient->connectInternal()
 3 APPPATH/Controllers/MQTTController.php(38): PhpMqtt\Client\MqttClient->connect()
 4 SYSTEMPATH/CodeIgniter.php(943): App\Controllers\MQTTController->cadNovoPublish()
 5 SYSTEMPATH/CodeIgniter.php(503): CodeIgniter\CodeIgniter->runController()
 6 SYSTEMPATH/CodeIgniter.php(361): CodeIgniter\CodeIgniter->handleRequest()
 7 FCPATH/index.php(79): CodeIgniter\CodeIgniter->run()
INFO - 2024-05-25 19:39:12 --> Session: Class initialized using 'CodeIgniter\Session\Handlers\FileHandler' driver.
INFO - 2024-05-25 19:39:12 --> Session: Class initialized using 'CodeIgniter\Session\Handlers\FileHandler' driver.
INFO - 2024-05-25 19:39:12 --> Session: Class initialized using 'CodeIgniter\Session\Handlers\FileHandler' driver.
INFO - 2024-05-25 19:39:12 --> Session: Class initialized using 'CodeIgniter\Session\Handlers\FileHandler' driver.
INFO - 2024-05-25 19:39:12 --> Session: Class initialized using 'CodeIgniter\Session\Handlers\FileHandler' driver.
INFO - 2024-05-25 19:39:15 --> Session: Class initialized using 'CodeIgniter\Session\Handlers\FileHandler' driver.
INFO - 2024-05-25 19:39:15 --> Session: Class initialized using 'CodeIgniter\Session\Handlers\FileHandler' driver.
CRITICAL - 2024-05-25 19:39:15 --> PhpMqtt\Client\Exceptions\ConnectingToBrokerFailedException: [1000] Establishing a connection to the MQTT broker failed: Socket error [101]: Network is unreachable
in VENDORPATH/php-mqtt/client/src/MqttClient.php on line 226.
 1 VENDORPATH/php-mqtt/client/src/MqttClient.php(134): PhpMqtt\Client\MqttClient->establishSocketConnection()
 2 VENDORPATH/php-mqtt/client/src/MqttClient.php(123): PhpMqtt\Client\MqttClient->connectInternal()
 3 APPPATH/Controllers/MQTTController.php(38): PhpMqtt\Client\MqttClient->connect()
 4 SYSTEMPATH/CodeIgniter.php(943): App\Controllers\MQTTController->cadNovoPublish()
 5 SYSTEMPATH/CodeIgniter.php(503): CodeIgniter\CodeIgniter->runController()
 6 SYSTEMPATH/CodeIgniter.php(361): CodeIgniter\CodeIgniter->handleRequest()
 7 FCPATH/index.php(79): CodeIgniter\CodeIgniter->run()
INFO - 2024-05-25 19:39:15 --> Session: Class initialized using 'CodeIgniter\Session\Handlers\FileHandler' driver.
INFO - 2024-05-25 19:40:34 --> Session: Class initialized using 'CodeIgniter\Session\Handlers\FileHandler' driver.
INFO - 2024-05-25 19:40:35 --> Session: Class initialized using 'CodeIgniter\Session\Handlers\FileHandler' driver.
INFO - 2024-05-25 19:40:35 --> Session: Class initialized using 'CodeIgniter\Session\Handlers\FileHandler' driver.
CRITICAL - 2024-05-25 19:40:35 --> PhpMqtt\Client\Exceptions\ConnectingToBrokerFailedException: [1000] Establishing a connection to the MQTT broker failed: Socket error [101]: Network is unreachable
in VENDORPATH/php-mqtt/client/src/MqttClient.php on line 226.
 1 VENDORPATH/php-mqtt/client/src/MqttClient.php(134): PhpMqtt\Client\MqttClient->establishSocketConnection()
 2 VENDORPATH/php-mqtt/client/src/MqttClient.php(123): PhpMqtt\Client\MqttClient->connectInternal()
 3 APPPATH/Controllers/MQTTController.php(38): PhpMqtt\Client\MqttClient->connect()
 4 SYSTEMPATH/CodeIgniter.php(943): App\Controllers\MQTTController->cadNovoPublish()
 5 SYSTEMPATH/CodeIgniter.php(503): CodeIgniter\CodeIgniter->runController()
 6 SYSTEMPATH/CodeIgniter.php(361): CodeIgniter\CodeIgniter->handleRequest()
 7 FCPATH/index.php(79): CodeIgniter\CodeIgniter->run()
INFO - 2024-05-25 19:40:56 --> Session: Class initialized using 'CodeIgniter\Session\Handlers\FileHandler' driver.
INFO - 2024-05-25 19:40:57 --> Session: Class initialized using 'CodeIgniter\Session\Handlers\FileHandler' driver.
INFO - 2024-05-25 19:40:57 --> Session: Class initialized using 'CodeIgniter\Session\Handlers\FileHandler' driver.
INFO - 2024-05-25 19:40:57 --> Session: Class initialized using 'CodeIgniter\Session\Handlers\FileHandler' driver.
INFO - 2024-05-25 19:40:57 --> Session: Class initialized using 'CodeIgniter\Session\Handlers\FileHandler' driver.
INFO - 2024-05-25 19:40:58 --> Session: Class initialized using 'CodeIgniter\Session\Handlers\FileHandler' driver.
INFO - 2024-05-25 19:40:58 --> Session: Class initialized using 'CodeIgniter\Session\Handlers\FileHandler' driver.
INFO - 2024-05-25 19:40:59 --> Session: Class initialized using 'CodeIgniter\Session\Handlers\FileHandler' driver.
CRITICAL - 2024-05-25 19:40:59 --> PhpMqtt\Client\Exceptions\ConnectingToBrokerFailedException: [1000] Establishing a connection to the MQTT broker failed: Socket error [101]: Network is unreachable
in VENDORPATH/php-mqtt/client/src/MqttClient.php on line 226.
 1 VENDORPATH/php-mqtt/client/src/MqttClient.php(134): PhpMqtt\Client\MqttClient->establishSocketConnection()
 2 VENDORPATH/php-mqtt/client/src/MqttClient.php(123): PhpMqtt\Client\MqttClient->connectInternal()
 3 APPPATH/Controllers/MQTTController.php(38): PhpMqtt\Client\MqttClient->connect()
 4 SYSTEMPATH/CodeIgniter.php(943): App\Controllers\MQTTController->cadNovoPublish()
 5 SYSTEMPATH/CodeIgniter.php(503): CodeIgniter\CodeIgniter->runController()
 6 SYSTEMPATH/CodeIgniter.php(361): CodeIgniter\CodeIgniter->handleRequest()
 7 FCPATH/index.php(79): CodeIgniter\CodeIgniter->run()
INFO - 2024-05-25 19:44:08 --> Session: Class initialized using 'CodeIgniter\Session\Handlers\FileHandler' driver.
INFO - 2024-05-25 19:45:28 --> Session: Class initialized using 'CodeIgniter\Session\Handlers\FileHandler' driver.
INFO - 2024-05-25 19:45:28 --> Session: Class initialized using 'CodeIgniter\Session\Handlers\FileHandler' driver.
INFO - 2024-05-25 19:45:29 --> Session: Class initialized using 'CodeIgniter\Session\Handlers\FileHandler' driver.
INFO - 2024-05-25 19:45:29 --> Session: Class initialized using 'CodeIgniter\Session\Handlers\FileHandler' driver.
INFO - 2024-05-25 19:45:29 --> Session: Class initialized using 'CodeIgniter\Session\Handlers\FileHandler' driver.
INFO - 2024-05-25 19:45:31 --> Session: Class initialized using 'CodeIgniter\Session\Handlers\FileHandler' driver.
INFO - 2024-05-25 19:45:32 --> Session: Class initialized using 'CodeIgniter\Session\Handlers\FileHandler' driver.
INFO - 2024-05-25 19:45:32 --> Session: Class initialized using 'CodeIgniter\Session\Handlers\FileHandler' driver.
CRITICAL - 2024-05-25 19:45:32 --> PhpMqtt\Client\Exceptions\ConnectingToBrokerFailedException: [1000] Establishing a connection to the MQTT broker failed: Socket error [101]: Network is unreachable
in VENDORPATH/php-mqtt/client/src/MqttClient.php on line 226.
 1 VENDORPATH/php-mqtt/client/src/MqttClient.php(134): PhpMqtt\Client\MqttClient->establishSocketConnection()
 2 VENDORPATH/php-mqtt/client/src/MqttClient.php(123): PhpMqtt\Client\MqttClient->connectInternal()
 3 APPPATH/Controllers/MQTTController.php(38): PhpMqtt\Client\MqttClient->connect()
 4 SYSTEMPATH/CodeIgniter.php(943): App\Controllers\MQTTController->cadNovoPublish()
 5 SYSTEMPATH/CodeIgniter.php(503): CodeIgniter\CodeIgniter->runController()
 6 SYSTEMPATH/CodeIgniter.php(361): CodeIgniter\CodeIgniter->handleRequest()
 7 FCPATH/index.php(79): CodeIgniter\CodeIgniter->run()
INFO - 2024-05-25 19:46:35 --> Session: Class initialized using 'CodeIgniter\Session\Handlers\FileHandler' driver.
INFO - 2024-05-25 19:46:35 --> Session: Class initialized using 'CodeIgniter\Session\Handlers\FileHandler' driver.
INFO - 2024-05-25 19:46:35 --> Session: Class initialized using 'CodeIgniter\Session\Handlers\FileHandler' driver.
INFO - 2024-05-25 19:46:36 --> Session: Class initialized using 'CodeIgniter\Session\Handlers\FileHandler' driver.
INFO - 2024-05-25 19:46:36 --> Session: Class initialized using 'CodeIgniter\Session\Handlers\FileHandler' driver.
INFO - 2024-05-25 19:46:37 --> Session: Class initialized using 'CodeIgniter\Session\Handlers\FileHandler' driver.
INFO - 2024-05-25 19:46:38 --> Session: Class initialized using 'CodeIgniter\Session\Handlers\FileHandler' driver.
INFO - 2024-05-25 19:46:38 --> Session: Class initialized using 'CodeIgniter\Session\Handlers\FileHandler' driver.
CRITICAL - 2024-05-25 19:46:38 --> PhpMqtt\Client\Exceptions\ConnectingToBrokerFailedException: [1000] Establishing a connection to the MQTT broker failed: Socket error [101]: Network is unreachable
in VENDORPATH/php-mqtt/client/src/MqttClient.php on line 226.
 1 VENDORPATH/php-mqtt/client/src/MqttClient.php(134): PhpMqtt\Client\MqttClient->establishSocketConnection()
 2 VENDORPATH/php-mqtt/client/src/MqttClient.php(123): PhpMqtt\Client\MqttClient->connectInternal()
 3 APPPATH/Controllers/MQTTController.php(38): PhpMqtt\Client\MqttClient->connect()
 4 SYSTEMPATH/CodeIgniter.php(943): App\Controllers\MQTTController->cadNovoPublish()
 5 SYSTEMPATH/CodeIgniter.php(503): CodeIgniter\CodeIgniter->runController()
 6 SYSTEMPATH/CodeIgniter.php(361): CodeIgniter\CodeIgniter->handleRequest()
 7 FCPATH/index.php(79): CodeIgniter\CodeIgniter->run()
INFO - 2024-05-25 19:46:52 --> Session: Class initialized using 'CodeIgniter\Session\Handlers\FileHandler' driver.
INFO - 2024-05-25 19:46:52 --> Session: Class initialized using 'CodeIgniter\Session\Handlers\FileHandler' driver.
INFO - 2024-05-25 19:46:52 --> Session: Class initialized using 'CodeIgniter\Session\Handlers\FileHandler' driver.
INFO - 2024-05-25 19:46:53 --> Session: Class initialized using 'CodeIgniter\Session\Handlers\FileHandler' driver.
INFO - 2024-05-25 19:46:53 --> Session: Class initialized using 'CodeIgniter\Session\Handlers\FileHandler' driver.
INFO - 2024-05-25 19:46:54 --> Session: Class initialized using 'CodeIgniter\Session\Handlers\FileHandler' driver.
INFO - 2024-05-25 19:46:55 --> Session: Class initialized using 'CodeIgniter\Session\Handlers\FileHandler' driver.
CRITICAL - 2024-05-25 19:46:55 --> PhpMqtt\Client\Exceptions\ConnectingToBrokerFailedException: [1000] Establishing a connection to the MQTT broker failed: Socket error [101]: Network is unreachable
in VENDORPATH/php-mqtt/client/src/MqttClient.php on line 226.
 1 VENDORPATH/php-mqtt/client/src/MqttClient.php(134): PhpMqtt\Client\MqttClient->establishSocketConnection()
 2 VENDORPATH/php-mqtt/client/src/MqttClient.php(123): PhpMqtt\Client\MqttClient->connectInternal()
 3 APPPATH/Controllers/MQTTController.php(38): PhpMqtt\Client\MqttClient->connect()
 4 SYSTEMPATH/CodeIgniter.php(943): App\Controllers\MQTTController->cadNovoPublish()
 5 SYSTEMPATH/CodeIgniter.php(503): CodeIgniter\CodeIgniter->runController()
 6 SYSTEMPATH/CodeIgniter.php(361): CodeIgniter\CodeIgniter->handleRequest()
 7 FCPATH/index.php(79): CodeIgniter\CodeIgniter->run()
INFO - 2024-05-25 19:46:55 --> Session: Class initialized using 'CodeIgniter\Session\Handlers\FileHandler' driver.
INFO - 2024-05-25 19:47:08 --> Session: Class initialized using 'CodeIgniter\Session\Handlers\FileHandler' driver.
INFO - 2024-05-25 19:47:08 --> Session: Class initialized using 'CodeIgniter\Session\Handlers\FileHandler' driver.
INFO - 2024-05-25 19:47:08 --> Session: Class initialized using 'CodeIgniter\Session\Handlers\FileHandler' driver.
INFO - 2024-05-25 19:47:08 --> Session: Class initialized using 'CodeIgniter\Session\Handlers\FileHandler' driver.
INFO - 2024-05-25 19:47:08 --> Session: Class initialized using 'CodeIgniter\Session\Handlers\FileHandler' driver.
INFO - 2024-05-25 19:47:10 --> Session: Class initialized using 'CodeIgniter\Session\Handlers\FileHandler' driver.
INFO - 2024-05-25 19:47:10 --> Session: Class initialized using 'CodeIgniter\Session\Handlers\FileHandler' driver.
INFO - 2024-05-25 19:47:10 --> Session: Class initialized using 'CodeIgniter\Session\Handlers\FileHandler' driver.
CRITICAL - 2024-05-25 19:47:10 --> PhpMqtt\Client\Exceptions\ConnectingToBrokerFailedException: [1000] Establishing a connection to the MQTT broker failed: Socket error [101]: Network is unreachable
in VENDORPATH/php-mqtt/client/src/MqttClient.php on line 226.
 1 VENDORPATH/php-mqtt/client/src/MqttClient.php(134): PhpMqtt\Client\MqttClient->establishSocketConnection()
 2 VENDORPATH/php-mqtt/client/src/MqttClient.php(123): PhpMqtt\Client\MqttClient->connectInternal()
 3 APPPATH/Controllers/MQTTController.php(38): PhpMqtt\Client\MqttClient->connect()
 4 SYSTEMPATH/CodeIgniter.php(943): App\Controllers\MQTTController->cadNovoPublish()
 5 SYSTEMPATH/CodeIgniter.php(503): CodeIgniter\CodeIgniter->runController()
 6 SYSTEMPATH/CodeIgniter.php(361): CodeIgniter\CodeIgniter->handleRequest()
 7 FCPATH/index.php(79): CodeIgniter\CodeIgniter->run()
INFO - 2024-05-25 19:49:25 --> Session: Class initialized using 'CodeIgniter\Session\Handlers\FileHandler' driver.
INFO - 2024-05-25 19:49:26 --> Session: Class initialized using 'CodeIgniter\Session\Handlers\FileHandler' driver.
INFO - 2024-05-25 19:49:26 --> Session: Class initialized using 'CodeIgniter\Session\Handlers\FileHandler' driver.
INFO - 2024-05-25 19:49:26 --> Session: Class initialized using 'CodeIgniter\Session\Handlers\FileHandler' driver.
INFO - 2024-05-25 19:49:26 --> Session: Class initialized using 'CodeIgniter\Session\Handlers\FileHandler' driver.
INFO - 2024-05-25 19:49:27 --> Session: Class initialized using 'CodeIgniter\Session\Handlers\FileHandler' driver.
INFO - 2024-05-25 19:49:37 --> Session: Class initialized using 'CodeIgniter\Session\Handlers\FileHandler' driver.
INFO - 2024-05-25 19:49:42 --> Session: Class initialized using 'CodeIgniter\Session\Handlers\FileHandler' driver.
INFO - 2024-05-25 19:49:51 --> Session: Class initialized using 'CodeIgniter\Session\Handlers\FileHandler' driver.
INFO - 2024-05-25 19:49:52 --> Session: Class initialized using 'CodeIgniter\Session\Handlers\FileHandler' driver.
INFO - 2024-05-25 19:49:55 --> Session: Class initialized using 'CodeIgniter\Session\Handlers\FileHandler' driver.
INFO - 2024-05-25 19:49:56 --> Session: Class initialized using 'CodeIgniter\Session\Handlers\FileHandler' driver.
INFO - 2024-05-25 19:49:57 --> Session: Class initialized using 'CodeIgniter\Session\Handlers\FileHandler' driver.
INFO - 2024-05-25 19:50:59 --> Session: Class initialized using 'CodeIgniter\Session\Handlers\FileHandler' driver.
INFO - 2024-05-25 19:50:59 --> Session: Class initialized using 'CodeIgniter\Session\Handlers\FileHandler' driver.
INFO - 2024-05-25 19:50:59 --> Session: Class initialized using 'CodeIgniter\Session\Handlers\FileHandler' driver.
INFO - 2024-05-25 19:50:59 --> Session: Class initialized using 'CodeIgniter\Session\Handlers\FileHandler' driver.
INFO - 2024-05-25 19:50:59 --> Session: Class initialized using 'CodeIgniter\Session\Handlers\FileHandler' driver.
INFO - 2024-05-25 19:51:00 --> Session: Class initialized using 'CodeIgniter\Session\Handlers\FileHandler' driver.
INFO - 2024-05-25 19:52:31 --> Session: Class initialized using 'CodeIgniter\Session\Handlers\FileHandler' driver.
INFO - 2024-05-25 19:52:32 --> Session: Class initialized using 'CodeIgniter\Session\Handlers\FileHandler' driver.
INFO - 2024-05-25 19:52:32 --> Session: Class initialized using 'CodeIgniter\Session\Handlers\FileHandler' driver.
INFO - 2024-05-25 19:52:32 --> Session: Class initialized using 'CodeIgniter\Session\Handlers\FileHandler' driver.
INFO - 2024-05-25 19:52:32 --> Session: Class initialized using 'CodeIgniter\Session\Handlers\FileHandler' driver.
INFO - 2024-05-25 19:52:33 --> Session: Class initialized using 'CodeIgniter\Session\Handlers\FileHandler' driver.
INFO - 2024-05-25 19:52:39 --> Session: Class initialized using 'CodeIgniter\Session\Handlers\FileHandler' driver.
INFO - 2024-05-25 19:52:41 --> Session: Class initialized using 'CodeIgniter\Session\Handlers\FileHandler' driver.
INFO - 2024-05-25 19:52:44 --> Session: Class initialized using 'CodeIgniter\Session\Handlers\FileHandler' driver.
INFO - 2024-05-25 19:52:45 --> Session: Class initialized using 'CodeIgniter\Session\Handlers\FileHandler' driver.
INFO - 2024-05-25 19:52:49 --> Session: Class initialized using 'CodeIgniter\Session\Handlers\FileHandler' driver.
INFO - 2024-05-25 19:52:51 --> Session: Class initialized using 'CodeIgniter\Session\Handlers\FileHandler' driver.
INFO - 2024-05-25 19:52:52 --> Session: Class initialized using 'CodeIgniter\Session\Handlers\FileHandler' driver.
INFO - 2024-05-25 19:52:52 --> Session: Class initialized using 'CodeIgniter\Session\Handlers\FileHandler' driver.
INFO - 2024-05-25 19:52:52 --> Session: Class initialized using 'CodeIgniter\Session\Handlers\FileHandler' driver.
INFO - 2024-05-25 19:52:52 --> Session: Class initialized using 'CodeIgniter\Session\Handlers\FileHandler' driver.
INFO - 2024-05-25 19:52:53 --> Session: Class initialized using 'CodeIgniter\Session\Handlers\FileHandler' driver.
INFO - 2024-05-25 19:54:05 --> Session: Class initialized using 'CodeIgniter\Session\Handlers\FileHandler' driver.
INFO - 2024-05-25 19:54:06 --> Session: Class initialized using 'CodeIgniter\Session\Handlers\FileHandler' driver.
INFO - 2024-05-25 19:54:06 --> Session: Class initialized using 'CodeIgniter\Session\Handlers\FileHandler' driver.
INFO - 2024-05-25 19:54:06 --> Session: Class initialized using 'CodeIgniter\Session\Handlers\FileHandler' driver.
INFO - 2024-05-25 19:54:06 --> Session: Class initialized using 'CodeIgniter\Session\Handlers\FileHandler' driver.
INFO - 2024-05-25 19:54:06 --> Session: Class initialized using 'CodeIgniter\Session\Handlers\FileHandler' driver.
INFO - 2024-05-25 19:54:12 --> Session: Class initialized using 'CodeIgniter\Session\Handlers\FileHandler' driver.
INFO - 2024-05-25 19:54:12 --> Session: Class initialized using 'CodeIgniter\Session\Handlers\FileHandler' driver.
INFO - 2024-05-25 19:54:14 --> Session: Class initialized using 'CodeIgniter\Session\Handlers\FileHandler' driver.
INFO - 2024-05-25 19:54:14 --> Session: Class initialized using 'CodeIgniter\Session\Handlers\FileHandler' driver.
INFO - 2024-05-25 19:54:16 --> Session: Class initialized using 'CodeIgniter\Session\Handlers\FileHandler' driver.
INFO - 2024-05-25 19:54:16 --> Session: Class initialized using 'CodeIgniter\Session\Handlers\FileHandler' driver.
INFO - 2024-05-25 20:22:53 --> Session: Class initialized using 'CodeIgniter\Session\Handlers\FileHandler' driver.
INFO - 2024-05-25 20:22:53 --> Session: Class initialized using 'CodeIgniter\Session\Handlers\FileHandler' driver.
INFO - 2024-05-25 20:23:05 --> Session: Class initialized using 'CodeIgniter\Session\Handlers\FileHandler' driver.
INFO - 2024-05-25 20:23:05 --> Session: Class initialized using 'CodeIgniter\Session\Handlers\FileHandler' driver.
INFO - 2024-05-25 20:24:47 --> Session: Class initialized using 'CodeIgniter\Session\Handlers\FileHandler' driver.
INFO - 2024-05-25 20:24:47 --> Session: Class initialized using 'CodeIgniter\Session\Handlers\FileHandler' driver.
INFO - 2024-05-25 20:24:48 --> Session: Class initialized using 'CodeIgniter\Session\Handlers\FileHandler' driver.
INFO - 2024-05-25 20:24:48 --> Session: Class initialized using 'CodeIgniter\Session\Handlers\FileHandler' driver.
INFO - 2024-05-25 20:24:48 --> Session: Class initialized using 'CodeIgniter\Session\Handlers\FileHandler' driver.
INFO - 2024-05-25 20:24:48 --> Session: Class initialized using 'CodeIgniter\Session\Handlers\FileHandler' driver.
INFO - 2024-05-25 20:24:48 --> Session: Class initialized using 'CodeIgniter\Session\Handlers\FileHandler' driver.
INFO - 2024-05-25 20:24:49 --> Session: Class initialized using 'CodeIgniter\Session\Handlers\FileHandler' driver.
INFO - 2024-05-25 20:24:49 --> Session: Class initialized using 'CodeIgniter\Session\Handlers\FileHandler' driver.
CRITICAL - 2024-05-25 20:24:49 --> PhpMqtt\Client\Exceptions\ConnectingToBrokerFailedException: [1000] Establishing a connection to the MQTT broker failed: Socket error [101]: Network is unreachable
in VENDORPATH/php-mqtt/client/src/MqttClient.php on line 226.
 1 VENDORPATH/php-mqtt/client/src/MqttClient.php(134): PhpMqtt\Client\MqttClient->establishSocketConnection()
 2 VENDORPATH/php-mqtt/client/src/MqttClient.php(123): PhpMqtt\Client\MqttClient->connectInternal()
 3 APPPATH/Controllers/MQTTController.php(38): PhpMqtt\Client\MqttClient->connect()
 4 SYSTEMPATH/CodeIgniter.php(943): App\Controllers\MQTTController->cadNovoPublish()
 5 SYSTEMPATH/CodeIgniter.php(503): CodeIgniter\CodeIgniter->runController()
 6 SYSTEMPATH/CodeIgniter.php(361): CodeIgniter\CodeIgniter->handleRequest()
 7 FCPATH/index.php(79): CodeIgniter\CodeIgniter->run()
INFO - 2024-05-25 20:32:56 --> Session: Class initialized using 'CodeIgniter\Session\Handlers\FileHandler' driver.
INFO - 2024-05-25 20:32:56 --> Session: Class initialized using 'CodeIgniter\Session\Handlers\FileHandler' driver.
INFO - 2024-05-25 20:32:58 --> Session: Class initialized using 'CodeIgniter\Session\Handlers\FileHandler' driver.
INFO - 2024-05-25 20:32:58 --> Session: Class initialized using 'CodeIgniter\Session\Handlers\FileHandler' driver.
INFO - 2024-05-25 20:33:00 --> Session: Class initialized using 'CodeIgniter\Session\Handlers\FileHandler' driver.
INFO - 2024-05-25 20:33:00 --> Session: Class initialized using 'CodeIgniter\Session\Handlers\FileHandler' driver.
INFO - 2024-05-25 22:32:43 --> Session: Class initialized using 'CodeIgniter\Session\Handlers\FileHandler' driver.
INFO - 2024-05-25 22:32:43 --> Session: Class initialized using 'CodeIgniter\Session\Handlers\FileHandler' driver.
INFO - 2024-05-25 22:32:49 --> Session: Class initialized using 'CodeIgniter\Session\Handlers\FileHandler' driver.
INFO - 2024-05-25 22:32:49 --> Session: Class initialized using 'CodeIgniter\Session\Handlers\FileHandler' driver.
INFO - 2024-05-25 22:32:56 --> Session: Class initialized using 'CodeIgniter\Session\Handlers\FileHandler' driver.
INFO - 2024-05-25 22:32:56 --> Session: Class initialized using 'CodeIgniter\Session\Handlers\FileHandler' driver.
