CRITICAL - 2024-06-20 02:50:02 --> ErrorException: Attempt to read property "Aluno" on null
in APPPATH\Views\admin\cad_ban.php on line 10.
 1 APPPATH\Views\admin\cad_ban.php(10): CodeIgniter\Debug\Exceptions->errorHandler(2, 'Attempt to read property "Aluno" on null', 'D:\\!staging\\TESC-IoT\\App\\App\\Views\\admin\\cad_ban.php', 10)
 2 SYSTEMPATH\View\View.php(228): include('D:\\!staging\\TESC-IoT\\App\\App\\Views\\admin\\cad_ban.php')
 3 SYSTEMPATH\View\View.php(231): CodeIgniter\View\View->CodeIgniter\View\{closure}()
 4 SYSTEMPATH\Common.php(1178): CodeIgniter\View\View->render('Views/admin/cad_ban', [], true)
 5 APPPATH\Controllers\AlunoController.php(86): view('Views/admin/cad_ban', [...])
 6 SYSTEMPATH\CodeIgniter.php(943): App\Controllers\AlunoController->removeAluno('12243234324324', '12243234324324')
 7 SYSTEMPATH\CodeIgniter.php(503): CodeIgniter\CodeIgniter->runController(Object(App\Controllers\AlunoController))
 8 SYSTEMPATH\CodeIgniter.php(361): CodeIgniter\CodeIgniter->handleRequest(null, Object(Config\Cache), false)
 9 FCPATH\index.php(79): CodeIgniter\CodeIgniter->run()
CRITICAL - 2024-06-20 14:31:21 --> Error: Call to undefined method App\Controllers\MQTTController::respond()
in APPPATH\Controllers\MQTTController.php on line 89.
 1 SYSTEMPATH\CodeIgniter.php(943): App\Controllers\MQTTController->POSTevtAluno()
 2 SYSTEMPATH\CodeIgniter.php(503): CodeIgniter\CodeIgniter->runController(Object(App\Controllers\MQTTController))
 3 SYSTEMPATH\CodeIgniter.php(361): CodeIgniter\CodeIgniter->handleRequest(null, Object(Config\Cache), false)
 4 FCPATH\index.php(79): CodeIgniter\CodeIgniter->run()
CRITICAL - 2024-06-20 14:31:27 --> Error: Call to undefined method App\Controllers\MQTTController::respond()
in APPPATH\Controllers\MQTTController.php on line 89.
 1 SYSTEMPATH\CodeIgniter.php(943): App\Controllers\MQTTController->POSTevtAluno()
 2 SYSTEMPATH\CodeIgniter.php(503): CodeIgniter\CodeIgniter->runController(Object(App\Controllers\MQTTController))
 3 SYSTEMPATH\CodeIgniter.php(361): CodeIgniter\CodeIgniter->handleRequest(null, Object(Config\Cache), false)
 4 FCPATH\index.php(79): CodeIgniter\CodeIgniter->run()
CRITICAL - 2024-06-20 14:31:42 --> Error: Call to undefined method App\Controllers\MQTTController::respond()
in APPPATH\Controllers\MQTTController.php on line 89.
 1 SYSTEMPATH\CodeIgniter.php(943): App\Controllers\MQTTController->POSTevtAluno()
 2 SYSTEMPATH\CodeIgniter.php(503): CodeIgniter\CodeIgniter->runController(Object(App\Controllers\MQTTController))
 3 SYSTEMPATH\CodeIgniter.php(361): CodeIgniter\CodeIgniter->handleRequest(null, Object(Config\Cache), false)
 4 FCPATH\index.php(79): CodeIgniter\CodeIgniter->run()
CRITICAL - 2024-06-20 14:31:43 --> Error: Call to undefined method App\Controllers\MQTTController::respond()
in APPPATH\Controllers\MQTTController.php on line 89.
 1 SYSTEMPATH\CodeIgniter.php(943): App\Controllers\MQTTController->POSTevtAluno()
 2 SYSTEMPATH\CodeIgniter.php(503): CodeIgniter\CodeIgniter->runController(Object(App\Controllers\MQTTController))
 3 SYSTEMPATH\CodeIgniter.php(361): CodeIgniter\CodeIgniter->handleRequest(null, Object(Config\Cache), false)
 4 FCPATH\index.php(79): CodeIgniter\CodeIgniter->run()
CRITICAL - 2024-06-20 14:31:43 --> Error: Call to undefined method App\Controllers\MQTTController::respond()
in APPPATH\Controllers\MQTTController.php on line 89.
 1 SYSTEMPATH\CodeIgniter.php(943): App\Controllers\MQTTController->POSTevtAluno()
 2 SYSTEMPATH\CodeIgniter.php(503): CodeIgniter\CodeIgniter->runController(Object(App\Controllers\MQTTController))
 3 SYSTEMPATH\CodeIgniter.php(361): CodeIgniter\CodeIgniter->handleRequest(null, Object(Config\Cache), false)
 4 FCPATH\index.php(79): CodeIgniter\CodeIgniter->run()
CRITICAL - 2024-06-20 14:31:44 --> Error: Call to undefined method App\Controllers\MQTTController::respond()
in APPPATH\Controllers\MQTTController.php on line 89.
 1 SYSTEMPATH\CodeIgniter.php(943): App\Controllers\MQTTController->POSTevtAluno()
 2 SYSTEMPATH\CodeIgniter.php(503): CodeIgniter\CodeIgniter->runController(Object(App\Controllers\MQTTController))
 3 SYSTEMPATH\CodeIgniter.php(361): CodeIgniter\CodeIgniter->handleRequest(null, Object(Config\Cache), false)
 4 FCPATH\index.php(79): CodeIgniter\CodeIgniter->run()
CRITICAL - 2024-06-20 14:31:45 --> Error: Call to undefined method App\Controllers\MQTTController::respond()
in APPPATH\Controllers\MQTTController.php on line 89.
 1 SYSTEMPATH\CodeIgniter.php(943): App\Controllers\MQTTController->POSTevtAluno()
 2 SYSTEMPATH\CodeIgniter.php(503): CodeIgniter\CodeIgniter->runController(Object(App\Controllers\MQTTController))
 3 SYSTEMPATH\CodeIgniter.php(361): CodeIgniter\CodeIgniter->handleRequest(null, Object(Config\Cache), false)
 4 FCPATH\index.php(79): CodeIgniter\CodeIgniter->run()
CRITICAL - 2024-06-20 14:31:46 --> Error: Call to undefined method App\Controllers\MQTTController::respond()
in APPPATH\Controllers\MQTTController.php on line 89.
 1 SYSTEMPATH\CodeIgniter.php(943): App\Controllers\MQTTController->POSTevtAluno()
 2 SYSTEMPATH\CodeIgniter.php(503): CodeIgniter\CodeIgniter->runController(Object(App\Controllers\MQTTController))
 3 SYSTEMPATH\CodeIgniter.php(361): CodeIgniter\CodeIgniter->handleRequest(null, Object(Config\Cache), false)
 4 FCPATH\index.php(79): CodeIgniter\CodeIgniter->run()
CRITICAL - 2024-06-20 14:31:47 --> Error: Call to undefined method App\Controllers\MQTTController::respond()
in APPPATH\Controllers\MQTTController.php on line 89.
 1 SYSTEMPATH\CodeIgniter.php(943): App\Controllers\MQTTController->POSTevtAluno()
 2 SYSTEMPATH\CodeIgniter.php(503): CodeIgniter\CodeIgniter->runController(Object(App\Controllers\MQTTController))
 3 SYSTEMPATH\CodeIgniter.php(361): CodeIgniter\CodeIgniter->handleRequest(null, Object(Config\Cache), false)
 4 FCPATH\index.php(79): CodeIgniter\CodeIgniter->run()
CRITICAL - 2024-06-20 14:31:51 --> Error: Call to undefined method App\Controllers\MQTTController::respond()
in APPPATH\Controllers\MQTTController.php on line 89.
 1 SYSTEMPATH\CodeIgniter.php(943): App\Controllers\MQTTController->POSTevtAluno()
 2 SYSTEMPATH\CodeIgniter.php(503): CodeIgniter\CodeIgniter->runController(Object(App\Controllers\MQTTController))
 3 SYSTEMPATH\CodeIgniter.php(361): CodeIgniter\CodeIgniter->handleRequest(null, Object(Config\Cache), false)
 4 FCPATH\index.php(79): CodeIgniter\CodeIgniter->run()
CRITICAL - 2024-06-20 14:31:52 --> Error: Call to undefined method App\Controllers\MQTTController::respond()
in APPPATH\Controllers\MQTTController.php on line 89.
 1 SYSTEMPATH\CodeIgniter.php(943): App\Controllers\MQTTController->POSTevtAluno()
 2 SYSTEMPATH\CodeIgniter.php(503): CodeIgniter\CodeIgniter->runController(Object(App\Controllers\MQTTController))
 3 SYSTEMPATH\CodeIgniter.php(361): CodeIgniter\CodeIgniter->handleRequest(null, Object(Config\Cache), false)
 4 FCPATH\index.php(79): CodeIgniter\CodeIgniter->run()
CRITICAL - 2024-06-20 14:31:53 --> Error: Call to undefined method App\Controllers\MQTTController::respond()
in APPPATH\Controllers\MQTTController.php on line 89.
 1 SYSTEMPATH\CodeIgniter.php(943): App\Controllers\MQTTController->POSTevtAluno()
 2 SYSTEMPATH\CodeIgniter.php(503): CodeIgniter\CodeIgniter->runController(Object(App\Controllers\MQTTController))
 3 SYSTEMPATH\CodeIgniter.php(361): CodeIgniter\CodeIgniter->handleRequest(null, Object(Config\Cache), false)
 4 FCPATH\index.php(79): CodeIgniter\CodeIgniter->run()
CRITICAL - 2024-06-20 14:31:54 --> Error: Call to undefined method App\Controllers\MQTTController::respond()
in APPPATH\Controllers\MQTTController.php on line 89.
 1 SYSTEMPATH\CodeIgniter.php(943): App\Controllers\MQTTController->POSTevtAluno()
 2 SYSTEMPATH\CodeIgniter.php(503): CodeIgniter\CodeIgniter->runController(Object(App\Controllers\MQTTController))
 3 SYSTEMPATH\CodeIgniter.php(361): CodeIgniter\CodeIgniter->handleRequest(null, Object(Config\Cache), false)
 4 FCPATH\index.php(79): CodeIgniter\CodeIgniter->run()
CRITICAL - 2024-06-20 14:31:56 --> Error: Call to undefined method App\Controllers\MQTTController::respond()
in APPPATH\Controllers\MQTTController.php on line 89.
 1 SYSTEMPATH\CodeIgniter.php(943): App\Controllers\MQTTController->POSTevtAluno()
 2 SYSTEMPATH\CodeIgniter.php(503): CodeIgniter\CodeIgniter->runController(Object(App\Controllers\MQTTController))
 3 SYSTEMPATH\CodeIgniter.php(361): CodeIgniter\CodeIgniter->handleRequest(null, Object(Config\Cache), false)
 4 FCPATH\index.php(79): CodeIgniter\CodeIgniter->run()
CRITICAL - 2024-06-20 14:31:57 --> Error: Call to undefined method App\Controllers\MQTTController::respond()
in APPPATH\Controllers\MQTTController.php on line 89.
 1 SYSTEMPATH\CodeIgniter.php(943): App\Controllers\MQTTController->POSTevtAluno()
 2 SYSTEMPATH\CodeIgniter.php(503): CodeIgniter\CodeIgniter->runController(Object(App\Controllers\MQTTController))
 3 SYSTEMPATH\CodeIgniter.php(361): CodeIgniter\CodeIgniter->handleRequest(null, Object(Config\Cache), false)
 4 FCPATH\index.php(79): CodeIgniter\CodeIgniter->run()
CRITICAL - 2024-06-20 14:31:58 --> Error: Call to undefined method App\Controllers\MQTTController::respond()
in APPPATH\Controllers\MQTTController.php on line 89.
 1 SYSTEMPATH\CodeIgniter.php(943): App\Controllers\MQTTController->POSTevtAluno()
 2 SYSTEMPATH\CodeIgniter.php(503): CodeIgniter\CodeIgniter->runController(Object(App\Controllers\MQTTController))
 3 SYSTEMPATH\CodeIgniter.php(361): CodeIgniter\CodeIgniter->handleRequest(null, Object(Config\Cache), false)
 4 FCPATH\index.php(79): CodeIgniter\CodeIgniter->run()
CRITICAL - 2024-06-20 14:31:58 --> Error: Call to undefined method App\Controllers\MQTTController::respond()
in APPPATH\Controllers\MQTTController.php on line 89.
 1 SYSTEMPATH\CodeIgniter.php(943): App\Controllers\MQTTController->POSTevtAluno()
 2 SYSTEMPATH\CodeIgniter.php(503): CodeIgniter\CodeIgniter->runController(Object(App\Controllers\MQTTController))
 3 SYSTEMPATH\CodeIgniter.php(361): CodeIgniter\CodeIgniter->handleRequest(null, Object(Config\Cache), false)
 4 FCPATH\index.php(79): CodeIgniter\CodeIgniter->run()
CRITICAL - 2024-06-20 14:31:59 --> Error: Call to undefined method App\Controllers\MQTTController::respond()
in APPPATH\Controllers\MQTTController.php on line 89.
 1 SYSTEMPATH\CodeIgniter.php(943): App\Controllers\MQTTController->POSTevtAluno()
 2 SYSTEMPATH\CodeIgniter.php(503): CodeIgniter\CodeIgniter->runController(Object(App\Controllers\MQTTController))
 3 SYSTEMPATH\CodeIgniter.php(361): CodeIgniter\CodeIgniter->handleRequest(null, Object(Config\Cache), false)
 4 FCPATH\index.php(79): CodeIgniter\CodeIgniter->run()
CRITICAL - 2024-06-20 14:44:27 --> Error: Call to undefined method App\Controllers\MQTTController::respond()
in APPPATH\Controllers\MQTTController.php on line 89.
 1 SYSTEMPATH\CodeIgniter.php(943): App\Controllers\MQTTController->POSTevtAluno()
 2 SYSTEMPATH\CodeIgniter.php(503): CodeIgniter\CodeIgniter->runController(Object(App\Controllers\MQTTController))
 3 SYSTEMPATH\CodeIgniter.php(361): CodeIgniter\CodeIgniter->handleRequest(null, Object(Config\Cache), false)
 4 FCPATH\index.php(79): CodeIgniter\CodeIgniter->run()
CRITICAL - 2024-06-20 14:44:27 --> Error: Call to undefined method App\Controllers\MQTTController::respond()
in APPPATH\Controllers\MQTTController.php on line 89.
 1 SYSTEMPATH\CodeIgniter.php(943): App\Controllers\MQTTController->POSTevtAluno()
 2 SYSTEMPATH\CodeIgniter.php(503): CodeIgniter\CodeIgniter->runController(Object(App\Controllers\MQTTController))
 3 SYSTEMPATH\CodeIgniter.php(361): CodeIgniter\CodeIgniter->handleRequest(null, Object(Config\Cache), false)
 4 FCPATH\index.php(79): CodeIgniter\CodeIgniter->run()
CRITICAL - 2024-06-20 14:44:27 --> Error: Call to undefined method App\Controllers\MQTTController::respond()
in APPPATH\Controllers\MQTTController.php on line 89.
 1 SYSTEMPATH\CodeIgniter.php(943): App\Controllers\MQTTController->POSTevtAluno()
 2 SYSTEMPATH\CodeIgniter.php(503): CodeIgniter\CodeIgniter->runController(Object(App\Controllers\MQTTController))
 3 SYSTEMPATH\CodeIgniter.php(361): CodeIgniter\CodeIgniter->handleRequest(null, Object(Config\Cache), false)
 4 FCPATH\index.php(79): CodeIgniter\CodeIgniter->run()
CRITICAL - 2024-06-20 14:44:27 --> Error: Call to undefined method App\Controllers\MQTTController::respond()
in APPPATH\Controllers\MQTTController.php on line 89.
 1 SYSTEMPATH\CodeIgniter.php(943): App\Controllers\MQTTController->POSTevtAluno()
 2 SYSTEMPATH\CodeIgniter.php(503): CodeIgniter\CodeIgniter->runController(Object(App\Controllers\MQTTController))
 3 SYSTEMPATH\CodeIgniter.php(361): CodeIgniter\CodeIgniter->handleRequest(null, Object(Config\Cache), false)
 4 FCPATH\index.php(79): CodeIgniter\CodeIgniter->run()
CRITICAL - 2024-06-20 14:44:27 --> Error: Call to undefined method App\Controllers\MQTTController::respond()
in APPPATH\Controllers\MQTTController.php on line 89.
 1 SYSTEMPATH\CodeIgniter.php(943): App\Controllers\MQTTController->POSTevtAluno()
 2 SYSTEMPATH\CodeIgniter.php(503): CodeIgniter\CodeIgniter->runController(Object(App\Controllers\MQTTController))
 3 SYSTEMPATH\CodeIgniter.php(361): CodeIgniter\CodeIgniter->handleRequest(null, Object(Config\Cache), false)
 4 FCPATH\index.php(79): CodeIgniter\CodeIgniter->run()
CRITICAL - 2024-06-20 14:44:27 --> Error: Call to undefined method App\Controllers\MQTTController::respond()
in APPPATH\Controllers\MQTTController.php on line 89.
 1 SYSTEMPATH\CodeIgniter.php(943): App\Controllers\MQTTController->POSTevtAluno()
 2 SYSTEMPATH\CodeIgniter.php(503): CodeIgniter\CodeIgniter->runController(Object(App\Controllers\MQTTController))
 3 SYSTEMPATH\CodeIgniter.php(361): CodeIgniter\CodeIgniter->handleRequest(null, Object(Config\Cache), false)
 4 FCPATH\index.php(79): CodeIgniter\CodeIgniter->run()
CRITICAL - 2024-06-20 14:44:28 --> Error: Call to undefined method App\Controllers\MQTTController::respond()
in APPPATH\Controllers\MQTTController.php on line 89.
 1 SYSTEMPATH\CodeIgniter.php(943): App\Controllers\MQTTController->POSTevtAluno()
 2 SYSTEMPATH\CodeIgniter.php(503): CodeIgniter\CodeIgniter->runController(Object(App\Controllers\MQTTController))
 3 SYSTEMPATH\CodeIgniter.php(361): CodeIgniter\CodeIgniter->handleRequest(null, Object(Config\Cache), false)
 4 FCPATH\index.php(79): CodeIgniter\CodeIgniter->run()
CRITICAL - 2024-06-20 14:44:28 --> Error: Call to undefined method App\Controllers\MQTTController::respond()
in APPPATH\Controllers\MQTTController.php on line 89.
 1 SYSTEMPATH\CodeIgniter.php(943): App\Controllers\MQTTController->POSTevtAluno()
 2 SYSTEMPATH\CodeIgniter.php(503): CodeIgniter\CodeIgniter->runController(Object(App\Controllers\MQTTController))
 3 SYSTEMPATH\CodeIgniter.php(361): CodeIgniter\CodeIgniter->handleRequest(null, Object(Config\Cache), false)
 4 FCPATH\index.php(79): CodeIgniter\CodeIgniter->run()
CRITICAL - 2024-06-20 14:47:04 --> Error: Call to undefined method App\Controllers\MQTTController::respond()
in APPPATH\Controllers\MQTTController.php on line 89.
 1 SYSTEMPATH\CodeIgniter.php(943): App\Controllers\MQTTController->POSTevtAluno()
 2 SYSTEMPATH\CodeIgniter.php(503): CodeIgniter\CodeIgniter->runController(Object(App\Controllers\MQTTController))
 3 SYSTEMPATH\CodeIgniter.php(361): CodeIgniter\CodeIgniter->handleRequest(null, Object(Config\Cache), false)
 4 FCPATH\index.php(79): CodeIgniter\CodeIgniter->run()
CRITICAL - 2024-06-20 14:47:08 --> Error: Call to undefined method App\Controllers\MQTTController::respond()
in APPPATH\Controllers\MQTTController.php on line 89.
 1 SYSTEMPATH\CodeIgniter.php(943): App\Controllers\MQTTController->POSTevtAluno()
 2 SYSTEMPATH\CodeIgniter.php(503): CodeIgniter\CodeIgniter->runController(Object(App\Controllers\MQTTController))
 3 SYSTEMPATH\CodeIgniter.php(361): CodeIgniter\CodeIgniter->handleRequest(null, Object(Config\Cache), false)
 4 FCPATH\index.php(79): CodeIgniter\CodeIgniter->run()
CRITICAL - 2024-06-20 14:47:10 --> Error: Call to undefined method App\Controllers\MQTTController::respond()
in APPPATH\Controllers\MQTTController.php on line 89.
 1 SYSTEMPATH\CodeIgniter.php(943): App\Controllers\MQTTController->POSTevtAluno()
 2 SYSTEMPATH\CodeIgniter.php(503): CodeIgniter\CodeIgniter->runController(Object(App\Controllers\MQTTController))
 3 SYSTEMPATH\CodeIgniter.php(361): CodeIgniter\CodeIgniter->handleRequest(null, Object(Config\Cache), false)
 4 FCPATH\index.php(79): CodeIgniter\CodeIgniter->run()
CRITICAL - 2024-06-20 14:47:11 --> Error: Call to undefined method App\Controllers\MQTTController::respond()
in APPPATH\Controllers\MQTTController.php on line 89.
 1 SYSTEMPATH\CodeIgniter.php(943): App\Controllers\MQTTController->POSTevtAluno()
 2 SYSTEMPATH\CodeIgniter.php(503): CodeIgniter\CodeIgniter->runController(Object(App\Controllers\MQTTController))
 3 SYSTEMPATH\CodeIgniter.php(361): CodeIgniter\CodeIgniter->handleRequest(null, Object(Config\Cache), false)
 4 FCPATH\index.php(79): CodeIgniter\CodeIgniter->run()
CRITICAL - 2024-06-20 14:47:12 --> Error: Call to undefined method App\Controllers\MQTTController::respond()
in APPPATH\Controllers\MQTTController.php on line 89.
 1 SYSTEMPATH\CodeIgniter.php(943): App\Controllers\MQTTController->POSTevtAluno()
 2 SYSTEMPATH\CodeIgniter.php(503): CodeIgniter\CodeIgniter->runController(Object(App\Controllers\MQTTController))
 3 SYSTEMPATH\CodeIgniter.php(361): CodeIgniter\CodeIgniter->handleRequest(null, Object(Config\Cache), false)
 4 FCPATH\index.php(79): CodeIgniter\CodeIgniter->run()
CRITICAL - 2024-06-20 14:47:13 --> Error: Call to undefined method App\Controllers\MQTTController::respond()
in APPPATH\Controllers\MQTTController.php on line 89.
 1 SYSTEMPATH\CodeIgniter.php(943): App\Controllers\MQTTController->POSTevtAluno()
 2 SYSTEMPATH\CodeIgniter.php(503): CodeIgniter\CodeIgniter->runController(Object(App\Controllers\MQTTController))
 3 SYSTEMPATH\CodeIgniter.php(361): CodeIgniter\CodeIgniter->handleRequest(null, Object(Config\Cache), false)
 4 FCPATH\index.php(79): CodeIgniter\CodeIgniter->run()
CRITICAL - 2024-06-20 14:47:14 --> Error: Call to undefined method App\Controllers\MQTTController::respond()
in APPPATH\Controllers\MQTTController.php on line 89.
 1 SYSTEMPATH\CodeIgniter.php(943): App\Controllers\MQTTController->POSTevtAluno()
 2 SYSTEMPATH\CodeIgniter.php(503): CodeIgniter\CodeIgniter->runController(Object(App\Controllers\MQTTController))
 3 SYSTEMPATH\CodeIgniter.php(361): CodeIgniter\CodeIgniter->handleRequest(null, Object(Config\Cache), false)
 4 FCPATH\index.php(79): CodeIgniter\CodeIgniter->run()
CRITICAL - 2024-06-20 14:47:14 --> Error: Call to undefined method App\Controllers\MQTTController::respond()
in APPPATH\Controllers\MQTTController.php on line 89.
 1 SYSTEMPATH\CodeIgniter.php(943): App\Controllers\MQTTController->POSTevtAluno()
 2 SYSTEMPATH\CodeIgniter.php(503): CodeIgniter\CodeIgniter->runController(Object(App\Controllers\MQTTController))
 3 SYSTEMPATH\CodeIgniter.php(361): CodeIgniter\CodeIgniter->handleRequest(null, Object(Config\Cache), false)
 4 FCPATH\index.php(79): CodeIgniter\CodeIgniter->run()
CRITICAL - 2024-06-20 14:47:15 --> Error: Call to undefined method App\Controllers\MQTTController::respond()
in APPPATH\Controllers\MQTTController.php on line 89.
 1 SYSTEMPATH\CodeIgniter.php(943): App\Controllers\MQTTController->POSTevtAluno()
 2 SYSTEMPATH\CodeIgniter.php(503): CodeIgniter\CodeIgniter->runController(Object(App\Controllers\MQTTController))
 3 SYSTEMPATH\CodeIgniter.php(361): CodeIgniter\CodeIgniter->handleRequest(null, Object(Config\Cache), false)
 4 FCPATH\index.php(79): CodeIgniter\CodeIgniter->run()
CRITICAL - 2024-06-20 14:47:16 --> Error: Call to undefined method App\Controllers\MQTTController::respond()
in APPPATH\Controllers\MQTTController.php on line 89.
 1 SYSTEMPATH\CodeIgniter.php(943): App\Controllers\MQTTController->POSTevtAluno()
 2 SYSTEMPATH\CodeIgniter.php(503): CodeIgniter\CodeIgniter->runController(Object(App\Controllers\MQTTController))
 3 SYSTEMPATH\CodeIgniter.php(361): CodeIgniter\CodeIgniter->handleRequest(null, Object(Config\Cache), false)
 4 FCPATH\index.php(79): CodeIgniter\CodeIgniter->run()
CRITICAL - 2024-06-20 14:47:16 --> Error: Call to undefined method App\Controllers\MQTTController::respond()
in APPPATH\Controllers\MQTTController.php on line 89.
 1 SYSTEMPATH\CodeIgniter.php(943): App\Controllers\MQTTController->POSTevtAluno()
 2 SYSTEMPATH\CodeIgniter.php(503): CodeIgniter\CodeIgniter->runController(Object(App\Controllers\MQTTController))
 3 SYSTEMPATH\CodeIgniter.php(361): CodeIgniter\CodeIgniter->handleRequest(null, Object(Config\Cache), false)
 4 FCPATH\index.php(79): CodeIgniter\CodeIgniter->run()
CRITICAL - 2024-06-20 14:47:17 --> Error: Call to undefined method App\Controllers\MQTTController::respond()
in APPPATH\Controllers\MQTTController.php on line 89.
 1 SYSTEMPATH\CodeIgniter.php(943): App\Controllers\MQTTController->POSTevtAluno()
 2 SYSTEMPATH\CodeIgniter.php(503): CodeIgniter\CodeIgniter->runController(Object(App\Controllers\MQTTController))
 3 SYSTEMPATH\CodeIgniter.php(361): CodeIgniter\CodeIgniter->handleRequest(null, Object(Config\Cache), false)
 4 FCPATH\index.php(79): CodeIgniter\CodeIgniter->run()
CRITICAL - 2024-06-20 14:47:17 --> Error: Call to undefined method App\Controllers\MQTTController::respond()
in APPPATH\Controllers\MQTTController.php on line 89.
 1 SYSTEMPATH\CodeIgniter.php(943): App\Controllers\MQTTController->POSTevtAluno()
 2 SYSTEMPATH\CodeIgniter.php(503): CodeIgniter\CodeIgniter->runController(Object(App\Controllers\MQTTController))
 3 SYSTEMPATH\CodeIgniter.php(361): CodeIgniter\CodeIgniter->handleRequest(null, Object(Config\Cache), false)
 4 FCPATH\index.php(79): CodeIgniter\CodeIgniter->run()
CRITICAL - 2024-06-20 14:47:19 --> Error: Call to undefined method App\Controllers\MQTTController::respond()
in APPPATH\Controllers\MQTTController.php on line 89.
 1 SYSTEMPATH\CodeIgniter.php(943): App\Controllers\MQTTController->POSTevtAluno()
 2 SYSTEMPATH\CodeIgniter.php(503): CodeIgniter\CodeIgniter->runController(Object(App\Controllers\MQTTController))
 3 SYSTEMPATH\CodeIgniter.php(361): CodeIgniter\CodeIgniter->handleRequest(null, Object(Config\Cache), false)
 4 FCPATH\index.php(79): CodeIgniter\CodeIgniter->run()
CRITICAL - 2024-06-20 14:47:20 --> Error: Call to undefined method App\Controllers\MQTTController::respond()
in APPPATH\Controllers\MQTTController.php on line 89.
 1 SYSTEMPATH\CodeIgniter.php(943): App\Controllers\MQTTController->POSTevtAluno()
 2 SYSTEMPATH\CodeIgniter.php(503): CodeIgniter\CodeIgniter->runController(Object(App\Controllers\MQTTController))
 3 SYSTEMPATH\CodeIgniter.php(361): CodeIgniter\CodeIgniter->handleRequest(null, Object(Config\Cache), false)
 4 FCPATH\index.php(79): CodeIgniter\CodeIgniter->run()
CRITICAL - 2024-06-20 14:47:25 --> Error: Call to undefined method App\Controllers\MQTTController::respond()
in APPPATH\Controllers\MQTTController.php on line 89.
 1 SYSTEMPATH\CodeIgniter.php(943): App\Controllers\MQTTController->POSTevtAluno()
 2 SYSTEMPATH\CodeIgniter.php(503): CodeIgniter\CodeIgniter->runController(Object(App\Controllers\MQTTController))
 3 SYSTEMPATH\CodeIgniter.php(361): CodeIgniter\CodeIgniter->handleRequest(null, Object(Config\Cache), false)
 4 FCPATH\index.php(79): CodeIgniter\CodeIgniter->run()
CRITICAL - 2024-06-20 17:33:56 --> Error: Call to undefined method App\Controllers\MQTTController::respond()
in APPPATH\Controllers\MQTTController.php on line 89.
 1 SYSTEMPATH\CodeIgniter.php(943): App\Controllers\MQTTController->POSTevtAluno()
 2 SYSTEMPATH\CodeIgniter.php(503): CodeIgniter\CodeIgniter->runController(Object(App\Controllers\MQTTController))
 3 SYSTEMPATH\CodeIgniter.php(361): CodeIgniter\CodeIgniter->handleRequest(null, Object(Config\Cache), false)
 4 FCPATH\index.php(79): CodeIgniter\CodeIgniter->run()
